Calling target program-options parser
[14:15:41.599] [bmv2] [D] [thread 2166] Set default default entry for table 'MyIngress.ipv4_lpm': MyIngress.drop - 
[14:15:41.599] [bmv2] [D] [thread 2166] Set default default entry for table 'MyEgress.ip_forward': NoAction - 
Adding interface s4-eth1 as port 1
[14:15:41.600] [bmv2] [D] [thread 2166] Adding interface s4-eth1 as port 1
Adding interface s4-eth2 as port 2
[14:15:41.678] [bmv2] [D] [thread 2166] Adding interface s4-eth2 as port 2
Adding interface s4-eth3 as port 3
[14:15:41.703] [bmv2] [D] [thread 2166] Adding interface s4-eth3 as port 3
I1211 14:15:41.731302223    2166 server_builder.cc:247]      Synchronous server. Num CQs: 1, Min pollers: 1, Max Pollers: 2147483647, CQ timeout (msec): 1000
Server listening on 0.0.0.0:50054
[14:15:41.739] [bmv2] [I] [thread 2166] Starting Thrift server on port 9093
[14:15:41.740] [bmv2] [I] [thread 2166] Thrift server was started
[14:15:41.803] [bmv2] [D] [thread 2173] [0.0] [cxt 0] Processing packet received on port 1
[14:15:41.804] [bmv2] [D] [thread 2173] [0.0] [cxt 0] Parser 'parser': start
[14:15:41.804] [bmv2] [D] [thread 2173] [0.0] [cxt 0] Parser 'parser' entering state 'start'
[14:15:41.804] [bmv2] [D] [thread 2173] [0.0] [cxt 0] Extracting header 'ethernet'
[14:15:41.805] [bmv2] [D] [thread 2173] [0.0] [cxt 0] Parser state 'start': key is 86dd
[14:15:41.805] [bmv2] [T] [thread 2173] [0.0] [cxt 0] Bytes parsed: 14
[14:15:41.805] [bmv2] [D] [thread 2173] [0.0] [cxt 0] Parser 'parser': end
[14:15:41.805] [bmv2] [D] [thread 2173] [0.0] [cxt 0] Pipeline 'ingress': start
[14:15:41.806] [bmv2] [T] [thread 2173] [0.0] [cxt 0] streaming.p4(121) Condition "hdr.ipv4.isValid()" (node_2) is false
[14:15:41.806] [bmv2] [D] [thread 2173] [0.0] [cxt 0] Pipeline 'ingress': end
[14:15:41.806] [bmv2] [D] [thread 2173] [0.0] [cxt 0] Egress port is 0
[14:15:41.806] [bmv2] [D] [thread 2174] [0.0] [cxt 0] Pipeline 'egress': start
[14:15:41.807] [bmv2] [T] [thread 2174] [0.0] [cxt 0] streaming.p4(152) Condition "hdr.ipv4.isValid()" (node_6) is false
[14:15:41.807] [bmv2] [D] [thread 2174] [0.0] [cxt 0] Pipeline 'egress': end
[14:15:41.807] [bmv2] [D] [thread 2174] [0.0] [cxt 0] Deparser 'deparser': start
[14:15:41.808] [bmv2] [T] [thread 2174] [0.0] [cxt 0] Skipping checksum 'cksum' update because condition not met
[14:15:41.808] [bmv2] [D] [thread 2174] [0.0] [cxt 0] Deparsing header 'ethernet'
[14:15:41.808] [bmv2] [D] [thread 2174] [0.0] [cxt 0] Deparser 'deparser': end
[14:15:41.808] [bmv2] [D] [thread 2178] [0.0] [cxt 0] Transmitting packet of size 90 out of port 0
[14:15:41.875] [bmv2] [D] [thread 2173] [1.0] [cxt 0] Processing packet received on port 1
[14:15:41.876] [bmv2] [D] [thread 2173] [1.0] [cxt 0] Parser 'parser': start
[14:15:41.879] [bmv2] [D] [thread 2173] [1.0] [cxt 0] Parser 'parser' entering state 'start'
[14:15:41.879] [bmv2] [D] [thread 2173] [1.0] [cxt 0] Extracting header 'ethernet'
[14:15:41.880] [bmv2] [D] [thread 2173] [1.0] [cxt 0] Parser state 'start': key is 86dd
[14:15:41.881] [bmv2] [T] [thread 2173] [1.0] [cxt 0] Bytes parsed: 14
[14:15:41.881] [bmv2] [D] [thread 2173] [1.0] [cxt 0] Parser 'parser': end
[14:15:41.881] [bmv2] [D] [thread 2173] [1.0] [cxt 0] Pipeline 'ingress': start
[14:15:41.882] [bmv2] [T] [thread 2173] [1.0] [cxt 0] streaming.p4(121) Condition "hdr.ipv4.isValid()" (node_2) is false
[14:15:41.882] [bmv2] [D] [thread 2173] [1.0] [cxt 0] Pipeline 'ingress': end
[14:15:41.883] [bmv2] [D] [thread 2173] [1.0] [cxt 0] Egress port is 0
[14:15:41.884] [bmv2] [D] [thread 2174] [1.0] [cxt 0] Pipeline 'egress': start
[14:15:41.885] [bmv2] [T] [thread 2174] [1.0] [cxt 0] streaming.p4(152) Condition "hdr.ipv4.isValid()" (node_6) is false
[14:15:41.885] [bmv2] [D] [thread 2174] [1.0] [cxt 0] Pipeline 'egress': end
[14:15:41.886] [bmv2] [D] [thread 2174] [1.0] [cxt 0] Deparser 'deparser': start
[14:15:41.890] [bmv2] [T] [thread 2174] [1.0] [cxt 0] Skipping checksum 'cksum' update because condition not met
[14:15:41.892] [bmv2] [D] [thread 2174] [1.0] [cxt 0] Deparsing header 'ethernet'
[14:15:41.893] [bmv2] [D] [thread 2174] [1.0] [cxt 0] Deparser 'deparser': end
[14:15:41.894] [bmv2] [D] [thread 2178] [1.0] [cxt 0] Transmitting packet of size 90 out of port 0
[14:15:44.910] [bmv2] [D] [thread 2173] [2.0] [cxt 0] Processing packet received on port 1
[14:15:44.910] [bmv2] [D] [thread 2173] [2.0] [cxt 0] Parser 'parser': start
[14:15:44.910] [bmv2] [D] [thread 2173] [2.0] [cxt 0] Parser 'parser' entering state 'start'
[14:15:44.910] [bmv2] [D] [thread 2173] [2.0] [cxt 0] Extracting header 'ethernet'
[14:15:44.910] [bmv2] [D] [thread 2173] [2.0] [cxt 0] Parser state 'start': key is 86dd
[14:15:44.910] [bmv2] [T] [thread 2173] [2.0] [cxt 0] Bytes parsed: 14
[14:15:44.910] [bmv2] [D] [thread 2173] [2.0] [cxt 0] Parser 'parser': end
[14:15:44.910] [bmv2] [D] [thread 2173] [2.0] [cxt 0] Pipeline 'ingress': start
[14:15:44.911] [bmv2] [T] [thread 2173] [2.0] [cxt 0] streaming.p4(121) Condition "hdr.ipv4.isValid()" (node_2) is false
[14:15:44.911] [bmv2] [D] [thread 2173] [2.0] [cxt 0] Pipeline 'ingress': end
[14:15:44.911] [bmv2] [D] [thread 2173] [2.0] [cxt 0] Egress port is 0
[14:15:44.911] [bmv2] [D] [thread 2174] [2.0] [cxt 0] Pipeline 'egress': start
[14:15:44.911] [bmv2] [T] [thread 2174] [2.0] [cxt 0] streaming.p4(152) Condition "hdr.ipv4.isValid()" (node_6) is false
[14:15:44.911] [bmv2] [D] [thread 2174] [2.0] [cxt 0] Pipeline 'egress': end
[14:15:44.911] [bmv2] [D] [thread 2174] [2.0] [cxt 0] Deparser 'deparser': start
[14:15:44.913] [bmv2] [T] [thread 2174] [2.0] [cxt 0] Skipping checksum 'cksum' update because condition not met
[14:15:44.915] [bmv2] [D] [thread 2174] [2.0] [cxt 0] Deparsing header 'ethernet'
[14:15:44.915] [bmv2] [D] [thread 2174] [2.0] [cxt 0] Deparser 'deparser': end
[14:15:44.915] [bmv2] [D] [thread 2178] [2.0] [cxt 0] Transmitting packet of size 70 out of port 0
[14:15:44.926] [bmv2] [D] [thread 2173] [3.0] [cxt 0] Processing packet received on port 3
[14:15:44.926] [bmv2] [D] [thread 2173] [3.0] [cxt 0] Parser 'parser': start
[14:15:44.926] [bmv2] [D] [thread 2173] [3.0] [cxt 0] Parser 'parser' entering state 'start'
[14:15:44.926] [bmv2] [D] [thread 2173] [3.0] [cxt 0] Extracting header 'ethernet'
[14:15:44.926] [bmv2] [D] [thread 2173] [3.0] [cxt 0] Parser state 'start': key is 86dd
[14:15:44.927] [bmv2] [T] [thread 2173] [3.0] [cxt 0] Bytes parsed: 14
[14:15:44.927] [bmv2] [D] [thread 2173] [3.0] [cxt 0] Parser 'parser': end
[14:15:44.927] [bmv2] [D] [thread 2173] [3.0] [cxt 0] Pipeline 'ingress': start
[14:15:44.927] [bmv2] [T] [thread 2173] [3.0] [cxt 0] streaming.p4(121) Condition "hdr.ipv4.isValid()" (node_2) is false
[14:15:44.927] [bmv2] [D] [thread 2173] [3.0] [cxt 0] Pipeline 'ingress': end
[14:15:44.928] [bmv2] [D] [thread 2173] [3.0] [cxt 0] Egress port is 0
[14:15:44.928] [bmv2] [D] [thread 2173] [4.0] [cxt 0] Processing packet received on port 3
[14:15:44.928] [bmv2] [D] [thread 2173] [4.0] [cxt 0] Parser 'parser': start
[14:15:44.928] [bmv2] [D] [thread 2173] [4.0] [cxt 0] Parser 'parser' entering state 'start'
[14:15:44.928] [bmv2] [D] [thread 2173] [4.0] [cxt 0] Extracting header 'ethernet'
[14:15:44.928] [bmv2] [D] [thread 2173] [4.0] [cxt 0] Parser state 'start': key is 86dd
[14:15:44.928] [bmv2] [T] [thread 2173] [4.0] [cxt 0] Bytes parsed: 14
[14:15:44.928] [bmv2] [D] [thread 2173] [4.0] [cxt 0] Parser 'parser': end
[14:15:44.928] [bmv2] [D] [thread 2173] [4.0] [cxt 0] Pipeline 'ingress': start
[14:15:44.930] [bmv2] [T] [thread 2173] [4.0] [cxt 0] streaming.p4(121) Condition "hdr.ipv4.isValid()" (node_2) is false
[14:15:44.931] [bmv2] [D] [thread 2173] [4.0] [cxt 0] Pipeline 'ingress': end
[14:15:44.932] [bmv2] [D] [thread 2173] [4.0] [cxt 0] Egress port is 0
[14:15:44.928] [bmv2] [D] [thread 2174] [3.0] [cxt 0] Pipeline 'egress': start
[14:15:44.932] [bmv2] [T] [thread 2174] [3.0] [cxt 0] streaming.p4(152) Condition "hdr.ipv4.isValid()" (node_6) is false
[14:15:44.932] [bmv2] [D] [thread 2174] [3.0] [cxt 0] Pipeline 'egress': end
[14:15:44.932] [bmv2] [D] [thread 2174] [3.0] [cxt 0] Deparser 'deparser': start
[14:15:44.932] [bmv2] [T] [thread 2174] [3.0] [cxt 0] Skipping checksum 'cksum' update because condition not met
[14:15:44.932] [bmv2] [D] [thread 2174] [3.0] [cxt 0] Deparsing header 'ethernet'
[14:15:44.932] [bmv2] [D] [thread 2174] [3.0] [cxt 0] Deparser 'deparser': end
[14:15:44.932] [bmv2] [D] [thread 2174] [4.0] [cxt 0] Pipeline 'egress': start
[14:15:44.932] [bmv2] [T] [thread 2174] [4.0] [cxt 0] streaming.p4(152) Condition "hdr.ipv4.isValid()" (node_6) is false
[14:15:44.932] [bmv2] [D] [thread 2174] [4.0] [cxt 0] Pipeline 'egress': end
[14:15:44.932] [bmv2] [D] [thread 2174] [4.0] [cxt 0] Deparser 'deparser': start
[14:15:44.932] [bmv2] [T] [thread 2174] [4.0] [cxt 0] Skipping checksum 'cksum' update because condition not met
[14:15:44.932] [bmv2] [D] [thread 2174] [4.0] [cxt 0] Deparsing header 'ethernet'
[14:15:44.932] [bmv2] [D] [thread 2174] [4.0] [cxt 0] Deparser 'deparser': end
[14:15:44.932] [bmv2] [D] [thread 2178] [3.0] [cxt 0] Transmitting packet of size 70 out of port 0
[14:15:44.932] [bmv2] [D] [thread 2178] [4.0] [cxt 0] Transmitting packet of size 70 out of port 0
[14:15:44.943] [bmv2] [D] [thread 2173] [5.0] [cxt 0] Processing packet received on port 2
[14:15:44.944] [bmv2] [D] [thread 2173] [5.0] [cxt 0] Parser 'parser': start
[14:15:44.944] [bmv2] [D] [thread 2173] [5.0] [cxt 0] Parser 'parser' entering state 'start'
[14:15:44.944] [bmv2] [D] [thread 2173] [5.0] [cxt 0] Extracting header 'ethernet'
[14:15:44.944] [bmv2] [D] [thread 2173] [5.0] [cxt 0] Parser state 'start': key is 86dd
[14:15:44.944] [bmv2] [T] [thread 2173] [5.0] [cxt 0] Bytes parsed: 14
[14:15:44.944] [bmv2] [D] [thread 2173] [5.0] [cxt 0] Parser 'parser': end
[14:15:44.944] [bmv2] [D] [thread 2173] [5.0] [cxt 0] Pipeline 'ingress': start
[14:15:44.944] [bmv2] [T] [thread 2173] [5.0] [cxt 0] streaming.p4(121) Condition "hdr.ipv4.isValid()" (node_2) is false
[14:15:44.944] [bmv2] [D] [thread 2173] [5.0] [cxt 0] Pipeline 'ingress': end
[14:15:44.944] [bmv2] [D] [thread 2173] [5.0] [cxt 0] Egress port is 0
[14:15:44.944] [bmv2] [D] [thread 2174] [5.0] [cxt 0] Pipeline 'egress': start
[14:15:44.944] [bmv2] [T] [thread 2174] [5.0] [cxt 0] streaming.p4(152) Condition "hdr.ipv4.isValid()" (node_6) is false
[14:15:44.945] [bmv2] [D] [thread 2174] [5.0] [cxt 0] Pipeline 'egress': end
[14:15:44.945] [bmv2] [D] [thread 2174] [5.0] [cxt 0] Deparser 'deparser': start
[14:15:44.945] [bmv2] [T] [thread 2174] [5.0] [cxt 0] Skipping checksum 'cksum' update because condition not met
[14:15:44.945] [bmv2] [D] [thread 2174] [5.0] [cxt 0] Deparsing header 'ethernet'
[14:15:44.945] [bmv2] [D] [thread 2174] [5.0] [cxt 0] Deparser 'deparser': end
[14:15:44.945] [bmv2] [D] [thread 2178] [5.0] [cxt 0] Transmitting packet of size 70 out of port 0
[14:15:45.055] [bmv2] [D] [thread 2173] [6.0] [cxt 0] Processing packet received on port 1
[14:15:45.055] [bmv2] [D] [thread 2173] [6.0] [cxt 0] Parser 'parser': start
[14:15:45.055] [bmv2] [D] [thread 2173] [6.0] [cxt 0] Parser 'parser' entering state 'start'
[14:15:45.056] [bmv2] [D] [thread 2173] [6.0] [cxt 0] Extracting header 'ethernet'
[14:15:45.056] [bmv2] [D] [thread 2173] [6.0] [cxt 0] Parser state 'start': key is 86dd
[14:15:45.057] [bmv2] [T] [thread 2173] [6.0] [cxt 0] Bytes parsed: 14
[14:15:45.058] [bmv2] [D] [thread 2173] [6.0] [cxt 0] Parser 'parser': end
[14:15:45.059] [bmv2] [D] [thread 2173] [6.0] [cxt 0] Pipeline 'ingress': start
[14:15:45.059] [bmv2] [T] [thread 2173] [6.0] [cxt 0] streaming.p4(121) Condition "hdr.ipv4.isValid()" (node_2) is false
[14:15:45.059] [bmv2] [D] [thread 2173] [6.0] [cxt 0] Pipeline 'ingress': end
[14:15:45.060] [bmv2] [D] [thread 2173] [6.0] [cxt 0] Egress port is 0
[14:15:45.061] [bmv2] [D] [thread 2174] [6.0] [cxt 0] Pipeline 'egress': start
[14:15:45.061] [bmv2] [T] [thread 2174] [6.0] [cxt 0] streaming.p4(152) Condition "hdr.ipv4.isValid()" (node_6) is false
[14:15:45.061] [bmv2] [D] [thread 2174] [6.0] [cxt 0] Pipeline 'egress': end
[14:15:45.061] [bmv2] [D] [thread 2174] [6.0] [cxt 0] Deparser 'deparser': start
[14:15:45.061] [bmv2] [T] [thread 2174] [6.0] [cxt 0] Skipping checksum 'cksum' update because condition not met
[14:15:45.061] [bmv2] [D] [thread 2174] [6.0] [cxt 0] Deparsing header 'ethernet'
[14:15:45.061] [bmv2] [D] [thread 2174] [6.0] [cxt 0] Deparser 'deparser': end
[14:15:45.061] [bmv2] [D] [thread 2178] [6.0] [cxt 0] Transmitting packet of size 70 out of port 0
[14:15:45.116] [bmv2] [D] [thread 2173] [7.0] [cxt 0] Processing packet received on port 2
[14:15:45.117] [bmv2] [D] [thread 2173] [7.0] [cxt 0] Parser 'parser': start
[14:15:45.117] [bmv2] [D] [thread 2173] [7.0] [cxt 0] Parser 'parser' entering state 'start'
[14:15:45.117] [bmv2] [D] [thread 2173] [7.0] [cxt 0] Extracting header 'ethernet'
[14:15:45.117] [bmv2] [D] [thread 2173] [7.0] [cxt 0] Parser state 'start': key is 86dd
[14:15:45.117] [bmv2] [T] [thread 2173] [7.0] [cxt 0] Bytes parsed: 14
[14:15:45.117] [bmv2] [D] [thread 2173] [7.0] [cxt 0] Parser 'parser': end
[14:15:45.117] [bmv2] [D] [thread 2173] [7.0] [cxt 0] Pipeline 'ingress': start
[14:15:45.117] [bmv2] [T] [thread 2173] [7.0] [cxt 0] streaming.p4(121) Condition "hdr.ipv4.isValid()" (node_2) is false
[14:15:45.117] [bmv2] [D] [thread 2173] [7.0] [cxt 0] Pipeline 'ingress': end
[14:15:45.117] [bmv2] [D] [thread 2173] [7.0] [cxt 0] Egress port is 0
[14:15:45.118] [bmv2] [D] [thread 2174] [7.0] [cxt 0] Pipeline 'egress': start
[14:15:45.118] [bmv2] [T] [thread 2174] [7.0] [cxt 0] streaming.p4(152) Condition "hdr.ipv4.isValid()" (node_6) is false
[14:15:45.118] [bmv2] [D] [thread 2174] [7.0] [cxt 0] Pipeline 'egress': end
[14:15:45.118] [bmv2] [D] [thread 2174] [7.0] [cxt 0] Deparser 'deparser': start
[14:15:45.118] [bmv2] [T] [thread 2174] [7.0] [cxt 0] Skipping checksum 'cksum' update because condition not met
[14:15:45.118] [bmv2] [D] [thread 2174] [7.0] [cxt 0] Deparsing header 'ethernet'
[14:15:45.118] [bmv2] [D] [thread 2174] [7.0] [cxt 0] Deparser 'deparser': end
[14:15:45.118] [bmv2] [D] [thread 2178] [7.0] [cxt 0] Transmitting packet of size 70 out of port 0
New connection
P4Runtime SetForwardingPipelineConfig
[14:15:45.254] [bmv2] [W] [thread 2285] [P4Runtime] p4::tmp::P4DeviceConfig is deprecated
[14:15:45.256] [bmv2] [D] [thread 2285] Set default default entry for table 'MyIngress.ipv4_lpm': MyIngress.drop - 
[14:15:45.256] [bmv2] [D] [thread 2285] Set default default entry for table 'MyEgress.ip_forward': NoAction - 
Connection removed
[14:15:48.919] [bmv2] [D] [thread 2173] [8.0] [cxt 0] Processing packet received on port 1
[14:15:48.921] [bmv2] [D] [thread 2173] [8.0] [cxt 0] Parser 'parser': start
[14:15:48.921] [bmv2] [D] [thread 2173] [8.0] [cxt 0] Parser 'parser' entering state 'start'
[14:15:48.922] [bmv2] [D] [thread 2173] [8.0] [cxt 0] Extracting header 'ethernet'
[14:15:48.922] [bmv2] [D] [thread 2173] [8.0] [cxt 0] Parser state 'start': key is 86dd
[14:15:48.922] [bmv2] [T] [thread 2173] [8.0] [cxt 0] Bytes parsed: 14
[14:15:48.923] [bmv2] [D] [thread 2173] [8.0] [cxt 0] Parser 'parser': end
[14:15:48.925] [bmv2] [D] [thread 2173] [8.0] [cxt 0] Pipeline 'ingress': start
[14:15:48.925] [bmv2] [T] [thread 2173] [8.0] [cxt 0] streaming.p4(121) Condition "hdr.ipv4.isValid()" (node_2) is false
[14:15:48.927] [bmv2] [D] [thread 2173] [8.0] [cxt 0] Pipeline 'ingress': end
[14:15:48.934] [bmv2] [D] [thread 2173] [8.0] [cxt 0] Egress port is 0
[14:15:48.935] [bmv2] [D] [thread 2174] [8.0] [cxt 0] Pipeline 'egress': start
[14:15:48.936] [bmv2] [D] [thread 2173] [9.0] [cxt 0] Processing packet received on port 3
[14:15:48.937] [bmv2] [D] [thread 2173] [9.0] [cxt 0] Parser 'parser': start
[14:15:48.938] [bmv2] [D] [thread 2173] [9.0] [cxt 0] Parser 'parser' entering state 'start'
[14:15:48.938] [bmv2] [D] [thread 2173] [9.0] [cxt 0] Extracting header 'ethernet'
[14:15:48.939] [bmv2] [D] [thread 2173] [9.0] [cxt 0] Parser state 'start': key is 86dd
[14:15:48.939] [bmv2] [T] [thread 2173] [9.0] [cxt 0] Bytes parsed: 14
[14:15:48.939] [bmv2] [D] [thread 2173] [9.0] [cxt 0] Parser 'parser': end
[14:15:48.940] [bmv2] [D] [thread 2173] [9.0] [cxt 0] Pipeline 'ingress': start
[14:15:48.940] [bmv2] [T] [thread 2173] [9.0] [cxt 0] streaming.p4(121) Condition "hdr.ipv4.isValid()" (node_2) is false
[14:15:48.941] [bmv2] [D] [thread 2173] [9.0] [cxt 0] Pipeline 'ingress': end
[14:15:48.942] [bmv2] [D] [thread 2173] [9.0] [cxt 0] Egress port is 0
[14:15:48.944] [bmv2] [D] [thread 2173] [10.0] [cxt 0] Processing packet received on port 3
[14:15:48.936] [bmv2] [T] [thread 2174] [8.0] [cxt 0] streaming.p4(152) Condition "hdr.ipv4.isValid()" (node_6) is false
[14:15:48.952] [bmv2] [D] [thread 2173] [10.0] [cxt 0] Parser 'parser': start
[14:15:48.955] [bmv2] [D] [thread 2173] [10.0] [cxt 0] Parser 'parser' entering state 'start'
[14:15:48.956] [bmv2] [D] [thread 2173] [10.0] [cxt 0] Extracting header 'ethernet'
[14:15:48.957] [bmv2] [D] [thread 2173] [10.0] [cxt 0] Parser state 'start': key is 86dd
[14:15:48.957] [bmv2] [T] [thread 2173] [10.0] [cxt 0] Bytes parsed: 14
[14:15:48.957] [bmv2] [D] [thread 2173] [10.0] [cxt 0] Parser 'parser': end
[14:15:48.958] [bmv2] [D] [thread 2173] [10.0] [cxt 0] Pipeline 'ingress': start
[14:15:48.959] [bmv2] [T] [thread 2173] [10.0] [cxt 0] streaming.p4(121) Condition "hdr.ipv4.isValid()" (node_2) is false
[14:15:48.961] [bmv2] [D] [thread 2173] [10.0] [cxt 0] Pipeline 'ingress': end
[14:15:48.962] [bmv2] [D] [thread 2173] [10.0] [cxt 0] Egress port is 0
[14:15:48.953] [bmv2] [D] [thread 2174] [8.0] [cxt 0] Pipeline 'egress': end
[14:15:48.964] [bmv2] [D] [thread 2173] [11.0] [cxt 0] Processing packet received on port 2
[14:15:48.965] [bmv2] [D] [thread 2173] [11.0] [cxt 0] Parser 'parser': start
[14:15:48.966] [bmv2] [D] [thread 2173] [11.0] [cxt 0] Parser 'parser' entering state 'start'
[14:15:48.967] [bmv2] [D] [thread 2173] [11.0] [cxt 0] Extracting header 'ethernet'
[14:15:48.967] [bmv2] [D] [thread 2173] [11.0] [cxt 0] Parser state 'start': key is 86dd
[14:15:48.968] [bmv2] [T] [thread 2173] [11.0] [cxt 0] Bytes parsed: 14
[14:15:48.968] [bmv2] [D] [thread 2173] [11.0] [cxt 0] Parser 'parser': end
[14:15:48.968] [bmv2] [D] [thread 2173] [11.0] [cxt 0] Pipeline 'ingress': start
[14:15:48.964] [bmv2] [D] [thread 2174] [8.0] [cxt 0] Deparser 'deparser': start
[14:15:48.969] [bmv2] [T] [thread 2174] [8.0] [cxt 0] Skipping checksum 'cksum' update because condition not met
[14:15:48.969] [bmv2] [D] [thread 2174] [8.0] [cxt 0] Deparsing header 'ethernet'
[14:15:48.970] [bmv2] [D] [thread 2174] [8.0] [cxt 0] Deparser 'deparser': end
[14:15:48.970] [bmv2] [D] [thread 2178] [8.0] [cxt 0] Transmitting packet of size 70 out of port 0
[14:15:48.970] [bmv2] [D] [thread 2174] [9.0] [cxt 0] Pipeline 'egress': start
[14:15:48.971] [bmv2] [T] [thread 2174] [9.0] [cxt 0] streaming.p4(152) Condition "hdr.ipv4.isValid()" (node_6) is false
[14:15:48.971] [bmv2] [D] [thread 2174] [9.0] [cxt 0] Pipeline 'egress': end
[14:15:48.971] [bmv2] [D] [thread 2174] [9.0] [cxt 0] Deparser 'deparser': start
[14:15:48.971] [bmv2] [T] [thread 2174] [9.0] [cxt 0] Skipping checksum 'cksum' update because condition not met
[14:15:48.972] [bmv2] [D] [thread 2174] [9.0] [cxt 0] Deparsing header 'ethernet'
[14:15:48.972] [bmv2] [D] [thread 2174] [9.0] [cxt 0] Deparser 'deparser': end
[14:15:48.972] [bmv2] [D] [thread 2178] [9.0] [cxt 0] Transmitting packet of size 70 out of port 0
[14:15:48.973] [bmv2] [D] [thread 2174] [10.0] [cxt 0] Pipeline 'egress': start
[14:15:48.973] [bmv2] [T] [thread 2174] [10.0] [cxt 0] streaming.p4(152) Condition "hdr.ipv4.isValid()" (node_6) is false
[14:15:48.974] [bmv2] [D] [thread 2174] [10.0] [cxt 0] Pipeline 'egress': end
[14:15:48.974] [bmv2] [D] [thread 2174] [10.0] [cxt 0] Deparser 'deparser': start
[14:15:48.975] [bmv2] [T] [thread 2174] [10.0] [cxt 0] Skipping checksum 'cksum' update because condition not met
[14:15:48.976] [bmv2] [D] [thread 2174] [10.0] [cxt 0] Deparsing header 'ethernet'
[14:15:48.977] [bmv2] [D] [thread 2174] [10.0] [cxt 0] Deparser 'deparser': end
[14:15:48.978] [bmv2] [D] [thread 2178] [10.0] [cxt 0] Transmitting packet of size 70 out of port 0
[14:15:48.969] [bmv2] [T] [thread 2173] [11.0] [cxt 0] streaming.p4(121) Condition "hdr.ipv4.isValid()" (node_2) is false
[14:15:48.979] [bmv2] [D] [thread 2173] [11.0] [cxt 0] Pipeline 'ingress': end
[14:15:48.980] [bmv2] [D] [thread 2173] [11.0] [cxt 0] Egress port is 0
[14:15:48.981] [bmv2] [D] [thread 2174] [11.0] [cxt 0] Pipeline 'egress': start
[14:15:48.981] [bmv2] [T] [thread 2174] [11.0] [cxt 0] streaming.p4(152) Condition "hdr.ipv4.isValid()" (node_6) is false
[14:15:48.982] [bmv2] [D] [thread 2174] [11.0] [cxt 0] Pipeline 'egress': end
[14:15:48.982] [bmv2] [D] [thread 2174] [11.0] [cxt 0] Deparser 'deparser': start
[14:15:48.982] [bmv2] [T] [thread 2174] [11.0] [cxt 0] Skipping checksum 'cksum' update because condition not met
[14:15:48.982] [bmv2] [D] [thread 2174] [11.0] [cxt 0] Deparsing header 'ethernet'
[14:15:48.982] [bmv2] [D] [thread 2174] [11.0] [cxt 0] Deparser 'deparser': end
[14:15:48.982] [bmv2] [D] [thread 2178] [11.0] [cxt 0] Transmitting packet of size 70 out of port 0
[14:15:49.063] [bmv2] [D] [thread 2173] [12.0] [cxt 0] Processing packet received on port 1
[14:15:49.065] [bmv2] [D] [thread 2173] [12.0] [cxt 0] Parser 'parser': start
[14:15:49.066] [bmv2] [D] [thread 2173] [12.0] [cxt 0] Parser 'parser' entering state 'start'
[14:15:49.067] [bmv2] [D] [thread 2173] [12.0] [cxt 0] Extracting header 'ethernet'
[14:15:49.068] [bmv2] [D] [thread 2173] [12.0] [cxt 0] Parser state 'start': key is 86dd
[14:15:49.069] [bmv2] [T] [thread 2173] [12.0] [cxt 0] Bytes parsed: 14
[14:15:49.069] [bmv2] [D] [thread 2173] [12.0] [cxt 0] Parser 'parser': end
[14:15:49.069] [bmv2] [D] [thread 2173] [12.0] [cxt 0] Pipeline 'ingress': start
[14:15:49.070] [bmv2] [T] [thread 2173] [12.0] [cxt 0] streaming.p4(121) Condition "hdr.ipv4.isValid()" (node_2) is false
[14:15:49.071] [bmv2] [D] [thread 2173] [12.0] [cxt 0] Pipeline 'ingress': end
[14:15:49.071] [bmv2] [D] [thread 2173] [12.0] [cxt 0] Egress port is 0
[14:15:49.075] [bmv2] [D] [thread 2174] [12.0] [cxt 0] Pipeline 'egress': start
[14:15:49.075] [bmv2] [T] [thread 2174] [12.0] [cxt 0] streaming.p4(152) Condition "hdr.ipv4.isValid()" (node_6) is false
[14:15:49.076] [bmv2] [D] [thread 2174] [12.0] [cxt 0] Pipeline 'egress': end
[14:15:49.077] [bmv2] [D] [thread 2174] [12.0] [cxt 0] Deparser 'deparser': start
[14:15:49.077] [bmv2] [T] [thread 2174] [12.0] [cxt 0] Skipping checksum 'cksum' update because condition not met
[14:15:49.077] [bmv2] [D] [thread 2174] [12.0] [cxt 0] Deparsing header 'ethernet'
[14:15:49.077] [bmv2] [D] [thread 2174] [12.0] [cxt 0] Deparser 'deparser': end
[14:15:49.078] [bmv2] [D] [thread 2178] [12.0] [cxt 0] Transmitting packet of size 70 out of port 0
[14:15:49.120] [bmv2] [D] [thread 2173] [13.0] [cxt 0] Processing packet received on port 2
[14:15:49.120] [bmv2] [D] [thread 2173] [13.0] [cxt 0] Parser 'parser': start
[14:15:49.121] [bmv2] [D] [thread 2173] [13.0] [cxt 0] Parser 'parser' entering state 'start'
[14:15:49.121] [bmv2] [D] [thread 2173] [13.0] [cxt 0] Extracting header 'ethernet'
[14:15:49.121] [bmv2] [D] [thread 2173] [13.0] [cxt 0] Parser state 'start': key is 86dd
[14:15:49.122] [bmv2] [T] [thread 2173] [13.0] [cxt 0] Bytes parsed: 14
[14:15:49.122] [bmv2] [D] [thread 2173] [13.0] [cxt 0] Parser 'parser': end
[14:15:49.123] [bmv2] [D] [thread 2173] [13.0] [cxt 0] Pipeline 'ingress': start
[14:15:49.123] [bmv2] [T] [thread 2173] [13.0] [cxt 0] streaming.p4(121) Condition "hdr.ipv4.isValid()" (node_2) is false
[14:15:49.123] [bmv2] [D] [thread 2173] [13.0] [cxt 0] Pipeline 'ingress': end
[14:15:49.124] [bmv2] [D] [thread 2173] [13.0] [cxt 0] Egress port is 0
[14:15:49.124] [bmv2] [D] [thread 2174] [13.0] [cxt 0] Pipeline 'egress': start
[14:15:49.124] [bmv2] [T] [thread 2174] [13.0] [cxt 0] streaming.p4(152) Condition "hdr.ipv4.isValid()" (node_6) is false
[14:15:49.125] [bmv2] [D] [thread 2174] [13.0] [cxt 0] Pipeline 'egress': end
[14:15:49.125] [bmv2] [D] [thread 2174] [13.0] [cxt 0] Deparser 'deparser': start
[14:15:49.125] [bmv2] [T] [thread 2174] [13.0] [cxt 0] Skipping checksum 'cksum' update because condition not met
[14:15:49.126] [bmv2] [D] [thread 2174] [13.0] [cxt 0] Deparsing header 'ethernet'
[14:15:49.126] [bmv2] [D] [thread 2174] [13.0] [cxt 0] Deparser 'deparser': end
[14:15:49.127] [bmv2] [D] [thread 2178] [13.0] [cxt 0] Transmitting packet of size 70 out of port 0
open: No such file or directory
open: No such file or directory
open: No such file or directory
open: No such file or directory
open: No such file or directory
open: No such file or directory
