Calling target program-options parser
[11:12:20.638] [bmv2] [D] [thread 25542] Set default default entry for table 'MyIngress.ipv4_lpm': MyIngress.drop - 
Adding interface s1-eth1 as port 1
[11:12:20.640] [bmv2] [D] [thread 25542] Adding interface s1-eth1 as port 1
Adding interface s1-eth2 as port 2
[11:12:20.675] [bmv2] [D] [thread 25542] Adding interface s1-eth2 as port 2
Adding interface s1-eth3 as port 3
[11:12:20.778] [bmv2] [D] [thread 25542] Adding interface s1-eth3 as port 3
I1211 11:12:20.807699313   25542 server_builder.cc:247]      Synchronous server. Num CQs: 1, Min pollers: 1, Max Pollers: 2147483647, CQ timeout (msec): 1000
Server listening on 0.0.0.0:50051
[11:12:20.823] [bmv2] [I] [thread 25542] Starting Thrift server on port 9090
[11:12:20.825] [bmv2] [I] [thread 25542] Thrift server was started
[11:12:20.963] [bmv2] [D] [thread 25549] [0.0] [cxt 0] Processing packet received on port 3
[11:12:20.963] [bmv2] [D] [thread 25549] [0.0] [cxt 0] Parser 'parser': start
[11:12:20.964] [bmv2] [D] [thread 25549] [0.0] [cxt 0] Parser 'parser' entering state 'start'
[11:12:20.964] [bmv2] [D] [thread 25549] [0.0] [cxt 0] Extracting header 'ethernet'
[11:12:20.965] [bmv2] [D] [thread 25549] [0.0] [cxt 0] Parser state 'start': key is 86dd
[11:12:20.965] [bmv2] [T] [thread 25549] [0.0] [cxt 0] Bytes parsed: 14
[11:12:20.966] [bmv2] [D] [thread 25549] [0.0] [cxt 0] Parser 'parser': end
[11:12:20.966] [bmv2] [D] [thread 25549] [0.0] [cxt 0] Pipeline 'ingress': start
[11:12:20.967] [bmv2] [T] [thread 25549] [0.0] [cxt 0] routing.p4(114) Condition "hdr.ipv4.isValid()" (node_2) is false
[11:12:20.968] [bmv2] [D] [thread 25549] [0.0] [cxt 0] Pipeline 'ingress': end
[11:12:20.968] [bmv2] [D] [thread 25549] [0.0] [cxt 0] Egress port is 0
[11:12:20.970] [bmv2] [D] [thread 25550] [0.0] [cxt 0] Pipeline 'egress': start
[11:12:20.970] [bmv2] [D] [thread 25550] [0.0] [cxt 0] Pipeline 'egress': end
[11:12:20.971] [bmv2] [D] [thread 25550] [0.0] [cxt 0] Deparser 'deparser': start
[11:12:20.972] [bmv2] [T] [thread 25550] [0.0] [cxt 0] Skipping checksum 'cksum' update because condition not met
[11:12:20.972] [bmv2] [D] [thread 25550] [0.0] [cxt 0] Deparsing header 'ethernet'
[11:12:20.972] [bmv2] [D] [thread 25550] [0.0] [cxt 0] Deparser 'deparser': end
[11:12:20.973] [bmv2] [D] [thread 25554] [0.0] [cxt 0] Transmitting packet of size 90 out of port 0
[11:12:21.058] [bmv2] [D] [thread 25549] [1.0] [cxt 0] Processing packet received on port 3
[11:12:21.058] [bmv2] [D] [thread 25549] [1.0] [cxt 0] Parser 'parser': start
[11:12:21.059] [bmv2] [D] [thread 25549] [1.0] [cxt 0] Parser 'parser' entering state 'start'
[11:12:21.059] [bmv2] [D] [thread 25549] [1.0] [cxt 0] Extracting header 'ethernet'
[11:12:21.060] [bmv2] [D] [thread 25549] [1.0] [cxt 0] Parser state 'start': key is 86dd
[11:12:21.060] [bmv2] [T] [thread 25549] [1.0] [cxt 0] Bytes parsed: 14
[11:12:21.061] [bmv2] [D] [thread 25549] [1.0] [cxt 0] Parser 'parser': end
[11:12:21.061] [bmv2] [D] [thread 25549] [1.0] [cxt 0] Pipeline 'ingress': start
[11:12:21.061] [bmv2] [T] [thread 25549] [1.0] [cxt 0] routing.p4(114) Condition "hdr.ipv4.isValid()" (node_2) is false
[11:12:21.062] [bmv2] [D] [thread 25549] [1.0] [cxt 0] Pipeline 'ingress': end
[11:12:21.062] [bmv2] [D] [thread 25549] [1.0] [cxt 0] Egress port is 0
[11:12:21.063] [bmv2] [D] [thread 25550] [1.0] [cxt 0] Pipeline 'egress': start
[11:12:21.063] [bmv2] [D] [thread 25550] [1.0] [cxt 0] Pipeline 'egress': end
[11:12:21.064] [bmv2] [D] [thread 25550] [1.0] [cxt 0] Deparser 'deparser': start
[11:12:21.064] [bmv2] [T] [thread 25550] [1.0] [cxt 0] Skipping checksum 'cksum' update because condition not met
[11:12:21.064] [bmv2] [D] [thread 25550] [1.0] [cxt 0] Deparsing header 'ethernet'
[11:12:21.065] [bmv2] [D] [thread 25550] [1.0] [cxt 0] Deparser 'deparser': end
[11:12:21.065] [bmv2] [D] [thread 25554] [1.0] [cxt 0] Transmitting packet of size 78 out of port 0
[11:12:21.209] [bmv2] [D] [thread 25549] [2.0] [cxt 0] Processing packet received on port 2
[11:12:21.209] [bmv2] [D] [thread 25549] [2.0] [cxt 0] Parser 'parser': start
[11:12:21.209] [bmv2] [D] [thread 25549] [2.0] [cxt 0] Parser 'parser' entering state 'start'
[11:12:21.210] [bmv2] [D] [thread 25549] [2.0] [cxt 0] Extracting header 'ethernet'
[11:12:21.210] [bmv2] [D] [thread 25549] [2.0] [cxt 0] Parser state 'start': key is 86dd
[11:12:21.210] [bmv2] [T] [thread 25549] [2.0] [cxt 0] Bytes parsed: 14
[11:12:21.210] [bmv2] [D] [thread 25549] [2.0] [cxt 0] Parser 'parser': end
[11:12:21.210] [bmv2] [D] [thread 25549] [2.0] [cxt 0] Pipeline 'ingress': start
[11:12:21.210] [bmv2] [T] [thread 25549] [2.0] [cxt 0] routing.p4(114) Condition "hdr.ipv4.isValid()" (node_2) is false
[11:12:21.210] [bmv2] [D] [thread 25549] [2.0] [cxt 0] Pipeline 'ingress': end
[11:12:21.210] [bmv2] [D] [thread 25549] [2.0] [cxt 0] Egress port is 0
[11:12:21.210] [bmv2] [D] [thread 25550] [2.0] [cxt 0] Pipeline 'egress': start
[11:12:21.210] [bmv2] [D] [thread 25550] [2.0] [cxt 0] Pipeline 'egress': end
[11:12:21.210] [bmv2] [D] [thread 25550] [2.0] [cxt 0] Deparser 'deparser': start
[11:12:21.211] [bmv2] [T] [thread 25550] [2.0] [cxt 0] Skipping checksum 'cksum' update because condition not met
[11:12:21.211] [bmv2] [D] [thread 25550] [2.0] [cxt 0] Deparsing header 'ethernet'
[11:12:21.211] [bmv2] [D] [thread 25550] [2.0] [cxt 0] Deparser 'deparser': end
[11:12:21.211] [bmv2] [D] [thread 25554] [2.0] [cxt 0] Transmitting packet of size 78 out of port 0
[11:12:21.221] [bmv2] [D] [thread 25549] [3.0] [cxt 0] Processing packet received on port 2
[11:12:21.222] [bmv2] [D] [thread 25549] [3.0] [cxt 0] Parser 'parser': start
[11:12:21.222] [bmv2] [D] [thread 25549] [3.0] [cxt 0] Parser 'parser' entering state 'start'
[11:12:21.222] [bmv2] [D] [thread 25549] [3.0] [cxt 0] Extracting header 'ethernet'
[11:12:21.222] [bmv2] [D] [thread 25549] [3.0] [cxt 0] Parser state 'start': key is 86dd
[11:12:21.223] [bmv2] [T] [thread 25549] [3.0] [cxt 0] Bytes parsed: 14
[11:12:21.223] [bmv2] [D] [thread 25549] [3.0] [cxt 0] Parser 'parser': end
[11:12:21.223] [bmv2] [D] [thread 25549] [3.0] [cxt 0] Pipeline 'ingress': start
[11:12:21.223] [bmv2] [T] [thread 25549] [3.0] [cxt 0] routing.p4(114) Condition "hdr.ipv4.isValid()" (node_2) is false
[11:12:21.223] [bmv2] [D] [thread 25549] [3.0] [cxt 0] Pipeline 'ingress': end
[11:12:21.224] [bmv2] [D] [thread 25549] [3.0] [cxt 0] Egress port is 0
[11:12:21.224] [bmv2] [D] [thread 25550] [3.0] [cxt 0] Pipeline 'egress': start
[11:12:21.224] [bmv2] [D] [thread 25550] [3.0] [cxt 0] Pipeline 'egress': end
[11:12:21.224] [bmv2] [D] [thread 25550] [3.0] [cxt 0] Deparser 'deparser': start
[11:12:21.224] [bmv2] [T] [thread 25550] [3.0] [cxt 0] Skipping checksum 'cksum' update because condition not met
[11:12:21.225] [bmv2] [D] [thread 25550] [3.0] [cxt 0] Deparsing header 'ethernet'
[11:12:21.225] [bmv2] [D] [thread 25550] [3.0] [cxt 0] Deparser 'deparser': end
[11:12:21.225] [bmv2] [D] [thread 25554] [3.0] [cxt 0] Transmitting packet of size 90 out of port 0
[11:12:21.233] [bmv2] [D] [thread 25549] [4.0] [cxt 0] Processing packet received on port 2
[11:12:21.234] [bmv2] [D] [thread 25549] [4.0] [cxt 0] Parser 'parser': start
[11:12:21.234] [bmv2] [D] [thread 25549] [4.0] [cxt 0] Parser 'parser' entering state 'start'
[11:12:21.234] [bmv2] [D] [thread 25549] [4.0] [cxt 0] Extracting header 'ethernet'
[11:12:21.234] [bmv2] [D] [thread 25549] [4.0] [cxt 0] Parser state 'start': key is 86dd
[11:12:21.235] [bmv2] [T] [thread 25549] [4.0] [cxt 0] Bytes parsed: 14
[11:12:21.235] [bmv2] [D] [thread 25549] [4.0] [cxt 0] Parser 'parser': end
[11:12:21.235] [bmv2] [D] [thread 25549] [4.0] [cxt 0] Pipeline 'ingress': start
[11:12:21.236] [bmv2] [T] [thread 25549] [4.0] [cxt 0] routing.p4(114) Condition "hdr.ipv4.isValid()" (node_2) is false
[11:12:21.236] [bmv2] [D] [thread 25549] [4.0] [cxt 0] Pipeline 'ingress': end
[11:12:21.237] [bmv2] [D] [thread 25549] [4.0] [cxt 0] Egress port is 0
[11:12:21.237] [bmv2] [D] [thread 25550] [4.0] [cxt 0] Pipeline 'egress': start
[11:12:21.237] [bmv2] [D] [thread 25550] [4.0] [cxt 0] Pipeline 'egress': end
[11:12:21.238] [bmv2] [D] [thread 25550] [4.0] [cxt 0] Deparser 'deparser': start
[11:12:21.238] [bmv2] [T] [thread 25550] [4.0] [cxt 0] Skipping checksum 'cksum' update because condition not met
[11:12:21.238] [bmv2] [D] [thread 25550] [4.0] [cxt 0] Deparsing header 'ethernet'
[11:12:21.239] [bmv2] [D] [thread 25550] [4.0] [cxt 0] Deparser 'deparser': end
[11:12:21.239] [bmv2] [D] [thread 25554] [4.0] [cxt 0] Transmitting packet of size 78 out of port 0
[11:12:21.441] [bmv2] [D] [thread 25549] [5.0] [cxt 0] Processing packet received on port 3
[11:12:21.441] [bmv2] [D] [thread 25549] [5.0] [cxt 0] Parser 'parser': start
[11:12:21.442] [bmv2] [D] [thread 25549] [5.0] [cxt 0] Parser 'parser' entering state 'start'
[11:12:21.443] [bmv2] [D] [thread 25549] [5.0] [cxt 0] Extracting header 'ethernet'
[11:12:21.443] [bmv2] [D] [thread 25549] [5.0] [cxt 0] Parser state 'start': key is 86dd
[11:12:21.444] [bmv2] [T] [thread 25549] [5.0] [cxt 0] Bytes parsed: 14
[11:12:21.444] [bmv2] [D] [thread 25549] [5.0] [cxt 0] Parser 'parser': end
[11:12:21.444] [bmv2] [D] [thread 25549] [5.0] [cxt 0] Pipeline 'ingress': start
[11:12:21.444] [bmv2] [T] [thread 25549] [5.0] [cxt 0] routing.p4(114) Condition "hdr.ipv4.isValid()" (node_2) is false
[11:12:21.444] [bmv2] [D] [thread 25549] [5.0] [cxt 0] Pipeline 'ingress': end
[11:12:21.445] [bmv2] [D] [thread 25549] [5.0] [cxt 0] Egress port is 0
[11:12:21.445] [bmv2] [D] [thread 25550] [5.0] [cxt 0] Pipeline 'egress': start
[11:12:21.445] [bmv2] [D] [thread 25550] [5.0] [cxt 0] Pipeline 'egress': end
[11:12:21.446] [bmv2] [D] [thread 25550] [5.0] [cxt 0] Deparser 'deparser': start
[11:12:21.446] [bmv2] [T] [thread 25550] [5.0] [cxt 0] Skipping checksum 'cksum' update because condition not met
[11:12:21.446] [bmv2] [D] [thread 25550] [5.0] [cxt 0] Deparsing header 'ethernet'
[11:12:21.447] [bmv2] [D] [thread 25550] [5.0] [cxt 0] Deparser 'deparser': end
[11:12:21.447] [bmv2] [D] [thread 25554] [5.0] [cxt 0] Transmitting packet of size 90 out of port 0
[11:12:21.445] [bmv2] [D] [thread 25549] [6.0] [cxt 0] Processing packet received on port 3
[11:12:21.447] [bmv2] [D] [thread 25549] [6.0] [cxt 0] Parser 'parser': start
[11:12:21.448] [bmv2] [D] [thread 25549] [6.0] [cxt 0] Parser 'parser' entering state 'start'
[11:12:21.448] [bmv2] [D] [thread 25549] [6.0] [cxt 0] Extracting header 'ethernet'
[11:12:21.449] [bmv2] [D] [thread 25549] [6.0] [cxt 0] Parser state 'start': key is 86dd
[11:12:21.449] [bmv2] [T] [thread 25549] [6.0] [cxt 0] Bytes parsed: 14
[11:12:21.450] [bmv2] [D] [thread 25549] [6.0] [cxt 0] Parser 'parser': end
[11:12:21.450] [bmv2] [D] [thread 25549] [6.0] [cxt 0] Pipeline 'ingress': start
[11:12:21.451] [bmv2] [T] [thread 25549] [6.0] [cxt 0] routing.p4(114) Condition "hdr.ipv4.isValid()" (node_2) is false
[11:12:21.451] [bmv2] [D] [thread 25549] [6.0] [cxt 0] Pipeline 'ingress': end
[11:12:21.452] [bmv2] [D] [thread 25549] [6.0] [cxt 0] Egress port is 0
[11:12:21.453] [bmv2] [D] [thread 25550] [6.0] [cxt 0] Pipeline 'egress': start
[11:12:21.453] [bmv2] [D] [thread 25550] [6.0] [cxt 0] Pipeline 'egress': end
[11:12:21.455] [bmv2] [D] [thread 25550] [6.0] [cxt 0] Deparser 'deparser': start
[11:12:21.456] [bmv2] [T] [thread 25550] [6.0] [cxt 0] Skipping checksum 'cksum' update because condition not met
[11:12:21.457] [bmv2] [D] [thread 25550] [6.0] [cxt 0] Deparsing header 'ethernet'
[11:12:21.457] [bmv2] [D] [thread 25550] [6.0] [cxt 0] Deparser 'deparser': end
[11:12:21.457] [bmv2] [D] [thread 25554] [6.0] [cxt 0] Transmitting packet of size 70 out of port 0
[11:12:21.562] [bmv2] [D] [thread 25549] [7.0] [cxt 0] Processing packet received on port 1
[11:12:21.562] [bmv2] [D] [thread 25549] [7.0] [cxt 0] Parser 'parser': start
[11:12:21.563] [bmv2] [D] [thread 25549] [7.0] [cxt 0] Parser 'parser' entering state 'start'
[11:12:21.563] [bmv2] [D] [thread 25549] [7.0] [cxt 0] Extracting header 'ethernet'
[11:12:21.563] [bmv2] [D] [thread 25549] [7.0] [cxt 0] Parser state 'start': key is 86dd
[11:12:21.564] [bmv2] [T] [thread 25549] [7.0] [cxt 0] Bytes parsed: 14
[11:12:21.564] [bmv2] [D] [thread 25549] [7.0] [cxt 0] Parser 'parser': end
[11:12:21.565] [bmv2] [D] [thread 25549] [7.0] [cxt 0] Pipeline 'ingress': start
[11:12:21.566] [bmv2] [T] [thread 25549] [7.0] [cxt 0] routing.p4(114) Condition "hdr.ipv4.isValid()" (node_2) is false
[11:12:21.566] [bmv2] [D] [thread 25549] [7.0] [cxt 0] Pipeline 'ingress': end
[11:12:21.566] [bmv2] [D] [thread 25549] [7.0] [cxt 0] Egress port is 0
[11:12:21.569] [bmv2] [D] [thread 25550] [7.0] [cxt 0] Pipeline 'egress': start
[11:12:21.570] [bmv2] [D] [thread 25550] [7.0] [cxt 0] Pipeline 'egress': end
[11:12:21.570] [bmv2] [D] [thread 25550] [7.0] [cxt 0] Deparser 'deparser': start
[11:12:21.570] [bmv2] [T] [thread 25550] [7.0] [cxt 0] Skipping checksum 'cksum' update because condition not met
[11:12:21.571] [bmv2] [D] [thread 25550] [7.0] [cxt 0] Deparsing header 'ethernet'
[11:12:21.571] [bmv2] [D] [thread 25550] [7.0] [cxt 0] Deparser 'deparser': end
[11:12:21.572] [bmv2] [D] [thread 25554] [7.0] [cxt 0] Transmitting packet of size 90 out of port 0
[11:12:21.569] [bmv2] [D] [thread 25549] [8.0] [cxt 0] Processing packet received on port 1
[11:12:21.573] [bmv2] [D] [thread 25549] [8.0] [cxt 0] Parser 'parser': start
[11:12:21.573] [bmv2] [D] [thread 25549] [8.0] [cxt 0] Parser 'parser' entering state 'start'
[11:12:21.574] [bmv2] [D] [thread 25549] [8.0] [cxt 0] Extracting header 'ethernet'
[11:12:21.574] [bmv2] [D] [thread 25549] [8.0] [cxt 0] Parser state 'start': key is 86dd
[11:12:21.575] [bmv2] [T] [thread 25549] [8.0] [cxt 0] Bytes parsed: 14
[11:12:21.576] [bmv2] [D] [thread 25549] [8.0] [cxt 0] Parser 'parser': end
[11:12:21.577] [bmv2] [D] [thread 25549] [8.0] [cxt 0] Pipeline 'ingress': start
[11:12:21.577] [bmv2] [T] [thread 25549] [8.0] [cxt 0] routing.p4(114) Condition "hdr.ipv4.isValid()" (node_2) is false
[11:12:21.577] [bmv2] [D] [thread 25549] [8.0] [cxt 0] Pipeline 'ingress': end
[11:12:21.578] [bmv2] [D] [thread 25549] [8.0] [cxt 0] Egress port is 0
[11:12:21.578] [bmv2] [D] [thread 25550] [8.0] [cxt 0] Pipeline 'egress': start
[11:12:21.581] [bmv2] [D] [thread 25550] [8.0] [cxt 0] Pipeline 'egress': end
[11:12:21.581] [bmv2] [D] [thread 25550] [8.0] [cxt 0] Deparser 'deparser': start
[11:12:21.582] [bmv2] [T] [thread 25550] [8.0] [cxt 0] Skipping checksum 'cksum' update because condition not met
[11:12:21.583] [bmv2] [D] [thread 25550] [8.0] [cxt 0] Deparsing header 'ethernet'
[11:12:21.583] [bmv2] [D] [thread 25550] [8.0] [cxt 0] Deparser 'deparser': end
[11:12:21.583] [bmv2] [D] [thread 25554] [8.0] [cxt 0] Transmitting packet of size 70 out of port 0
[11:12:21.914] [bmv2] [D] [thread 25549] [9.0] [cxt 0] Processing packet received on port 1
[11:12:21.914] [bmv2] [D] [thread 25549] [9.0] [cxt 0] Parser 'parser': start
[11:12:21.914] [bmv2] [D] [thread 25549] [9.0] [cxt 0] Parser 'parser' entering state 'start'
[11:12:21.915] [bmv2] [D] [thread 25549] [9.0] [cxt 0] Extracting header 'ethernet'
[11:12:21.915] [bmv2] [D] [thread 25549] [9.0] [cxt 0] Parser state 'start': key is 86dd
[11:12:21.916] [bmv2] [T] [thread 25549] [9.0] [cxt 0] Bytes parsed: 14
[11:12:21.917] [bmv2] [D] [thread 25549] [9.0] [cxt 0] Parser 'parser': end
[11:12:21.918] [bmv2] [D] [thread 25549] [9.0] [cxt 0] Pipeline 'ingress': start
[11:12:21.919] [bmv2] [T] [thread 25549] [9.0] [cxt 0] routing.p4(114) Condition "hdr.ipv4.isValid()" (node_2) is false
[11:12:21.920] [bmv2] [D] [thread 25549] [9.0] [cxt 0] Pipeline 'ingress': end
[11:12:21.921] [bmv2] [D] [thread 25549] [9.0] [cxt 0] Egress port is 0
[11:12:21.921] [bmv2] [D] [thread 25550] [9.0] [cxt 0] Pipeline 'egress': start
[11:12:21.922] [bmv2] [D] [thread 25550] [9.0] [cxt 0] Pipeline 'egress': end
[11:12:21.922] [bmv2] [D] [thread 25550] [9.0] [cxt 0] Deparser 'deparser': start
[11:12:21.923] [bmv2] [T] [thread 25550] [9.0] [cxt 0] Skipping checksum 'cksum' update because condition not met
[11:12:21.923] [bmv2] [D] [thread 25550] [9.0] [cxt 0] Deparsing header 'ethernet'
[11:12:21.923] [bmv2] [D] [thread 25550] [9.0] [cxt 0] Deparser 'deparser': end
[11:12:21.923] [bmv2] [D] [thread 25554] [9.0] [cxt 0] Transmitting packet of size 90 out of port 0
[11:12:22.058] [bmv2] [D] [thread 25549] [10.0] [cxt 0] Processing packet received on port 3
[11:12:22.058] [bmv2] [D] [thread 25549] [10.0] [cxt 0] Parser 'parser': start
[11:12:22.058] [bmv2] [D] [thread 25549] [10.0] [cxt 0] Parser 'parser' entering state 'start'
[11:12:22.059] [bmv2] [D] [thread 25549] [10.0] [cxt 0] Extracting header 'ethernet'
[11:12:22.059] [bmv2] [D] [thread 25549] [10.0] [cxt 0] Parser state 'start': key is 86dd
[11:12:22.059] [bmv2] [T] [thread 25549] [10.0] [cxt 0] Bytes parsed: 14
[11:12:22.059] [bmv2] [D] [thread 25549] [10.0] [cxt 0] Parser 'parser': end
[11:12:22.059] [bmv2] [D] [thread 25549] [10.0] [cxt 0] Pipeline 'ingress': start
[11:12:22.059] [bmv2] [T] [thread 25549] [10.0] [cxt 0] routing.p4(114) Condition "hdr.ipv4.isValid()" (node_2) is false
[11:12:22.059] [bmv2] [D] [thread 25549] [10.0] [cxt 0] Pipeline 'ingress': end
[11:12:22.059] [bmv2] [D] [thread 25549] [10.0] [cxt 0] Egress port is 0
[11:12:22.059] [bmv2] [D] [thread 25549] [11.0] [cxt 0] Processing packet received on port 3
[11:12:22.059] [bmv2] [D] [thread 25549] [11.0] [cxt 0] Parser 'parser': start
[11:12:22.060] [bmv2] [D] [thread 25549] [11.0] [cxt 0] Parser 'parser' entering state 'start'
[11:12:22.060] [bmv2] [D] [thread 25549] [11.0] [cxt 0] Extracting header 'ethernet'
[11:12:22.060] [bmv2] [D] [thread 25549] [11.0] [cxt 0] Parser state 'start': key is 86dd
[11:12:22.060] [bmv2] [T] [thread 25549] [11.0] [cxt 0] Bytes parsed: 14
[11:12:22.060] [bmv2] [D] [thread 25549] [11.0] [cxt 0] Parser 'parser': end
[11:12:22.060] [bmv2] [D] [thread 25549] [11.0] [cxt 0] Pipeline 'ingress': start
[11:12:22.060] [bmv2] [T] [thread 25549] [11.0] [cxt 0] routing.p4(114) Condition "hdr.ipv4.isValid()" (node_2) is false
[11:12:22.060] [bmv2] [D] [thread 25549] [11.0] [cxt 0] Pipeline 'ingress': end
[11:12:22.060] [bmv2] [D] [thread 25549] [11.0] [cxt 0] Egress port is 0
[11:12:22.059] [bmv2] [D] [thread 25550] [10.0] [cxt 0] Pipeline 'egress': start
[11:12:22.060] [bmv2] [D] [thread 25550] [10.0] [cxt 0] Pipeline 'egress': end
[11:12:22.060] [bmv2] [D] [thread 25550] [10.0] [cxt 0] Deparser 'deparser': start
[11:12:22.061] [bmv2] [T] [thread 25550] [10.0] [cxt 0] Skipping checksum 'cksum' update because condition not met
[11:12:22.061] [bmv2] [D] [thread 25550] [10.0] [cxt 0] Deparsing header 'ethernet'
[11:12:22.061] [bmv2] [D] [thread 25550] [10.0] [cxt 0] Deparser 'deparser': end
[11:12:22.061] [bmv2] [D] [thread 25550] [11.0] [cxt 0] Pipeline 'egress': start
[11:12:22.061] [bmv2] [D] [thread 25550] [11.0] [cxt 0] Pipeline 'egress': end
[11:12:22.061] [bmv2] [D] [thread 25550] [11.0] [cxt 0] Deparser 'deparser': start
[11:12:22.061] [bmv2] [T] [thread 25550] [11.0] [cxt 0] Skipping checksum 'cksum' update because condition not met
[11:12:22.061] [bmv2] [D] [thread 25550] [11.0] [cxt 0] Deparsing header 'ethernet'
[11:12:22.062] [bmv2] [D] [thread 25550] [11.0] [cxt 0] Deparser 'deparser': end
[11:12:22.061] [bmv2] [D] [thread 25554] [10.0] [cxt 0] Transmitting packet of size 90 out of port 0
[11:12:22.062] [bmv2] [D] [thread 25554] [11.0] [cxt 0] Transmitting packet of size 70 out of port 0
[11:12:22.114] [bmv2] [D] [thread 25549] [12.0] [cxt 0] Processing packet received on port 3
[11:12:22.114] [bmv2] [D] [thread 25549] [12.0] [cxt 0] Parser 'parser': start
[11:12:22.114] [bmv2] [D] [thread 25549] [12.0] [cxt 0] Parser 'parser' entering state 'start'
[11:12:22.115] [bmv2] [D] [thread 25549] [12.0] [cxt 0] Extracting header 'ethernet'
[11:12:22.115] [bmv2] [D] [thread 25549] [12.0] [cxt 0] Parser state 'start': key is 86dd
[11:12:22.116] [bmv2] [T] [thread 25549] [12.0] [cxt 0] Bytes parsed: 14
[11:12:22.116] [bmv2] [D] [thread 25549] [12.0] [cxt 0] Parser 'parser': end
[11:12:22.116] [bmv2] [D] [thread 25549] [12.0] [cxt 0] Pipeline 'ingress': start
[11:12:22.116] [bmv2] [T] [thread 25549] [12.0] [cxt 0] routing.p4(114) Condition "hdr.ipv4.isValid()" (node_2) is false
[11:12:22.117] [bmv2] [D] [thread 25549] [12.0] [cxt 0] Pipeline 'ingress': end
[11:12:22.117] [bmv2] [D] [thread 25549] [12.0] [cxt 0] Egress port is 0
[11:12:22.118] [bmv2] [D] [thread 25550] [12.0] [cxt 0] Pipeline 'egress': start
[11:12:22.119] [bmv2] [D] [thread 25550] [12.0] [cxt 0] Pipeline 'egress': end
[11:12:22.119] [bmv2] [D] [thread 25550] [12.0] [cxt 0] Deparser 'deparser': start
[11:12:22.119] [bmv2] [T] [thread 25550] [12.0] [cxt 0] Skipping checksum 'cksum' update because condition not met
[11:12:22.119] [bmv2] [D] [thread 25550] [12.0] [cxt 0] Deparsing header 'ethernet'
[11:12:22.119] [bmv2] [D] [thread 25550] [12.0] [cxt 0] Deparser 'deparser': end
[11:12:22.119] [bmv2] [D] [thread 25554] [12.0] [cxt 0] Transmitting packet of size 90 out of port 0
[11:12:22.212] [bmv2] [D] [thread 25549] [13.0] [cxt 0] Processing packet received on port 2
[11:12:22.212] [bmv2] [D] [thread 25549] [13.0] [cxt 0] Parser 'parser': start
[11:12:22.213] [bmv2] [D] [thread 25549] [13.0] [cxt 0] Parser 'parser' entering state 'start'
[11:12:22.213] [bmv2] [D] [thread 25549] [13.0] [cxt 0] Extracting header 'ethernet'
[11:12:22.213] [bmv2] [D] [thread 25549] [13.0] [cxt 0] Parser state 'start': key is 86dd
[11:12:22.214] [bmv2] [T] [thread 25549] [13.0] [cxt 0] Bytes parsed: 14
[11:12:22.215] [bmv2] [D] [thread 25549] [13.0] [cxt 0] Parser 'parser': end
[11:12:22.215] [bmv2] [D] [thread 25549] [13.0] [cxt 0] Pipeline 'ingress': start
[11:12:22.216] [bmv2] [T] [thread 25549] [13.0] [cxt 0] routing.p4(114) Condition "hdr.ipv4.isValid()" (node_2) is false
[11:12:22.216] [bmv2] [D] [thread 25549] [13.0] [cxt 0] Pipeline 'ingress': end
[11:12:22.216] [bmv2] [D] [thread 25549] [13.0] [cxt 0] Egress port is 0
[11:12:22.217] [bmv2] [D] [thread 25550] [13.0] [cxt 0] Pipeline 'egress': start
[11:12:22.217] [bmv2] [D] [thread 25550] [13.0] [cxt 0] Pipeline 'egress': end
[11:12:22.218] [bmv2] [D] [thread 25550] [13.0] [cxt 0] Deparser 'deparser': start
[11:12:22.218] [bmv2] [T] [thread 25550] [13.0] [cxt 0] Skipping checksum 'cksum' update because condition not met
[11:12:22.221] [bmv2] [D] [thread 25550] [13.0] [cxt 0] Deparsing header 'ethernet'
[11:12:22.222] [bmv2] [D] [thread 25550] [13.0] [cxt 0] Deparser 'deparser': end
[11:12:22.222] [bmv2] [D] [thread 25554] [13.0] [cxt 0] Transmitting packet of size 90 out of port 0
[11:12:22.225] [bmv2] [D] [thread 25549] [14.0] [cxt 0] Processing packet received on port 2
[11:12:22.225] [bmv2] [D] [thread 25549] [14.0] [cxt 0] Parser 'parser': start
[11:12:22.226] [bmv2] [D] [thread 25549] [14.0] [cxt 0] Parser 'parser' entering state 'start'
[11:12:22.227] [bmv2] [D] [thread 25549] [14.0] [cxt 0] Extracting header 'ethernet'
[11:12:22.229] [bmv2] [D] [thread 25549] [14.0] [cxt 0] Parser state 'start': key is 86dd
[11:12:22.229] [bmv2] [T] [thread 25549] [14.0] [cxt 0] Bytes parsed: 14
[11:12:22.230] [bmv2] [D] [thread 25549] [14.0] [cxt 0] Parser 'parser': end
[11:12:22.230] [bmv2] [D] [thread 25549] [14.0] [cxt 0] Pipeline 'ingress': start
[11:12:22.231] [bmv2] [T] [thread 25549] [14.0] [cxt 0] routing.p4(114) Condition "hdr.ipv4.isValid()" (node_2) is false
[11:12:22.231] [bmv2] [D] [thread 25549] [14.0] [cxt 0] Pipeline 'ingress': end
[11:12:22.237] [bmv2] [D] [thread 25549] [14.0] [cxt 0] Egress port is 0
[11:12:22.237] [bmv2] [D] [thread 25550] [14.0] [cxt 0] Pipeline 'egress': start
[11:12:22.238] [bmv2] [D] [thread 25550] [14.0] [cxt 0] Pipeline 'egress': end
[11:12:22.238] [bmv2] [D] [thread 25550] [14.0] [cxt 0] Deparser 'deparser': start
[11:12:22.238] [bmv2] [T] [thread 25550] [14.0] [cxt 0] Skipping checksum 'cksum' update because condition not met
[11:12:22.239] [bmv2] [D] [thread 25550] [14.0] [cxt 0] Deparsing header 'ethernet'
[11:12:22.239] [bmv2] [D] [thread 25550] [14.0] [cxt 0] Deparser 'deparser': end
[11:12:22.239] [bmv2] [D] [thread 25554] [14.0] [cxt 0] Transmitting packet of size 70 out of port 0
[11:12:22.238] [bmv2] [D] [thread 25549] [15.0] [cxt 0] Processing packet received on port 2
[11:12:22.240] [bmv2] [D] [thread 25549] [15.0] [cxt 0] Parser 'parser': start
[11:12:22.240] [bmv2] [D] [thread 25549] [15.0] [cxt 0] Parser 'parser' entering state 'start'
[11:12:22.240] [bmv2] [D] [thread 25549] [15.0] [cxt 0] Extracting header 'ethernet'
[11:12:22.240] [bmv2] [D] [thread 25549] [15.0] [cxt 0] Parser state 'start': key is 86dd
[11:12:22.241] [bmv2] [T] [thread 25549] [15.0] [cxt 0] Bytes parsed: 14
[11:12:22.241] [bmv2] [D] [thread 25549] [15.0] [cxt 0] Parser 'parser': end
[11:12:22.241] [bmv2] [D] [thread 25549] [15.0] [cxt 0] Pipeline 'ingress': start
[11:12:22.242] [bmv2] [T] [thread 25549] [15.0] [cxt 0] routing.p4(114) Condition "hdr.ipv4.isValid()" (node_2) is false
[11:12:22.242] [bmv2] [D] [thread 25549] [15.0] [cxt 0] Pipeline 'ingress': end
[11:12:22.242] [bmv2] [D] [thread 25549] [15.0] [cxt 0] Egress port is 0
[11:12:22.242] [bmv2] [D] [thread 25550] [15.0] [cxt 0] Pipeline 'egress': start
[11:12:22.243] [bmv2] [D] [thread 25550] [15.0] [cxt 0] Pipeline 'egress': end
[11:12:22.243] [bmv2] [D] [thread 25550] [15.0] [cxt 0] Deparser 'deparser': start
[11:12:22.243] [bmv2] [T] [thread 25550] [15.0] [cxt 0] Skipping checksum 'cksum' update because condition not met
[11:12:22.243] [bmv2] [D] [thread 25550] [15.0] [cxt 0] Deparsing header 'ethernet'
[11:12:22.243] [bmv2] [D] [thread 25550] [15.0] [cxt 0] Deparser 'deparser': end
[11:12:22.244] [bmv2] [D] [thread 25554] [15.0] [cxt 0] Transmitting packet of size 90 out of port 0
[11:12:22.243] [bmv2] [D] [thread 25549] [16.0] [cxt 0] Processing packet received on port 2
[11:12:22.244] [bmv2] [D] [thread 25549] [16.0] [cxt 0] Parser 'parser': start
[11:12:22.244] [bmv2] [D] [thread 25549] [16.0] [cxt 0] Parser 'parser' entering state 'start'
[11:12:22.245] [bmv2] [D] [thread 25549] [16.0] [cxt 0] Extracting header 'ethernet'
[11:12:22.245] [bmv2] [D] [thread 25549] [16.0] [cxt 0] Parser state 'start': key is 86dd
[11:12:22.246] [bmv2] [T] [thread 25549] [16.0] [cxt 0] Bytes parsed: 14
[11:12:22.246] [bmv2] [D] [thread 25549] [16.0] [cxt 0] Parser 'parser': end
[11:12:22.247] [bmv2] [D] [thread 25549] [16.0] [cxt 0] Pipeline 'ingress': start
[11:12:22.247] [bmv2] [T] [thread 25549] [16.0] [cxt 0] routing.p4(114) Condition "hdr.ipv4.isValid()" (node_2) is false
[11:12:22.248] [bmv2] [D] [thread 25549] [16.0] [cxt 0] Pipeline 'ingress': end
[11:12:22.248] [bmv2] [D] [thread 25549] [16.0] [cxt 0] Egress port is 0
[11:12:22.249] [bmv2] [D] [thread 25550] [16.0] [cxt 0] Pipeline 'egress': start
[11:12:22.249] [bmv2] [D] [thread 25550] [16.0] [cxt 0] Pipeline 'egress': end
[11:12:22.249] [bmv2] [D] [thread 25550] [16.0] [cxt 0] Deparser 'deparser': start
[11:12:22.250] [bmv2] [T] [thread 25550] [16.0] [cxt 0] Skipping checksum 'cksum' update because condition not met
[11:12:22.250] [bmv2] [D] [thread 25550] [16.0] [cxt 0] Deparsing header 'ethernet'
[11:12:22.250] [bmv2] [D] [thread 25550] [16.0] [cxt 0] Deparser 'deparser': end
[11:12:22.250] [bmv2] [D] [thread 25554] [16.0] [cxt 0] Transmitting packet of size 70 out of port 0
[11:12:22.326] [bmv2] [D] [thread 25549] [17.0] [cxt 0] Processing packet received on port 2
[11:12:22.326] [bmv2] [D] [thread 25549] [17.0] [cxt 0] Parser 'parser': start
[11:12:22.327] [bmv2] [D] [thread 25549] [17.0] [cxt 0] Parser 'parser' entering state 'start'
[11:12:22.327] [bmv2] [D] [thread 25549] [17.0] [cxt 0] Extracting header 'ethernet'
[11:12:22.328] [bmv2] [D] [thread 25549] [17.0] [cxt 0] Parser state 'start': key is 86dd
[11:12:22.328] [bmv2] [T] [thread 25549] [17.0] [cxt 0] Bytes parsed: 14
[11:12:22.328] [bmv2] [D] [thread 25549] [17.0] [cxt 0] Parser 'parser': end
[11:12:22.328] [bmv2] [D] [thread 25549] [17.0] [cxt 0] Pipeline 'ingress': start
[11:12:22.329] [bmv2] [T] [thread 25549] [17.0] [cxt 0] routing.p4(114) Condition "hdr.ipv4.isValid()" (node_2) is false
[11:12:22.329] [bmv2] [D] [thread 25549] [17.0] [cxt 0] Pipeline 'ingress': end
[11:12:22.329] [bmv2] [D] [thread 25549] [17.0] [cxt 0] Egress port is 0
[11:12:22.329] [bmv2] [D] [thread 25550] [17.0] [cxt 0] Pipeline 'egress': start
[11:12:22.330] [bmv2] [D] [thread 25550] [17.0] [cxt 0] Pipeline 'egress': end
[11:12:22.330] [bmv2] [D] [thread 25550] [17.0] [cxt 0] Deparser 'deparser': start
[11:12:22.330] [bmv2] [T] [thread 25550] [17.0] [cxt 0] Skipping checksum 'cksum' update because condition not met
[11:12:22.331] [bmv2] [D] [thread 25550] [17.0] [cxt 0] Deparsing header 'ethernet'
[11:12:22.331] [bmv2] [D] [thread 25550] [17.0] [cxt 0] Deparser 'deparser': end
[11:12:22.331] [bmv2] [D] [thread 25554] [17.0] [cxt 0] Transmitting packet of size 90 out of port 0
[11:12:22.362] [bmv2] [D] [thread 25549] [18.0] [cxt 0] Processing packet received on port 2
[11:12:22.362] [bmv2] [D] [thread 25549] [18.0] [cxt 0] Parser 'parser': start
[11:12:22.362] [bmv2] [D] [thread 25549] [18.0] [cxt 0] Parser 'parser' entering state 'start'
[11:12:22.363] [bmv2] [D] [thread 25549] [18.0] [cxt 0] Extracting header 'ethernet'
[11:12:22.364] [bmv2] [D] [thread 25549] [18.0] [cxt 0] Parser state 'start': key is 86dd
[11:12:22.365] [bmv2] [T] [thread 25549] [18.0] [cxt 0] Bytes parsed: 14
[11:12:22.365] [bmv2] [D] [thread 25549] [18.0] [cxt 0] Parser 'parser': end
[11:12:22.366] [bmv2] [D] [thread 25549] [18.0] [cxt 0] Pipeline 'ingress': start
[11:12:22.366] [bmv2] [T] [thread 25549] [18.0] [cxt 0] routing.p4(114) Condition "hdr.ipv4.isValid()" (node_2) is false
[11:12:22.367] [bmv2] [D] [thread 25549] [18.0] [cxt 0] Pipeline 'ingress': end
[11:12:22.368] [bmv2] [D] [thread 25549] [18.0] [cxt 0] Egress port is 0
[11:12:22.369] [bmv2] [D] [thread 25550] [18.0] [cxt 0] Pipeline 'egress': start
[11:12:22.369] [bmv2] [D] [thread 25550] [18.0] [cxt 0] Pipeline 'egress': end
[11:12:22.370] [bmv2] [D] [thread 25550] [18.0] [cxt 0] Deparser 'deparser': start
[11:12:22.370] [bmv2] [T] [thread 25550] [18.0] [cxt 0] Skipping checksum 'cksum' update because condition not met
[11:12:22.371] [bmv2] [D] [thread 25550] [18.0] [cxt 0] Deparsing header 'ethernet'
[11:12:22.371] [bmv2] [D] [thread 25550] [18.0] [cxt 0] Deparser 'deparser': end
[11:12:22.372] [bmv2] [D] [thread 25554] [18.0] [cxt 0] Transmitting packet of size 90 out of port 0
[11:12:22.378] [bmv2] [D] [thread 25549] [19.0] [cxt 0] Processing packet received on port 3
[11:12:22.382] [bmv2] [D] [thread 25549] [19.0] [cxt 0] Parser 'parser': start
[11:12:22.383] [bmv2] [D] [thread 25549] [19.0] [cxt 0] Parser 'parser' entering state 'start'
[11:12:22.386] [bmv2] [D] [thread 25549] [19.0] [cxt 0] Extracting header 'ethernet'
[11:12:22.386] [bmv2] [D] [thread 25549] [19.0] [cxt 0] Parser state 'start': key is 86dd
[11:12:22.387] [bmv2] [T] [thread 25549] [19.0] [cxt 0] Bytes parsed: 14
[11:12:22.387] [bmv2] [D] [thread 25549] [19.0] [cxt 0] Parser 'parser': end
[11:12:22.388] [bmv2] [D] [thread 25549] [19.0] [cxt 0] Pipeline 'ingress': start
[11:12:22.388] [bmv2] [T] [thread 25549] [19.0] [cxt 0] routing.p4(114) Condition "hdr.ipv4.isValid()" (node_2) is false
[11:12:22.388] [bmv2] [D] [thread 25549] [19.0] [cxt 0] Pipeline 'ingress': end
[11:12:22.388] [bmv2] [D] [thread 25549] [19.0] [cxt 0] Egress port is 0
[11:12:22.389] [bmv2] [D] [thread 25550] [19.0] [cxt 0] Pipeline 'egress': start
[11:12:22.391] [bmv2] [D] [thread 25550] [19.0] [cxt 0] Pipeline 'egress': end
[11:12:22.391] [bmv2] [D] [thread 25550] [19.0] [cxt 0] Deparser 'deparser': start
[11:12:22.392] [bmv2] [T] [thread 25550] [19.0] [cxt 0] Skipping checksum 'cksum' update because condition not met
[11:12:22.392] [bmv2] [D] [thread 25550] [19.0] [cxt 0] Deparsing header 'ethernet'
[11:12:22.393] [bmv2] [D] [thread 25550] [19.0] [cxt 0] Deparser 'deparser': end
[11:12:22.394] [bmv2] [D] [thread 25554] [19.0] [cxt 0] Transmitting packet of size 90 out of port 0
New connection
P4Runtime SetForwardingPipelineConfig
[11:12:23.543] [bmv2] [W] [thread 25612] [P4Runtime] p4::tmp::P4DeviceConfig is deprecated
[11:12:23.544] [bmv2] [D] [thread 25612] Set default default entry for table 'MyIngress.ipv4_lpm': MyIngress.drop - 
P4Runtime Write
election_id {
  low: 1
}
updates {
  type: MODIFY
  entity {
    table_entry {
      table_id: 33574068
      action {
        action {
          action_id: 16805608
        }
      }
      is_default_action: true
    }
  }
}
[11:12:23.561] [bmv2] [D] [thread 25612] Set default entry for table 'MyIngress.ipv4_lpm': MyIngress.drop - 
P4Runtime Write
election_id {
  low: 1
}
updates {
  type: INSERT
  entity {
    table_entry {
      table_id: 33574068
      match {
        field_id: 1
        lpm {
          value: "\n\000\001\001"
          prefix_len: 32
        }
      }
      action {
        action {
          action_id: 16799317
          params {
            param_id: 1
            value: "\010\000\000\000\001\021"
          }
          params {
            param_id: 2
            value: "\000\001"
          }
        }
      }
    }
  }
}
[11:12:23.574] [bmv2] [D] [thread 25612] Entry 0 added to table 'MyIngress.ipv4_lpm'
[11:12:23.574] [bmv2] [D] [thread 25612] Dumping entry 0
Match key:
* hdr.ipv4.dstAddr    : LPM       0a000101/32
Action entry: MyIngress.ipv4_forward - 80000000111,1,

P4Runtime Write
election_id {
  low: 1
}
updates {
  type: INSERT
  entity {
    table_entry {
      table_id: 33574068
      match {
        field_id: 1
        lpm {
          value: "\n\000\002\002"
          prefix_len: 32
        }
      }
      action {
        action {
          action_id: 16799317
          params {
            param_id: 1
            value: "\010\000\000\000\002\000"
          }
          params {
            param_id: 2
            value: "\000\002"
          }
        }
      }
    }
  }
}
[11:12:23.581] [bmv2] [D] [thread 25612] Entry 1 added to table 'MyIngress.ipv4_lpm'
[11:12:23.582] [bmv2] [D] [thread 25612] Dumping entry 1
Match key:
* hdr.ipv4.dstAddr    : LPM       0a000202/32
Action entry: MyIngress.ipv4_forward - 80000000200,2,

P4Runtime Write
election_id {
  low: 1
}
updates {
  type: INSERT
  entity {
    table_entry {
      table_id: 33574068
      match {
        field_id: 1
        lpm {
          value: "\n\000\003\003"
          prefix_len: 32
        }
      }
      action {
        action {
          action_id: 16799317
          params {
            param_id: 1
            value: "\010\000\000\000\003\000"
          }
          params {
            param_id: 2
            value: "\000\003"
          }
        }
      }
    }
  }
}
[11:12:23.592] [bmv2] [D] [thread 25612] Entry 2 added to table 'MyIngress.ipv4_lpm'
[11:12:23.592] [bmv2] [D] [thread 25612] Dumping entry 2
Match key:
* hdr.ipv4.dstAddr    : LPM       0a000303/32
Action entry: MyIngress.ipv4_forward - 80000000300,3,

Connection removed
[11:12:25.446] [bmv2] [D] [thread 25549] [20.0] [cxt 0] Processing packet received on port 3
[11:12:25.447] [bmv2] [D] [thread 25549] [20.0] [cxt 0] Parser 'parser': start
[11:12:25.447] [bmv2] [D] [thread 25549] [20.0] [cxt 0] Parser 'parser' entering state 'start'
[11:12:25.448] [bmv2] [D] [thread 25549] [20.0] [cxt 0] Extracting header 'ethernet'
[11:12:25.451] [bmv2] [D] [thread 25549] [20.0] [cxt 0] Parser state 'start': key is 86dd
[11:12:25.452] [bmv2] [T] [thread 25549] [20.0] [cxt 0] Bytes parsed: 14
[11:12:25.453] [bmv2] [D] [thread 25549] [20.0] [cxt 0] Parser 'parser': end
[11:12:25.454] [bmv2] [D] [thread 25549] [20.0] [cxt 0] Pipeline 'ingress': start
[11:12:25.455] [bmv2] [T] [thread 25549] [20.0] [cxt 0] routing.p4(114) Condition "hdr.ipv4.isValid()" (node_2) is false
[11:12:25.456] [bmv2] [D] [thread 25549] [20.0] [cxt 0] Pipeline 'ingress': end
[11:12:25.456] [bmv2] [D] [thread 25549] [20.0] [cxt 0] Egress port is 0
[11:12:25.457] [bmv2] [D] [thread 25550] [20.0] [cxt 0] Pipeline 'egress': start
[11:12:25.458] [bmv2] [D] [thread 25550] [20.0] [cxt 0] Pipeline 'egress': end
[11:12:25.459] [bmv2] [D] [thread 25550] [20.0] [cxt 0] Deparser 'deparser': start
[11:12:25.460] [bmv2] [T] [thread 25550] [20.0] [cxt 0] Skipping checksum 'cksum' update because condition not met
[11:12:25.460] [bmv2] [D] [thread 25550] [20.0] [cxt 0] Deparsing header 'ethernet'
[11:12:25.461] [bmv2] [D] [thread 25550] [20.0] [cxt 0] Deparser 'deparser': end
[11:12:25.462] [bmv2] [D] [thread 25554] [20.0] [cxt 0] Transmitting packet of size 70 out of port 0
[11:12:25.573] [bmv2] [D] [thread 25549] [21.0] [cxt 0] Processing packet received on port 1
[11:12:25.574] [bmv2] [D] [thread 25549] [21.0] [cxt 0] Parser 'parser': start
[11:12:25.575] [bmv2] [D] [thread 25549] [21.0] [cxt 0] Parser 'parser' entering state 'start'
[11:12:25.576] [bmv2] [D] [thread 25549] [21.0] [cxt 0] Extracting header 'ethernet'
[11:12:25.577] [bmv2] [D] [thread 25549] [21.0] [cxt 0] Parser state 'start': key is 86dd
[11:12:25.577] [bmv2] [T] [thread 25549] [21.0] [cxt 0] Bytes parsed: 14
[11:12:25.577] [bmv2] [D] [thread 25549] [21.0] [cxt 0] Parser 'parser': end
[11:12:25.578] [bmv2] [D] [thread 25549] [21.0] [cxt 0] Pipeline 'ingress': start
[11:12:25.578] [bmv2] [T] [thread 25549] [21.0] [cxt 0] routing.p4(114) Condition "hdr.ipv4.isValid()" (node_2) is false
[11:12:25.578] [bmv2] [D] [thread 25549] [21.0] [cxt 0] Pipeline 'ingress': end
[11:12:25.579] [bmv2] [D] [thread 25549] [21.0] [cxt 0] Egress port is 0
[11:12:25.579] [bmv2] [D] [thread 25550] [21.0] [cxt 0] Pipeline 'egress': start
[11:12:25.579] [bmv2] [D] [thread 25550] [21.0] [cxt 0] Pipeline 'egress': end
[11:12:25.580] [bmv2] [D] [thread 25550] [21.0] [cxt 0] Deparser 'deparser': start
[11:12:25.580] [bmv2] [T] [thread 25550] [21.0] [cxt 0] Skipping checksum 'cksum' update because condition not met
[11:12:25.580] [bmv2] [D] [thread 25550] [21.0] [cxt 0] Deparsing header 'ethernet'
[11:12:25.581] [bmv2] [D] [thread 25550] [21.0] [cxt 0] Deparser 'deparser': end
[11:12:25.581] [bmv2] [D] [thread 25554] [21.0] [cxt 0] Transmitting packet of size 70 out of port 0
[11:12:26.070] [bmv2] [D] [thread 25549] [22.0] [cxt 0] Processing packet received on port 3
[11:12:26.070] [bmv2] [D] [thread 25549] [22.0] [cxt 0] Parser 'parser': start
[11:12:26.071] [bmv2] [D] [thread 25549] [22.0] [cxt 0] Parser 'parser' entering state 'start'
[11:12:26.071] [bmv2] [D] [thread 25549] [22.0] [cxt 0] Extracting header 'ethernet'
[11:12:26.072] [bmv2] [D] [thread 25549] [22.0] [cxt 0] Parser state 'start': key is 86dd
[11:12:26.073] [bmv2] [T] [thread 25549] [22.0] [cxt 0] Bytes parsed: 14
[11:12:26.073] [bmv2] [D] [thread 25549] [22.0] [cxt 0] Parser 'parser': end
[11:12:26.073] [bmv2] [D] [thread 25549] [22.0] [cxt 0] Pipeline 'ingress': start
[11:12:26.073] [bmv2] [T] [thread 25549] [22.0] [cxt 0] routing.p4(114) Condition "hdr.ipv4.isValid()" (node_2) is false
[11:12:26.074] [bmv2] [D] [thread 25549] [22.0] [cxt 0] Pipeline 'ingress': end
[11:12:26.074] [bmv2] [D] [thread 25549] [22.0] [cxt 0] Egress port is 0
[11:12:26.075] [bmv2] [D] [thread 25550] [22.0] [cxt 0] Pipeline 'egress': start
[11:12:26.076] [bmv2] [D] [thread 25550] [22.0] [cxt 0] Pipeline 'egress': end
[11:12:26.076] [bmv2] [D] [thread 25550] [22.0] [cxt 0] Deparser 'deparser': start
[11:12:26.077] [bmv2] [T] [thread 25550] [22.0] [cxt 0] Skipping checksum 'cksum' update because condition not met
[11:12:26.077] [bmv2] [D] [thread 25550] [22.0] [cxt 0] Deparsing header 'ethernet'
[11:12:26.078] [bmv2] [D] [thread 25550] [22.0] [cxt 0] Deparser 'deparser': end
[11:12:26.078] [bmv2] [D] [thread 25554] [22.0] [cxt 0] Transmitting packet of size 70 out of port 0
[11:12:26.214] [bmv2] [D] [thread 25549] [23.0] [cxt 0] Processing packet received on port 2
[11:12:26.214] [bmv2] [D] [thread 25549] [23.0] [cxt 0] Parser 'parser': start
[11:12:26.215] [bmv2] [D] [thread 25549] [23.0] [cxt 0] Parser 'parser' entering state 'start'
[11:12:26.215] [bmv2] [D] [thread 25549] [23.0] [cxt 0] Extracting header 'ethernet'
[11:12:26.216] [bmv2] [D] [thread 25549] [23.0] [cxt 0] Parser state 'start': key is 86dd
[11:12:26.216] [bmv2] [T] [thread 25549] [23.0] [cxt 0] Bytes parsed: 14
[11:12:26.217] [bmv2] [D] [thread 25549] [23.0] [cxt 0] Parser 'parser': end
[11:12:26.217] [bmv2] [D] [thread 25549] [23.0] [cxt 0] Pipeline 'ingress': start
[11:12:26.218] [bmv2] [T] [thread 25549] [23.0] [cxt 0] routing.p4(114) Condition "hdr.ipv4.isValid()" (node_2) is false
[11:12:26.220] [bmv2] [D] [thread 25549] [23.0] [cxt 0] Pipeline 'ingress': end
[11:12:26.222] [bmv2] [D] [thread 25549] [23.0] [cxt 0] Egress port is 0
[11:12:26.223] [bmv2] [D] [thread 25550] [23.0] [cxt 0] Pipeline 'egress': start
[11:12:26.223] [bmv2] [D] [thread 25550] [23.0] [cxt 0] Pipeline 'egress': end
[11:12:26.224] [bmv2] [D] [thread 25550] [23.0] [cxt 0] Deparser 'deparser': start
[11:12:26.224] [bmv2] [T] [thread 25550] [23.0] [cxt 0] Skipping checksum 'cksum' update because condition not met
[11:12:26.224] [bmv2] [D] [thread 25550] [23.0] [cxt 0] Deparsing header 'ethernet'
[11:12:26.225] [bmv2] [D] [thread 25550] [23.0] [cxt 0] Deparser 'deparser': end
[11:12:26.225] [bmv2] [D] [thread 25554] [23.0] [cxt 0] Transmitting packet of size 70 out of port 0
[11:12:26.246] [bmv2] [D] [thread 25549] [24.0] [cxt 0] Processing packet received on port 2
[11:12:26.246] [bmv2] [D] [thread 25549] [24.0] [cxt 0] Parser 'parser': start
[11:12:26.247] [bmv2] [D] [thread 25549] [24.0] [cxt 0] Parser 'parser' entering state 'start'
[11:12:26.248] [bmv2] [D] [thread 25549] [24.0] [cxt 0] Extracting header 'ethernet'
[11:12:26.248] [bmv2] [D] [thread 25549] [24.0] [cxt 0] Parser state 'start': key is 86dd
[11:12:26.249] [bmv2] [T] [thread 25549] [24.0] [cxt 0] Bytes parsed: 14
[11:12:26.249] [bmv2] [D] [thread 25549] [24.0] [cxt 0] Parser 'parser': end
[11:12:26.249] [bmv2] [D] [thread 25549] [24.0] [cxt 0] Pipeline 'ingress': start
[11:12:26.250] [bmv2] [T] [thread 25549] [24.0] [cxt 0] routing.p4(114) Condition "hdr.ipv4.isValid()" (node_2) is false
[11:12:26.250] [bmv2] [D] [thread 25549] [24.0] [cxt 0] Pipeline 'ingress': end
[11:12:26.251] [bmv2] [D] [thread 25549] [24.0] [cxt 0] Egress port is 0
[11:12:26.251] [bmv2] [D] [thread 25550] [24.0] [cxt 0] Pipeline 'egress': start
[11:12:26.252] [bmv2] [D] [thread 25550] [24.0] [cxt 0] Pipeline 'egress': end
[11:12:26.252] [bmv2] [D] [thread 25550] [24.0] [cxt 0] Deparser 'deparser': start
[11:12:26.252] [bmv2] [T] [thread 25550] [24.0] [cxt 0] Skipping checksum 'cksum' update because condition not met
[11:12:26.253] [bmv2] [D] [thread 25550] [24.0] [cxt 0] Deparsing header 'ethernet'
[11:12:26.254] [bmv2] [D] [thread 25550] [24.0] [cxt 0] Deparser 'deparser': end
[11:12:26.254] [bmv2] [D] [thread 25554] [24.0] [cxt 0] Transmitting packet of size 70 out of port 0
[11:12:27.284] [bmv2] [D] [thread 25549] [25.0] [cxt 0] Processing packet received on port 1
[11:12:27.285] [bmv2] [D] [thread 25549] [25.0] [cxt 0] Parser 'parser': start
[11:12:27.285] [bmv2] [D] [thread 25549] [25.0] [cxt 0] Parser 'parser' entering state 'start'
[11:12:27.285] [bmv2] [D] [thread 25549] [25.0] [cxt 0] Extracting header 'ethernet'
[11:12:27.285] [bmv2] [D] [thread 25549] [25.0] [cxt 0] Parser state 'start': key is 0800
[11:12:27.286] [bmv2] [T] [thread 25549] [25.0] [cxt 0] Bytes parsed: 14
[11:12:27.286] [bmv2] [D] [thread 25549] [25.0] [cxt 0] Parser 'parser' entering state 'parse_ipv4'
[11:12:27.286] [bmv2] [D] [thread 25549] [25.0] [cxt 0] Extracting header 'ipv4'
[11:12:27.287] [bmv2] [D] [thread 25549] [25.0] [cxt 0] Parser state 'parse_ipv4' has no switch, going to default next state
[11:12:27.287] [bmv2] [T] [thread 25549] [25.0] [cxt 0] Bytes parsed: 34
[11:12:27.287] [bmv2] [D] [thread 25549] [25.0] [cxt 0] Parser 'parser': end
[11:12:27.287] [bmv2] [D] [thread 25549] [25.0] [cxt 0] Pipeline 'ingress': start
[11:12:27.288] [bmv2] [T] [thread 25549] [25.0] [cxt 0] routing.p4(114) Condition "hdr.ipv4.isValid()" (node_2) is true
[11:12:27.288] [bmv2] [T] [thread 25549] [25.0] [cxt 0] Applying table 'MyIngress.ipv4_lpm'
[11:12:27.288] [bmv2] [D] [thread 25549] [25.0] [cxt 0] Looking up key:
* hdr.ipv4.dstAddr    : 0a000202

[11:12:27.289] [bmv2] [D] [thread 25549] [25.0] [cxt 0] Table 'MyIngress.ipv4_lpm': hit with handle 1
[11:12:27.289] [bmv2] [D] [thread 25549] [25.0] [cxt 0] Dumping entry 1
Match key:
* hdr.ipv4.dstAddr    : LPM       0a000202/32
Action entry: MyIngress.ipv4_forward - 80000000200,2,

[11:12:27.290] [bmv2] [D] [thread 25549] [25.0] [cxt 0] Action entry is MyIngress.ipv4_forward - 80000000200,2,
[11:12:27.290] [bmv2] [T] [thread 25549] [25.0] [cxt 0] Action MyIngress.ipv4_forward
[11:12:27.290] [bmv2] [T] [thread 25549] [25.0] [cxt 0] routing.p4(94) Primitive standard_metadata.egress_spec = port
[11:12:27.290] [bmv2] [T] [thread 25549] [25.0] [cxt 0] routing.p4(95) Primitive hdr.ethernet.srcAddr = hdr.ethernet.dstAddr
[11:12:27.291] [bmv2] [T] [thread 25549] [25.0] [cxt 0] routing.p4(96) Primitive hdr.ethernet.dstAddr = dstAddr
[11:12:27.291] [bmv2] [T] [thread 25549] [25.0] [cxt 0] routing.p4(97) Primitive hdr.ipv4.ttl = hdr.ipv4.ttl - 1
[11:12:27.291] [bmv2] [D] [thread 25549] [25.0] [cxt 0] Pipeline 'ingress': end
[11:12:27.292] [bmv2] [D] [thread 25549] [25.0] [cxt 0] Egress port is 2
[11:12:27.292] [bmv2] [D] [thread 25552] [25.0] [cxt 0] Pipeline 'egress': start
[11:12:27.292] [bmv2] [D] [thread 25552] [25.0] [cxt 0] Pipeline 'egress': end
[11:12:27.293] [bmv2] [D] [thread 25552] [25.0] [cxt 0] Deparser 'deparser': start
[11:12:27.293] [bmv2] [D] [thread 25552] [25.0] [cxt 0] Updating checksum 'cksum'
[11:12:27.293] [bmv2] [D] [thread 25552] [25.0] [cxt 0] Deparsing header 'ethernet'
[11:12:27.293] [bmv2] [D] [thread 25552] [25.0] [cxt 0] Deparsing header 'ipv4'
[11:12:27.293] [bmv2] [D] [thread 25552] [25.0] [cxt 0] Deparser 'deparser': end
[11:12:27.294] [bmv2] [D] [thread 25554] [25.0] [cxt 0] Transmitting packet of size 98 out of port 2
[11:12:27.389] [bmv2] [D] [thread 25549] [26.0] [cxt 0] Processing packet received on port 2
[11:12:27.390] [bmv2] [D] [thread 25549] [26.0] [cxt 0] Parser 'parser': start
[11:12:27.392] [bmv2] [D] [thread 25549] [26.0] [cxt 0] Parser 'parser' entering state 'start'
[11:12:27.392] [bmv2] [D] [thread 25549] [26.0] [cxt 0] Extracting header 'ethernet'
[11:12:27.393] [bmv2] [D] [thread 25549] [26.0] [cxt 0] Parser state 'start': key is 0800
[11:12:27.393] [bmv2] [T] [thread 25549] [26.0] [cxt 0] Bytes parsed: 14
[11:12:27.394] [bmv2] [D] [thread 25549] [26.0] [cxt 0] Parser 'parser' entering state 'parse_ipv4'
[11:12:27.394] [bmv2] [D] [thread 25549] [26.0] [cxt 0] Extracting header 'ipv4'
[11:12:27.402] [bmv2] [D] [thread 25549] [26.0] [cxt 0] Parser state 'parse_ipv4' has no switch, going to default next state
[11:12:27.402] [bmv2] [T] [thread 25549] [26.0] [cxt 0] Bytes parsed: 34
[11:12:27.402] [bmv2] [D] [thread 25549] [26.0] [cxt 0] Parser 'parser': end
[11:12:27.403] [bmv2] [D] [thread 25549] [26.0] [cxt 0] Pipeline 'ingress': start
[11:12:27.403] [bmv2] [T] [thread 25549] [26.0] [cxt 0] routing.p4(114) Condition "hdr.ipv4.isValid()" (node_2) is true
[11:12:27.403] [bmv2] [T] [thread 25549] [26.0] [cxt 0] Applying table 'MyIngress.ipv4_lpm'
[11:12:27.403] [bmv2] [D] [thread 25549] [26.0] [cxt 0] Looking up key:
* hdr.ipv4.dstAddr    : 0a000101

[11:12:27.404] [bmv2] [D] [thread 25549] [26.0] [cxt 0] Table 'MyIngress.ipv4_lpm': hit with handle 0
[11:12:27.404] [bmv2] [D] [thread 25549] [26.0] [cxt 0] Dumping entry 0
Match key:
* hdr.ipv4.dstAddr    : LPM       0a000101/32
Action entry: MyIngress.ipv4_forward - 80000000111,1,

[11:12:27.404] [bmv2] [D] [thread 25549] [26.0] [cxt 0] Action entry is MyIngress.ipv4_forward - 80000000111,1,
[11:12:27.405] [bmv2] [T] [thread 25549] [26.0] [cxt 0] Action MyIngress.ipv4_forward
[11:12:27.405] [bmv2] [T] [thread 25549] [26.0] [cxt 0] routing.p4(94) Primitive standard_metadata.egress_spec = port
[11:12:27.406] [bmv2] [T] [thread 25549] [26.0] [cxt 0] routing.p4(95) Primitive hdr.ethernet.srcAddr = hdr.ethernet.dstAddr
[11:12:27.406] [bmv2] [T] [thread 25549] [26.0] [cxt 0] routing.p4(96) Primitive hdr.ethernet.dstAddr = dstAddr
[11:12:27.406] [bmv2] [T] [thread 25549] [26.0] [cxt 0] routing.p4(97) Primitive hdr.ipv4.ttl = hdr.ipv4.ttl - 1
[11:12:27.406] [bmv2] [D] [thread 25549] [26.0] [cxt 0] Pipeline 'ingress': end
[11:12:27.407] [bmv2] [D] [thread 25549] [26.0] [cxt 0] Egress port is 1
[11:12:27.407] [bmv2] [D] [thread 25551] [26.0] [cxt 0] Pipeline 'egress': start
[11:12:27.407] [bmv2] [D] [thread 25551] [26.0] [cxt 0] Pipeline 'egress': end
[11:12:27.407] [bmv2] [D] [thread 25551] [26.0] [cxt 0] Deparser 'deparser': start
[11:12:27.407] [bmv2] [D] [thread 25551] [26.0] [cxt 0] Updating checksum 'cksum'
[11:12:27.407] [bmv2] [D] [thread 25551] [26.0] [cxt 0] Deparsing header 'ethernet'
[11:12:27.408] [bmv2] [D] [thread 25551] [26.0] [cxt 0] Deparsing header 'ipv4'
[11:12:27.408] [bmv2] [D] [thread 25551] [26.0] [cxt 0] Deparser 'deparser': end
[11:12:27.408] [bmv2] [D] [thread 25554] [26.0] [cxt 0] Transmitting packet of size 98 out of port 1
[11:12:27.413] [bmv2] [D] [thread 25549] [27.0] [cxt 0] Processing packet received on port 1
[11:12:27.414] [bmv2] [D] [thread 25549] [27.0] [cxt 0] Parser 'parser': start
[11:12:27.415] [bmv2] [D] [thread 25549] [27.0] [cxt 0] Parser 'parser' entering state 'start'
[11:12:27.415] [bmv2] [D] [thread 25549] [27.0] [cxt 0] Extracting header 'ethernet'
[11:12:27.415] [bmv2] [D] [thread 25549] [27.0] [cxt 0] Parser state 'start': key is 0800
[11:12:27.415] [bmv2] [T] [thread 25549] [27.0] [cxt 0] Bytes parsed: 14
[11:12:27.416] [bmv2] [D] [thread 25549] [27.0] [cxt 0] Parser 'parser' entering state 'parse_ipv4'
[11:12:27.417] [bmv2] [D] [thread 25549] [27.0] [cxt 0] Extracting header 'ipv4'
[11:12:27.417] [bmv2] [D] [thread 25549] [27.0] [cxt 0] Parser state 'parse_ipv4' has no switch, going to default next state
[11:12:27.418] [bmv2] [T] [thread 25549] [27.0] [cxt 0] Bytes parsed: 34
[11:12:27.418] [bmv2] [D] [thread 25549] [27.0] [cxt 0] Parser 'parser': end
[11:12:27.419] [bmv2] [D] [thread 25549] [27.0] [cxt 0] Pipeline 'ingress': start
[11:12:27.419] [bmv2] [T] [thread 25549] [27.0] [cxt 0] routing.p4(114) Condition "hdr.ipv4.isValid()" (node_2) is true
[11:12:27.419] [bmv2] [T] [thread 25549] [27.0] [cxt 0] Applying table 'MyIngress.ipv4_lpm'
[11:12:27.419] [bmv2] [D] [thread 25549] [27.0] [cxt 0] Looking up key:
* hdr.ipv4.dstAddr    : 0a000303

[11:12:27.420] [bmv2] [D] [thread 25549] [27.0] [cxt 0] Table 'MyIngress.ipv4_lpm': hit with handle 2
[11:12:27.420] [bmv2] [D] [thread 25549] [27.0] [cxt 0] Dumping entry 2
Match key:
* hdr.ipv4.dstAddr    : LPM       0a000303/32
Action entry: MyIngress.ipv4_forward - 80000000300,3,

[11:12:27.420] [bmv2] [D] [thread 25549] [27.0] [cxt 0] Action entry is MyIngress.ipv4_forward - 80000000300,3,
[11:12:27.420] [bmv2] [T] [thread 25549] [27.0] [cxt 0] Action MyIngress.ipv4_forward
[11:12:27.420] [bmv2] [T] [thread 25549] [27.0] [cxt 0] routing.p4(94) Primitive standard_metadata.egress_spec = port
[11:12:27.420] [bmv2] [T] [thread 25549] [27.0] [cxt 0] routing.p4(95) Primitive hdr.ethernet.srcAddr = hdr.ethernet.dstAddr
[11:12:27.420] [bmv2] [T] [thread 25549] [27.0] [cxt 0] routing.p4(96) Primitive hdr.ethernet.dstAddr = dstAddr
[11:12:27.420] [bmv2] [T] [thread 25549] [27.0] [cxt 0] routing.p4(97) Primitive hdr.ipv4.ttl = hdr.ipv4.ttl - 1
[11:12:27.420] [bmv2] [D] [thread 25549] [27.0] [cxt 0] Pipeline 'ingress': end
[11:12:27.421] [bmv2] [D] [thread 25549] [27.0] [cxt 0] Egress port is 3
[11:12:27.421] [bmv2] [D] [thread 25553] [27.0] [cxt 0] Pipeline 'egress': start
[11:12:27.421] [bmv2] [D] [thread 25553] [27.0] [cxt 0] Pipeline 'egress': end
[11:12:27.425] [bmv2] [D] [thread 25553] [27.0] [cxt 0] Deparser 'deparser': start
[11:12:27.426] [bmv2] [D] [thread 25553] [27.0] [cxt 0] Updating checksum 'cksum'
[11:12:27.426] [bmv2] [D] [thread 25553] [27.0] [cxt 0] Deparsing header 'ethernet'
[11:12:27.426] [bmv2] [D] [thread 25553] [27.0] [cxt 0] Deparsing header 'ipv4'
[11:12:27.426] [bmv2] [D] [thread 25553] [27.0] [cxt 0] Deparser 'deparser': end
[11:12:27.426] [bmv2] [D] [thread 25554] [27.0] [cxt 0] Transmitting packet of size 98 out of port 3
[11:12:27.441] [bmv2] [D] [thread 25549] [28.0] [cxt 0] Processing packet received on port 3
[11:12:27.441] [bmv2] [D] [thread 25549] [28.0] [cxt 0] Parser 'parser': start
[11:12:27.441] [bmv2] [D] [thread 25549] [28.0] [cxt 0] Parser 'parser' entering state 'start'
[11:12:27.441] [bmv2] [D] [thread 25549] [28.0] [cxt 0] Extracting header 'ethernet'
[11:12:27.442] [bmv2] [D] [thread 25549] [28.0] [cxt 0] Parser state 'start': key is 0800
[11:12:27.442] [bmv2] [T] [thread 25549] [28.0] [cxt 0] Bytes parsed: 14
[11:12:27.442] [bmv2] [D] [thread 25549] [28.0] [cxt 0] Parser 'parser' entering state 'parse_ipv4'
[11:12:27.442] [bmv2] [D] [thread 25549] [28.0] [cxt 0] Extracting header 'ipv4'
[11:12:27.442] [bmv2] [D] [thread 25549] [28.0] [cxt 0] Parser state 'parse_ipv4' has no switch, going to default next state
[11:12:27.442] [bmv2] [T] [thread 25549] [28.0] [cxt 0] Bytes parsed: 34
[11:12:27.442] [bmv2] [D] [thread 25549] [28.0] [cxt 0] Parser 'parser': end
[11:12:27.442] [bmv2] [D] [thread 25549] [28.0] [cxt 0] Pipeline 'ingress': start
[11:12:27.442] [bmv2] [T] [thread 25549] [28.0] [cxt 0] routing.p4(114) Condition "hdr.ipv4.isValid()" (node_2) is true
[11:12:27.442] [bmv2] [T] [thread 25549] [28.0] [cxt 0] Applying table 'MyIngress.ipv4_lpm'
[11:12:27.442] [bmv2] [D] [thread 25549] [28.0] [cxt 0] Looking up key:
* hdr.ipv4.dstAddr    : 0a000101

[11:12:27.442] [bmv2] [D] [thread 25549] [28.0] [cxt 0] Table 'MyIngress.ipv4_lpm': hit with handle 0
[11:12:27.442] [bmv2] [D] [thread 25549] [28.0] [cxt 0] Dumping entry 0
Match key:
* hdr.ipv4.dstAddr    : LPM       0a000101/32
Action entry: MyIngress.ipv4_forward - 80000000111,1,

[11:12:27.442] [bmv2] [D] [thread 25549] [28.0] [cxt 0] Action entry is MyIngress.ipv4_forward - 80000000111,1,
[11:12:27.442] [bmv2] [T] [thread 25549] [28.0] [cxt 0] Action MyIngress.ipv4_forward
[11:12:27.442] [bmv2] [T] [thread 25549] [28.0] [cxt 0] routing.p4(94) Primitive standard_metadata.egress_spec = port
[11:12:27.442] [bmv2] [T] [thread 25549] [28.0] [cxt 0] routing.p4(95) Primitive hdr.ethernet.srcAddr = hdr.ethernet.dstAddr
[11:12:27.443] [bmv2] [T] [thread 25549] [28.0] [cxt 0] routing.p4(96) Primitive hdr.ethernet.dstAddr = dstAddr
[11:12:27.443] [bmv2] [T] [thread 25549] [28.0] [cxt 0] routing.p4(97) Primitive hdr.ipv4.ttl = hdr.ipv4.ttl - 1
[11:12:27.443] [bmv2] [D] [thread 25549] [28.0] [cxt 0] Pipeline 'ingress': end
[11:12:27.443] [bmv2] [D] [thread 25549] [28.0] [cxt 0] Egress port is 1
[11:12:27.443] [bmv2] [D] [thread 25551] [28.0] [cxt 0] Pipeline 'egress': start
[11:12:27.443] [bmv2] [D] [thread 25551] [28.0] [cxt 0] Pipeline 'egress': end
[11:12:27.443] [bmv2] [D] [thread 25551] [28.0] [cxt 0] Deparser 'deparser': start
[11:12:27.443] [bmv2] [D] [thread 25551] [28.0] [cxt 0] Updating checksum 'cksum'
[11:12:27.443] [bmv2] [D] [thread 25551] [28.0] [cxt 0] Deparsing header 'ethernet'
[11:12:27.443] [bmv2] [D] [thread 25551] [28.0] [cxt 0] Deparsing header 'ipv4'
[11:12:27.443] [bmv2] [D] [thread 25551] [28.0] [cxt 0] Deparser 'deparser': end
[11:12:27.443] [bmv2] [D] [thread 25554] [28.0] [cxt 0] Transmitting packet of size 98 out of port 1
[11:12:27.456] [bmv2] [D] [thread 25549] [29.0] [cxt 0] Processing packet received on port 2
[11:12:27.456] [bmv2] [D] [thread 25549] [29.0] [cxt 0] Parser 'parser': start
[11:12:27.456] [bmv2] [D] [thread 25549] [29.0] [cxt 0] Parser 'parser' entering state 'start'
[11:12:27.456] [bmv2] [D] [thread 25549] [29.0] [cxt 0] Extracting header 'ethernet'
[11:12:27.456] [bmv2] [D] [thread 25549] [29.0] [cxt 0] Parser state 'start': key is 0800
[11:12:27.456] [bmv2] [T] [thread 25549] [29.0] [cxt 0] Bytes parsed: 14
[11:12:27.456] [bmv2] [D] [thread 25549] [29.0] [cxt 0] Parser 'parser' entering state 'parse_ipv4'
[11:12:27.456] [bmv2] [D] [thread 25549] [29.0] [cxt 0] Extracting header 'ipv4'
[11:12:27.457] [bmv2] [D] [thread 25549] [29.0] [cxt 0] Parser state 'parse_ipv4' has no switch, going to default next state
[11:12:27.457] [bmv2] [T] [thread 25549] [29.0] [cxt 0] Bytes parsed: 34
[11:12:27.457] [bmv2] [D] [thread 25549] [29.0] [cxt 0] Parser 'parser': end
[11:12:27.457] [bmv2] [D] [thread 25549] [29.0] [cxt 0] Pipeline 'ingress': start
[11:12:27.457] [bmv2] [T] [thread 25549] [29.0] [cxt 0] routing.p4(114) Condition "hdr.ipv4.isValid()" (node_2) is true
[11:12:27.457] [bmv2] [T] [thread 25549] [29.0] [cxt 0] Applying table 'MyIngress.ipv4_lpm'
[11:12:27.457] [bmv2] [D] [thread 25549] [29.0] [cxt 0] Looking up key:
* hdr.ipv4.dstAddr    : 0a000101

[11:12:27.457] [bmv2] [D] [thread 25549] [29.0] [cxt 0] Table 'MyIngress.ipv4_lpm': hit with handle 0
[11:12:27.457] [bmv2] [D] [thread 25549] [29.0] [cxt 0] Dumping entry 0
Match key:
* hdr.ipv4.dstAddr    : LPM       0a000101/32
Action entry: MyIngress.ipv4_forward - 80000000111,1,

[11:12:27.457] [bmv2] [D] [thread 25549] [29.0] [cxt 0] Action entry is MyIngress.ipv4_forward - 80000000111,1,
[11:12:27.457] [bmv2] [T] [thread 25549] [29.0] [cxt 0] Action MyIngress.ipv4_forward
[11:12:27.457] [bmv2] [T] [thread 25549] [29.0] [cxt 0] routing.p4(94) Primitive standard_metadata.egress_spec = port
[11:12:27.457] [bmv2] [T] [thread 25549] [29.0] [cxt 0] routing.p4(95) Primitive hdr.ethernet.srcAddr = hdr.ethernet.dstAddr
[11:12:27.457] [bmv2] [T] [thread 25549] [29.0] [cxt 0] routing.p4(96) Primitive hdr.ethernet.dstAddr = dstAddr
[11:12:27.457] [bmv2] [T] [thread 25549] [29.0] [cxt 0] routing.p4(97) Primitive hdr.ipv4.ttl = hdr.ipv4.ttl - 1
[11:12:27.457] [bmv2] [D] [thread 25549] [29.0] [cxt 0] Pipeline 'ingress': end
[11:12:27.457] [bmv2] [D] [thread 25549] [29.0] [cxt 0] Egress port is 1
[11:12:27.457] [bmv2] [D] [thread 25551] [29.0] [cxt 0] Pipeline 'egress': start
[11:12:27.458] [bmv2] [D] [thread 25551] [29.0] [cxt 0] Pipeline 'egress': end
[11:12:27.458] [bmv2] [D] [thread 25551] [29.0] [cxt 0] Deparser 'deparser': start
[11:12:27.458] [bmv2] [D] [thread 25551] [29.0] [cxt 0] Updating checksum 'cksum'
[11:12:27.458] [bmv2] [D] [thread 25551] [29.0] [cxt 0] Deparsing header 'ethernet'
[11:12:27.458] [bmv2] [D] [thread 25551] [29.0] [cxt 0] Deparsing header 'ipv4'
[11:12:27.458] [bmv2] [D] [thread 25551] [29.0] [cxt 0] Deparser 'deparser': end
[11:12:27.458] [bmv2] [D] [thread 25554] [29.0] [cxt 0] Transmitting packet of size 98 out of port 1
[11:12:27.458] [bmv2] [D] [thread 25549] [30.0] [cxt 0] Processing packet received on port 1
[11:12:27.458] [bmv2] [D] [thread 25549] [30.0] [cxt 0] Parser 'parser': start
[11:12:27.458] [bmv2] [D] [thread 25549] [30.0] [cxt 0] Parser 'parser' entering state 'start'
[11:12:27.458] [bmv2] [D] [thread 25549] [30.0] [cxt 0] Extracting header 'ethernet'
[11:12:27.458] [bmv2] [D] [thread 25549] [30.0] [cxt 0] Parser state 'start': key is 0800
[11:12:27.458] [bmv2] [T] [thread 25549] [30.0] [cxt 0] Bytes parsed: 14
[11:12:27.458] [bmv2] [D] [thread 25549] [30.0] [cxt 0] Parser 'parser' entering state 'parse_ipv4'
[11:12:27.458] [bmv2] [D] [thread 25549] [30.0] [cxt 0] Extracting header 'ipv4'
[11:12:27.458] [bmv2] [D] [thread 25549] [30.0] [cxt 0] Parser state 'parse_ipv4' has no switch, going to default next state
[11:12:27.458] [bmv2] [T] [thread 25549] [30.0] [cxt 0] Bytes parsed: 34
[11:12:27.458] [bmv2] [D] [thread 25549] [30.0] [cxt 0] Parser 'parser': end
[11:12:27.459] [bmv2] [D] [thread 25549] [30.0] [cxt 0] Pipeline 'ingress': start
[11:12:27.459] [bmv2] [T] [thread 25549] [30.0] [cxt 0] routing.p4(114) Condition "hdr.ipv4.isValid()" (node_2) is true
[11:12:27.459] [bmv2] [T] [thread 25549] [30.0] [cxt 0] Applying table 'MyIngress.ipv4_lpm'
[11:12:27.459] [bmv2] [D] [thread 25549] [30.0] [cxt 0] Looking up key:
* hdr.ipv4.dstAddr    : 0a000202

[11:12:27.459] [bmv2] [D] [thread 25549] [30.0] [cxt 0] Table 'MyIngress.ipv4_lpm': hit with handle 1
[11:12:27.459] [bmv2] [D] [thread 25549] [30.0] [cxt 0] Dumping entry 1
Match key:
* hdr.ipv4.dstAddr    : LPM       0a000202/32
Action entry: MyIngress.ipv4_forward - 80000000200,2,

[11:12:27.459] [bmv2] [D] [thread 25549] [30.0] [cxt 0] Action entry is MyIngress.ipv4_forward - 80000000200,2,
[11:12:27.459] [bmv2] [T] [thread 25549] [30.0] [cxt 0] Action MyIngress.ipv4_forward
[11:12:27.459] [bmv2] [T] [thread 25549] [30.0] [cxt 0] routing.p4(94) Primitive standard_metadata.egress_spec = port
[11:12:27.459] [bmv2] [T] [thread 25549] [30.0] [cxt 0] routing.p4(95) Primitive hdr.ethernet.srcAddr = hdr.ethernet.dstAddr
[11:12:27.459] [bmv2] [T] [thread 25549] [30.0] [cxt 0] routing.p4(96) Primitive hdr.ethernet.dstAddr = dstAddr
[11:12:27.459] [bmv2] [T] [thread 25549] [30.0] [cxt 0] routing.p4(97) Primitive hdr.ipv4.ttl = hdr.ipv4.ttl - 1
[11:12:27.459] [bmv2] [D] [thread 25549] [30.0] [cxt 0] Pipeline 'ingress': end
[11:12:27.459] [bmv2] [D] [thread 25549] [30.0] [cxt 0] Egress port is 2
[11:12:27.459] [bmv2] [D] [thread 25552] [30.0] [cxt 0] Pipeline 'egress': start
[11:12:27.459] [bmv2] [D] [thread 25552] [30.0] [cxt 0] Pipeline 'egress': end
[11:12:27.459] [bmv2] [D] [thread 25552] [30.0] [cxt 0] Deparser 'deparser': start
[11:12:27.459] [bmv2] [D] [thread 25552] [30.0] [cxt 0] Updating checksum 'cksum'
[11:12:27.460] [bmv2] [D] [thread 25552] [30.0] [cxt 0] Deparsing header 'ethernet'
[11:12:27.460] [bmv2] [D] [thread 25552] [30.0] [cxt 0] Deparsing header 'ipv4'
[11:12:27.460] [bmv2] [D] [thread 25552] [30.0] [cxt 0] Deparser 'deparser': end
[11:12:27.460] [bmv2] [D] [thread 25554] [30.0] [cxt 0] Transmitting packet of size 98 out of port 2
[11:12:27.525] [bmv2] [D] [thread 25549] [31.0] [cxt 0] Processing packet received on port 3
[11:12:27.525] [bmv2] [D] [thread 25549] [31.0] [cxt 0] Parser 'parser': start
[11:12:27.525] [bmv2] [D] [thread 25549] [31.0] [cxt 0] Parser 'parser' entering state 'start'
[11:12:27.525] [bmv2] [D] [thread 25549] [31.0] [cxt 0] Extracting header 'ethernet'
[11:12:27.525] [bmv2] [D] [thread 25549] [31.0] [cxt 0] Parser state 'start': key is 0800
[11:12:27.526] [bmv2] [T] [thread 25549] [31.0] [cxt 0] Bytes parsed: 14
[11:12:27.526] [bmv2] [D] [thread 25549] [31.0] [cxt 0] Parser 'parser' entering state 'parse_ipv4'
[11:12:27.526] [bmv2] [D] [thread 25549] [31.0] [cxt 0] Extracting header 'ipv4'
[11:12:27.526] [bmv2] [D] [thread 25549] [31.0] [cxt 0] Parser state 'parse_ipv4' has no switch, going to default next state
[11:12:27.526] [bmv2] [T] [thread 25549] [31.0] [cxt 0] Bytes parsed: 34
[11:12:27.526] [bmv2] [D] [thread 25549] [31.0] [cxt 0] Parser 'parser': end
[11:12:27.526] [bmv2] [D] [thread 25549] [31.0] [cxt 0] Pipeline 'ingress': start
[11:12:27.526] [bmv2] [T] [thread 25549] [31.0] [cxt 0] routing.p4(114) Condition "hdr.ipv4.isValid()" (node_2) is true
[11:12:27.526] [bmv2] [T] [thread 25549] [31.0] [cxt 0] Applying table 'MyIngress.ipv4_lpm'
[11:12:27.526] [bmv2] [D] [thread 25549] [31.0] [cxt 0] Looking up key:
* hdr.ipv4.dstAddr    : 0a000101

[11:12:27.526] [bmv2] [D] [thread 25549] [31.0] [cxt 0] Table 'MyIngress.ipv4_lpm': hit with handle 0
[11:12:27.526] [bmv2] [D] [thread 25549] [31.0] [cxt 0] Dumping entry 0
Match key:
* hdr.ipv4.dstAddr    : LPM       0a000101/32
Action entry: MyIngress.ipv4_forward - 80000000111,1,

[11:12:27.526] [bmv2] [D] [thread 25549] [31.0] [cxt 0] Action entry is MyIngress.ipv4_forward - 80000000111,1,
[11:12:27.526] [bmv2] [T] [thread 25549] [31.0] [cxt 0] Action MyIngress.ipv4_forward
[11:12:27.526] [bmv2] [T] [thread 25549] [31.0] [cxt 0] routing.p4(94) Primitive standard_metadata.egress_spec = port
[11:12:27.526] [bmv2] [T] [thread 25549] [31.0] [cxt 0] routing.p4(95) Primitive hdr.ethernet.srcAddr = hdr.ethernet.dstAddr
[11:12:27.526] [bmv2] [T] [thread 25549] [31.0] [cxt 0] routing.p4(96) Primitive hdr.ethernet.dstAddr = dstAddr
[11:12:27.526] [bmv2] [T] [thread 25549] [31.0] [cxt 0] routing.p4(97) Primitive hdr.ipv4.ttl = hdr.ipv4.ttl - 1
[11:12:27.526] [bmv2] [D] [thread 25549] [31.0] [cxt 0] Pipeline 'ingress': end
[11:12:27.526] [bmv2] [D] [thread 25549] [31.0] [cxt 0] Egress port is 1
[11:12:27.526] [bmv2] [D] [thread 25551] [31.0] [cxt 0] Pipeline 'egress': start
[11:12:27.526] [bmv2] [D] [thread 25551] [31.0] [cxt 0] Pipeline 'egress': end
[11:12:27.526] [bmv2] [D] [thread 25551] [31.0] [cxt 0] Deparser 'deparser': start
[11:12:27.526] [bmv2] [D] [thread 25551] [31.0] [cxt 0] Updating checksum 'cksum'
[11:12:27.527] [bmv2] [D] [thread 25551] [31.0] [cxt 0] Deparsing header 'ethernet'
[11:12:27.527] [bmv2] [D] [thread 25551] [31.0] [cxt 0] Deparsing header 'ipv4'
[11:12:27.527] [bmv2] [D] [thread 25551] [31.0] [cxt 0] Deparser 'deparser': end
[11:12:27.527] [bmv2] [D] [thread 25554] [31.0] [cxt 0] Transmitting packet of size 98 out of port 1
[11:12:27.527] [bmv2] [D] [thread 25549] [32.0] [cxt 0] Processing packet received on port 1
[11:12:27.527] [bmv2] [D] [thread 25549] [32.0] [cxt 0] Parser 'parser': start
[11:12:27.527] [bmv2] [D] [thread 25549] [32.0] [cxt 0] Parser 'parser' entering state 'start'
[11:12:27.527] [bmv2] [D] [thread 25549] [32.0] [cxt 0] Extracting header 'ethernet'
[11:12:27.527] [bmv2] [D] [thread 25549] [32.0] [cxt 0] Parser state 'start': key is 0800
[11:12:27.527] [bmv2] [T] [thread 25549] [32.0] [cxt 0] Bytes parsed: 14
[11:12:27.527] [bmv2] [D] [thread 25549] [32.0] [cxt 0] Parser 'parser' entering state 'parse_ipv4'
[11:12:27.527] [bmv2] [D] [thread 25549] [32.0] [cxt 0] Extracting header 'ipv4'
[11:12:27.527] [bmv2] [D] [thread 25549] [32.0] [cxt 0] Parser state 'parse_ipv4' has no switch, going to default next state
[11:12:27.527] [bmv2] [T] [thread 25549] [32.0] [cxt 0] Bytes parsed: 34
[11:12:27.527] [bmv2] [D] [thread 25549] [32.0] [cxt 0] Parser 'parser': end
[11:12:27.527] [bmv2] [D] [thread 25549] [32.0] [cxt 0] Pipeline 'ingress': start
[11:12:27.527] [bmv2] [T] [thread 25549] [32.0] [cxt 0] routing.p4(114) Condition "hdr.ipv4.isValid()" (node_2) is true
[11:12:27.527] [bmv2] [T] [thread 25549] [32.0] [cxt 0] Applying table 'MyIngress.ipv4_lpm'
[11:12:27.527] [bmv2] [D] [thread 25549] [32.0] [cxt 0] Looking up key:
* hdr.ipv4.dstAddr    : 0a000303

[11:12:27.528] [bmv2] [D] [thread 25549] [32.0] [cxt 0] Table 'MyIngress.ipv4_lpm': hit with handle 2
[11:12:27.528] [bmv2] [D] [thread 25549] [32.0] [cxt 0] Dumping entry 2
Match key:
* hdr.ipv4.dstAddr    : LPM       0a000303/32
Action entry: MyIngress.ipv4_forward - 80000000300,3,

[11:12:27.528] [bmv2] [D] [thread 25549] [32.0] [cxt 0] Action entry is MyIngress.ipv4_forward - 80000000300,3,
[11:12:27.528] [bmv2] [T] [thread 25549] [32.0] [cxt 0] Action MyIngress.ipv4_forward
[11:12:27.528] [bmv2] [T] [thread 25549] [32.0] [cxt 0] routing.p4(94) Primitive standard_metadata.egress_spec = port
[11:12:27.528] [bmv2] [T] [thread 25549] [32.0] [cxt 0] routing.p4(95) Primitive hdr.ethernet.srcAddr = hdr.ethernet.dstAddr
[11:12:27.528] [bmv2] [T] [thread 25549] [32.0] [cxt 0] routing.p4(96) Primitive hdr.ethernet.dstAddr = dstAddr
[11:12:27.528] [bmv2] [T] [thread 25549] [32.0] [cxt 0] routing.p4(97) Primitive hdr.ipv4.ttl = hdr.ipv4.ttl - 1
[11:12:27.528] [bmv2] [D] [thread 25549] [32.0] [cxt 0] Pipeline 'ingress': end
[11:12:27.528] [bmv2] [D] [thread 25549] [32.0] [cxt 0] Egress port is 3
[11:12:27.528] [bmv2] [D] [thread 25553] [32.0] [cxt 0] Pipeline 'egress': start
[11:12:27.528] [bmv2] [D] [thread 25553] [32.0] [cxt 0] Pipeline 'egress': end
[11:12:27.528] [bmv2] [D] [thread 25553] [32.0] [cxt 0] Deparser 'deparser': start
[11:12:27.528] [bmv2] [D] [thread 25553] [32.0] [cxt 0] Updating checksum 'cksum'
[11:12:27.528] [bmv2] [D] [thread 25553] [32.0] [cxt 0] Deparsing header 'ethernet'
[11:12:27.528] [bmv2] [D] [thread 25553] [32.0] [cxt 0] Deparsing header 'ipv4'
[11:12:27.528] [bmv2] [D] [thread 25553] [32.0] [cxt 0] Deparser 'deparser': end
[11:12:27.528] [bmv2] [D] [thread 25554] [32.0] [cxt 0] Transmitting packet of size 98 out of port 3
[11:12:29.454] [bmv2] [D] [thread 25549] [33.0] [cxt 0] Processing packet received on port 3
[11:12:29.455] [bmv2] [D] [thread 25549] [33.0] [cxt 0] Parser 'parser': start
[11:12:29.455] [bmv2] [D] [thread 25549] [33.0] [cxt 0] Parser 'parser' entering state 'start'
[11:12:29.456] [bmv2] [D] [thread 25549] [33.0] [cxt 0] Extracting header 'ethernet'
[11:12:29.456] [bmv2] [D] [thread 25549] [33.0] [cxt 0] Parser state 'start': key is 86dd
[11:12:29.457] [bmv2] [T] [thread 25549] [33.0] [cxt 0] Bytes parsed: 14
[11:12:29.457] [bmv2] [D] [thread 25549] [33.0] [cxt 0] Parser 'parser': end
[11:12:29.458] [bmv2] [D] [thread 25549] [33.0] [cxt 0] Pipeline 'ingress': start
[11:12:29.458] [bmv2] [T] [thread 25549] [33.0] [cxt 0] routing.p4(114) Condition "hdr.ipv4.isValid()" (node_2) is false
[11:12:29.459] [bmv2] [D] [thread 25549] [33.0] [cxt 0] Pipeline 'ingress': end
[11:12:29.460] [bmv2] [D] [thread 25549] [33.0] [cxt 0] Egress port is 0
[11:12:29.461] [bmv2] [D] [thread 25550] [33.0] [cxt 0] Pipeline 'egress': start
[11:12:29.461] [bmv2] [D] [thread 25550] [33.0] [cxt 0] Pipeline 'egress': end
[11:12:29.461] [bmv2] [D] [thread 25550] [33.0] [cxt 0] Deparser 'deparser': start
[11:12:29.462] [bmv2] [T] [thread 25550] [33.0] [cxt 0] Skipping checksum 'cksum' update because condition not met
[11:12:29.462] [bmv2] [D] [thread 25550] [33.0] [cxt 0] Deparsing header 'ethernet'
[11:12:29.463] [bmv2] [D] [thread 25550] [33.0] [cxt 0] Deparser 'deparser': end
[11:12:29.463] [bmv2] [D] [thread 25554] [33.0] [cxt 0] Transmitting packet of size 70 out of port 0
[11:12:29.574] [bmv2] [D] [thread 25549] [34.0] [cxt 0] Processing packet received on port 1
[11:12:29.575] [bmv2] [D] [thread 25549] [34.0] [cxt 0] Parser 'parser': start
[11:12:29.575] [bmv2] [D] [thread 25549] [34.0] [cxt 0] Parser 'parser' entering state 'start'
[11:12:29.575] [bmv2] [D] [thread 25549] [34.0] [cxt 0] Extracting header 'ethernet'
[11:12:29.576] [bmv2] [D] [thread 25549] [34.0] [cxt 0] Parser state 'start': key is 86dd
[11:12:29.576] [bmv2] [T] [thread 25549] [34.0] [cxt 0] Bytes parsed: 14
[11:12:29.576] [bmv2] [D] [thread 25549] [34.0] [cxt 0] Parser 'parser': end
[11:12:29.576] [bmv2] [D] [thread 25549] [34.0] [cxt 0] Pipeline 'ingress': start
[11:12:29.577] [bmv2] [T] [thread 25549] [34.0] [cxt 0] routing.p4(114) Condition "hdr.ipv4.isValid()" (node_2) is false
[11:12:29.577] [bmv2] [D] [thread 25549] [34.0] [cxt 0] Pipeline 'ingress': end
[11:12:29.578] [bmv2] [D] [thread 25549] [34.0] [cxt 0] Egress port is 0
[11:12:29.578] [bmv2] [D] [thread 25550] [34.0] [cxt 0] Pipeline 'egress': start
[11:12:29.578] [bmv2] [D] [thread 25550] [34.0] [cxt 0] Pipeline 'egress': end
[11:12:29.579] [bmv2] [D] [thread 25550] [34.0] [cxt 0] Deparser 'deparser': start
[11:12:29.580] [bmv2] [T] [thread 25550] [34.0] [cxt 0] Skipping checksum 'cksum' update because condition not met
[11:12:29.580] [bmv2] [D] [thread 25550] [34.0] [cxt 0] Deparsing header 'ethernet'
[11:12:29.580] [bmv2] [D] [thread 25550] [34.0] [cxt 0] Deparser 'deparser': end
[11:12:29.581] [bmv2] [D] [thread 25554] [34.0] [cxt 0] Transmitting packet of size 70 out of port 0
[11:12:30.082] [bmv2] [D] [thread 25549] [35.0] [cxt 0] Processing packet received on port 3
[11:12:30.082] [bmv2] [D] [thread 25549] [35.0] [cxt 0] Parser 'parser': start
[11:12:30.083] [bmv2] [D] [thread 25549] [35.0] [cxt 0] Parser 'parser' entering state 'start'
[11:12:30.083] [bmv2] [D] [thread 25549] [35.0] [cxt 0] Extracting header 'ethernet'
[11:12:30.085] [bmv2] [D] [thread 25549] [35.0] [cxt 0] Parser state 'start': key is 86dd
[11:12:30.086] [bmv2] [T] [thread 25549] [35.0] [cxt 0] Bytes parsed: 14
[11:12:30.086] [bmv2] [D] [thread 25549] [35.0] [cxt 0] Parser 'parser': end
[11:12:30.088] [bmv2] [D] [thread 25549] [35.0] [cxt 0] Pipeline 'ingress': start
[11:12:30.088] [bmv2] [T] [thread 25549] [35.0] [cxt 0] routing.p4(114) Condition "hdr.ipv4.isValid()" (node_2) is false
[11:12:30.089] [bmv2] [D] [thread 25549] [35.0] [cxt 0] Pipeline 'ingress': end
[11:12:30.089] [bmv2] [D] [thread 25549] [35.0] [cxt 0] Egress port is 0
[11:12:30.090] [bmv2] [D] [thread 25550] [35.0] [cxt 0] Pipeline 'egress': start
[11:12:30.090] [bmv2] [D] [thread 25550] [35.0] [cxt 0] Pipeline 'egress': end
[11:12:30.091] [bmv2] [D] [thread 25550] [35.0] [cxt 0] Deparser 'deparser': start
[11:12:30.091] [bmv2] [T] [thread 25550] [35.0] [cxt 0] Skipping checksum 'cksum' update because condition not met
[11:12:30.092] [bmv2] [D] [thread 25550] [35.0] [cxt 0] Deparsing header 'ethernet'
[11:12:30.092] [bmv2] [D] [thread 25550] [35.0] [cxt 0] Deparser 'deparser': end
[11:12:30.092] [bmv2] [D] [thread 25554] [35.0] [cxt 0] Transmitting packet of size 70 out of port 0
[11:12:30.222] [bmv2] [D] [thread 25549] [36.0] [cxt 0] Processing packet received on port 2
[11:12:30.222] [bmv2] [D] [thread 25549] [36.0] [cxt 0] Parser 'parser': start
[11:12:30.222] [bmv2] [D] [thread 25549] [36.0] [cxt 0] Parser 'parser' entering state 'start'
[11:12:30.223] [bmv2] [D] [thread 25549] [36.0] [cxt 0] Extracting header 'ethernet'
[11:12:30.223] [bmv2] [D] [thread 25549] [36.0] [cxt 0] Parser state 'start': key is 86dd
[11:12:30.224] [bmv2] [T] [thread 25549] [36.0] [cxt 0] Bytes parsed: 14
[11:12:30.224] [bmv2] [D] [thread 25549] [36.0] [cxt 0] Parser 'parser': end
[11:12:30.224] [bmv2] [D] [thread 25549] [36.0] [cxt 0] Pipeline 'ingress': start
[11:12:30.225] [bmv2] [T] [thread 25549] [36.0] [cxt 0] routing.p4(114) Condition "hdr.ipv4.isValid()" (node_2) is false
[11:12:30.225] [bmv2] [D] [thread 25549] [36.0] [cxt 0] Pipeline 'ingress': end
[11:12:30.226] [bmv2] [D] [thread 25549] [36.0] [cxt 0] Egress port is 0
[11:12:30.226] [bmv2] [D] [thread 25550] [36.0] [cxt 0] Pipeline 'egress': start
[11:12:30.227] [bmv2] [D] [thread 25550] [36.0] [cxt 0] Pipeline 'egress': end
[11:12:30.227] [bmv2] [D] [thread 25550] [36.0] [cxt 0] Deparser 'deparser': start
[11:12:30.227] [bmv2] [T] [thread 25550] [36.0] [cxt 0] Skipping checksum 'cksum' update because condition not met
[11:12:30.228] [bmv2] [D] [thread 25550] [36.0] [cxt 0] Deparsing header 'ethernet'
[11:12:30.229] [bmv2] [D] [thread 25550] [36.0] [cxt 0] Deparser 'deparser': end
[11:12:30.230] [bmv2] [D] [thread 25554] [36.0] [cxt 0] Transmitting packet of size 70 out of port 0
[11:12:30.254] [bmv2] [D] [thread 25549] [37.0] [cxt 0] Processing packet received on port 2
[11:12:30.254] [bmv2] [D] [thread 25549] [37.0] [cxt 0] Parser 'parser': start
[11:12:30.254] [bmv2] [D] [thread 25549] [37.0] [cxt 0] Parser 'parser' entering state 'start'
[11:12:30.255] [bmv2] [D] [thread 25549] [37.0] [cxt 0] Extracting header 'ethernet'
[11:12:30.255] [bmv2] [D] [thread 25549] [37.0] [cxt 0] Parser state 'start': key is 86dd
[11:12:30.256] [bmv2] [T] [thread 25549] [37.0] [cxt 0] Bytes parsed: 14
[11:12:30.256] [bmv2] [D] [thread 25549] [37.0] [cxt 0] Parser 'parser': end
[11:12:30.256] [bmv2] [D] [thread 25549] [37.0] [cxt 0] Pipeline 'ingress': start
[11:12:30.256] [bmv2] [T] [thread 25549] [37.0] [cxt 0] routing.p4(114) Condition "hdr.ipv4.isValid()" (node_2) is false
[11:12:30.256] [bmv2] [D] [thread 25549] [37.0] [cxt 0] Pipeline 'ingress': end
[11:12:30.257] [bmv2] [D] [thread 25549] [37.0] [cxt 0] Egress port is 0
[11:12:30.257] [bmv2] [D] [thread 25550] [37.0] [cxt 0] Pipeline 'egress': start
[11:12:30.257] [bmv2] [D] [thread 25550] [37.0] [cxt 0] Pipeline 'egress': end
[11:12:30.258] [bmv2] [D] [thread 25550] [37.0] [cxt 0] Deparser 'deparser': start
[11:12:30.258] [bmv2] [T] [thread 25550] [37.0] [cxt 0] Skipping checksum 'cksum' update because condition not met
[11:12:30.259] [bmv2] [D] [thread 25550] [37.0] [cxt 0] Deparsing header 'ethernet'
[11:12:30.259] [bmv2] [D] [thread 25550] [37.0] [cxt 0] Deparser 'deparser': end
[11:12:30.259] [bmv2] [D] [thread 25554] [37.0] [cxt 0] Transmitting packet of size 70 out of port 0
open: No such file or directory
open: No such file or directory
open: No such file or directory
