Calling target program-options parser
[11:12:21.189] [bmv2] [D] [thread 25556] Set default default entry for table 'MyIngress.ipv4_lpm': MyIngress.drop - 
Adding interface s2-eth1 as port 1
[11:12:21.191] [bmv2] [D] [thread 25556] Adding interface s2-eth1 as port 1
Adding interface s2-eth2 as port 2
[11:12:21.221] [bmv2] [D] [thread 25556] Adding interface s2-eth2 as port 2
Adding interface s2-eth3 as port 3
[11:12:21.249] [bmv2] [D] [thread 25556] Adding interface s2-eth3 as port 3
I1211 11:12:21.281785271   25556 server_builder.cc:247]      Synchronous server. Num CQs: 1, Min pollers: 1, Max Pollers: 2147483647, CQ timeout (msec): 1000
Server listening on 0.0.0.0:50052
[11:12:21.292] [bmv2] [I] [thread 25556] Starting Thrift server on port 9091
[11:12:21.294] [bmv2] [I] [thread 25556] Thrift server was started
[11:12:21.335] [bmv2] [D] [thread 25563] [0.0] [cxt 0] Processing packet received on port 3
[11:12:21.335] [bmv2] [D] [thread 25563] [0.0] [cxt 0] Parser 'parser': start
[11:12:21.336] [bmv2] [D] [thread 25563] [0.0] [cxt 0] Parser 'parser' entering state 'start'
[11:12:21.336] [bmv2] [D] [thread 25563] [0.0] [cxt 0] Extracting header 'ethernet'
[11:12:21.336] [bmv2] [D] [thread 25563] [0.0] [cxt 0] Parser state 'start': key is 86dd
[11:12:21.336] [bmv2] [T] [thread 25563] [0.0] [cxt 0] Bytes parsed: 14
[11:12:21.337] [bmv2] [D] [thread 25563] [0.0] [cxt 0] Parser 'parser': end
[11:12:21.337] [bmv2] [D] [thread 25563] [0.0] [cxt 0] Pipeline 'ingress': start
[11:12:21.337] [bmv2] [T] [thread 25563] [0.0] [cxt 0] routing.p4(114) Condition "hdr.ipv4.isValid()" (node_2) is false
[11:12:21.337] [bmv2] [D] [thread 25563] [0.0] [cxt 0] Pipeline 'ingress': end
[11:12:21.337] [bmv2] [D] [thread 25563] [0.0] [cxt 0] Egress port is 0
[11:12:21.338] [bmv2] [D] [thread 25564] [0.0] [cxt 0] Pipeline 'egress': start
[11:12:21.338] [bmv2] [D] [thread 25564] [0.0] [cxt 0] Pipeline 'egress': end
[11:12:21.338] [bmv2] [D] [thread 25564] [0.0] [cxt 0] Deparser 'deparser': start
[11:12:21.338] [bmv2] [T] [thread 25564] [0.0] [cxt 0] Skipping checksum 'cksum' update because condition not met
[11:12:21.338] [bmv2] [D] [thread 25564] [0.0] [cxt 0] Deparsing header 'ethernet'
[11:12:21.338] [bmv2] [D] [thread 25564] [0.0] [cxt 0] Deparser 'deparser': end
[11:12:21.339] [bmv2] [D] [thread 25568] [0.0] [cxt 0] Transmitting packet of size 90 out of port 0
[11:12:21.973] [bmv2] [D] [thread 25563] [1.0] [cxt 0] Processing packet received on port 3
[11:12:21.974] [bmv2] [D] [thread 25563] [1.0] [cxt 0] Parser 'parser': start
[11:12:21.975] [bmv2] [D] [thread 25563] [1.0] [cxt 0] Parser 'parser' entering state 'start'
[11:12:21.975] [bmv2] [D] [thread 25563] [1.0] [cxt 0] Extracting header 'ethernet'
[11:12:21.975] [bmv2] [D] [thread 25563] [1.0] [cxt 0] Parser state 'start': key is 86dd
[11:12:21.976] [bmv2] [T] [thread 25563] [1.0] [cxt 0] Bytes parsed: 14
[11:12:21.977] [bmv2] [D] [thread 25563] [1.0] [cxt 0] Parser 'parser': end
[11:12:21.979] [bmv2] [D] [thread 25563] [1.0] [cxt 0] Pipeline 'ingress': start
[11:12:21.980] [bmv2] [T] [thread 25563] [1.0] [cxt 0] routing.p4(114) Condition "hdr.ipv4.isValid()" (node_2) is false
[11:12:21.981] [bmv2] [D] [thread 25563] [1.0] [cxt 0] Pipeline 'ingress': end
[11:12:21.981] [bmv2] [D] [thread 25563] [1.0] [cxt 0] Egress port is 0
[11:12:21.982] [bmv2] [D] [thread 25564] [1.0] [cxt 0] Pipeline 'egress': start
[11:12:21.982] [bmv2] [D] [thread 25564] [1.0] [cxt 0] Pipeline 'egress': end
[11:12:21.983] [bmv2] [D] [thread 25564] [1.0] [cxt 0] Deparser 'deparser': start
[11:12:21.983] [bmv2] [T] [thread 25564] [1.0] [cxt 0] Skipping checksum 'cksum' update because condition not met
[11:12:21.984] [bmv2] [D] [thread 25564] [1.0] [cxt 0] Deparsing header 'ethernet'
[11:12:21.992] [bmv2] [D] [thread 25564] [1.0] [cxt 0] Deparser 'deparser': end
[11:12:21.992] [bmv2] [D] [thread 25568] [1.0] [cxt 0] Transmitting packet of size 90 out of port 0
[11:12:21.982] [bmv2] [D] [thread 25563] [2.0] [cxt 0] Processing packet received on port 3
[11:12:21.993] [bmv2] [D] [thread 25563] [2.0] [cxt 0] Parser 'parser': start
[11:12:21.995] [bmv2] [D] [thread 25563] [2.0] [cxt 0] Parser 'parser' entering state 'start'
[11:12:21.997] [bmv2] [D] [thread 25563] [2.0] [cxt 0] Extracting header 'ethernet'
[11:12:21.998] [bmv2] [D] [thread 25563] [2.0] [cxt 0] Parser state 'start': key is 86dd
[11:12:21.999] [bmv2] [T] [thread 25563] [2.0] [cxt 0] Bytes parsed: 14
[11:12:22.000] [bmv2] [D] [thread 25563] [2.0] [cxt 0] Parser 'parser': end
[11:12:22.001] [bmv2] [D] [thread 25563] [2.0] [cxt 0] Pipeline 'ingress': start
[11:12:22.004] [bmv2] [T] [thread 25563] [2.0] [cxt 0] routing.p4(114) Condition "hdr.ipv4.isValid()" (node_2) is false
[11:12:22.005] [bmv2] [D] [thread 25563] [2.0] [cxt 0] Pipeline 'ingress': end
[11:12:22.005] [bmv2] [D] [thread 25563] [2.0] [cxt 0] Egress port is 0
[11:12:22.007] [bmv2] [D] [thread 25564] [2.0] [cxt 0] Pipeline 'egress': start
[11:12:22.007] [bmv2] [D] [thread 25564] [2.0] [cxt 0] Pipeline 'egress': end
[11:12:22.008] [bmv2] [D] [thread 25564] [2.0] [cxt 0] Deparser 'deparser': start
[11:12:22.008] [bmv2] [T] [thread 25564] [2.0] [cxt 0] Skipping checksum 'cksum' update because condition not met
[11:12:22.009] [bmv2] [D] [thread 25564] [2.0] [cxt 0] Deparsing header 'ethernet'
[11:12:22.010] [bmv2] [D] [thread 25564] [2.0] [cxt 0] Deparser 'deparser': end
[11:12:22.010] [bmv2] [D] [thread 25568] [2.0] [cxt 0] Transmitting packet of size 70 out of port 0
[11:12:22.007] [bmv2] [D] [thread 25563] [3.0] [cxt 0] Processing packet received on port 1
[11:12:22.012] [bmv2] [D] [thread 25563] [3.0] [cxt 0] Parser 'parser': start
[11:12:22.013] [bmv2] [D] [thread 25563] [3.0] [cxt 0] Parser 'parser' entering state 'start'
[11:12:22.013] [bmv2] [D] [thread 25563] [3.0] [cxt 0] Extracting header 'ethernet'
[11:12:22.014] [bmv2] [D] [thread 25563] [3.0] [cxt 0] Parser state 'start': key is 86dd
[11:12:22.015] [bmv2] [T] [thread 25563] [3.0] [cxt 0] Bytes parsed: 14
[11:12:22.015] [bmv2] [D] [thread 25563] [3.0] [cxt 0] Parser 'parser': end
[11:12:22.016] [bmv2] [D] [thread 25563] [3.0] [cxt 0] Pipeline 'ingress': start
[11:12:22.016] [bmv2] [T] [thread 25563] [3.0] [cxt 0] routing.p4(114) Condition "hdr.ipv4.isValid()" (node_2) is false
[11:12:22.016] [bmv2] [D] [thread 25563] [3.0] [cxt 0] Pipeline 'ingress': end
[11:12:22.017] [bmv2] [D] [thread 25563] [3.0] [cxt 0] Egress port is 0
[11:12:22.019] [bmv2] [D] [thread 25564] [3.0] [cxt 0] Pipeline 'egress': start
[11:12:22.020] [bmv2] [D] [thread 25564] [3.0] [cxt 0] Pipeline 'egress': end
[11:12:22.020] [bmv2] [D] [thread 25564] [3.0] [cxt 0] Deparser 'deparser': start
[11:12:22.021] [bmv2] [T] [thread 25564] [3.0] [cxt 0] Skipping checksum 'cksum' update because condition not met
[11:12:22.021] [bmv2] [D] [thread 25564] [3.0] [cxt 0] Deparsing header 'ethernet'
[11:12:22.022] [bmv2] [D] [thread 25564] [3.0] [cxt 0] Deparser 'deparser': end
[11:12:22.022] [bmv2] [D] [thread 25568] [3.0] [cxt 0] Transmitting packet of size 90 out of port 0
[11:12:22.020] [bmv2] [D] [thread 25563] [4.0] [cxt 0] Processing packet received on port 1
[11:12:22.023] [bmv2] [D] [thread 25563] [4.0] [cxt 0] Parser 'parser': start
[11:12:22.024] [bmv2] [D] [thread 25563] [4.0] [cxt 0] Parser 'parser' entering state 'start'
[11:12:22.024] [bmv2] [D] [thread 25563] [4.0] [cxt 0] Extracting header 'ethernet'
[11:12:22.025] [bmv2] [D] [thread 25563] [4.0] [cxt 0] Parser state 'start': key is 86dd
[11:12:22.025] [bmv2] [T] [thread 25563] [4.0] [cxt 0] Bytes parsed: 14
[11:12:22.025] [bmv2] [D] [thread 25563] [4.0] [cxt 0] Parser 'parser': end
[11:12:22.026] [bmv2] [D] [thread 25563] [4.0] [cxt 0] Pipeline 'ingress': start
[11:12:22.026] [bmv2] [T] [thread 25563] [4.0] [cxt 0] routing.p4(114) Condition "hdr.ipv4.isValid()" (node_2) is false
[11:12:22.026] [bmv2] [D] [thread 25563] [4.0] [cxt 0] Pipeline 'ingress': end
[11:12:22.027] [bmv2] [D] [thread 25563] [4.0] [cxt 0] Egress port is 0
[11:12:22.027] [bmv2] [D] [thread 25564] [4.0] [cxt 0] Pipeline 'egress': start
[11:12:22.027] [bmv2] [D] [thread 25564] [4.0] [cxt 0] Pipeline 'egress': end
[11:12:22.027] [bmv2] [D] [thread 25564] [4.0] [cxt 0] Deparser 'deparser': start
[11:12:22.028] [bmv2] [T] [thread 25564] [4.0] [cxt 0] Skipping checksum 'cksum' update because condition not met
[11:12:22.028] [bmv2] [D] [thread 25564] [4.0] [cxt 0] Deparsing header 'ethernet'
[11:12:22.029] [bmv2] [D] [thread 25564] [4.0] [cxt 0] Deparser 'deparser': end
[11:12:22.029] [bmv2] [D] [thread 25568] [4.0] [cxt 0] Transmitting packet of size 70 out of port 0
[11:12:22.208] [bmv2] [D] [thread 25563] [5.0] [cxt 0] Processing packet received on port 3
[11:12:22.213] [bmv2] [D] [thread 25563] [5.0] [cxt 0] Parser 'parser': start
[11:12:22.214] [bmv2] [D] [thread 25563] [5.0] [cxt 0] Parser 'parser' entering state 'start'
[11:12:22.215] [bmv2] [D] [thread 25563] [5.0] [cxt 0] Extracting header 'ethernet'
[11:12:22.215] [bmv2] [D] [thread 25563] [5.0] [cxt 0] Parser state 'start': key is 86dd
[11:12:22.216] [bmv2] [T] [thread 25563] [5.0] [cxt 0] Bytes parsed: 14
[11:12:22.229] [bmv2] [D] [thread 25563] [5.0] [cxt 0] Parser 'parser': end
[11:12:22.230] [bmv2] [D] [thread 25563] [5.0] [cxt 0] Pipeline 'ingress': start
[11:12:22.230] [bmv2] [T] [thread 25563] [5.0] [cxt 0] routing.p4(114) Condition "hdr.ipv4.isValid()" (node_2) is false
[11:12:22.230] [bmv2] [D] [thread 25563] [5.0] [cxt 0] Pipeline 'ingress': end
[11:12:22.231] [bmv2] [D] [thread 25563] [5.0] [cxt 0] Egress port is 0
[11:12:22.238] [bmv2] [D] [thread 25563] [6.0] [cxt 0] Processing packet received on port 3
[11:12:22.245] [bmv2] [D] [thread 25563] [6.0] [cxt 0] Parser 'parser': start
[11:12:22.238] [bmv2] [D] [thread 25564] [5.0] [cxt 0] Pipeline 'egress': start
[11:12:22.245] [bmv2] [D] [thread 25563] [6.0] [cxt 0] Parser 'parser' entering state 'start'
[11:12:22.245] [bmv2] [D] [thread 25564] [5.0] [cxt 0] Pipeline 'egress': end
[11:12:22.246] [bmv2] [D] [thread 25563] [6.0] [cxt 0] Extracting header 'ethernet'
[11:12:22.246] [bmv2] [D] [thread 25564] [5.0] [cxt 0] Deparser 'deparser': start
[11:12:22.247] [bmv2] [T] [thread 25564] [5.0] [cxt 0] Skipping checksum 'cksum' update because condition not met
[11:12:22.246] [bmv2] [D] [thread 25563] [6.0] [cxt 0] Parser state 'start': key is 86dd
[11:12:22.247] [bmv2] [T] [thread 25563] [6.0] [cxt 0] Bytes parsed: 14
[11:12:22.247] [bmv2] [D] [thread 25564] [5.0] [cxt 0] Deparsing header 'ethernet'
[11:12:22.247] [bmv2] [D] [thread 25563] [6.0] [cxt 0] Parser 'parser': end
[11:12:22.248] [bmv2] [D] [thread 25564] [5.0] [cxt 0] Deparser 'deparser': end
[11:12:22.248] [bmv2] [D] [thread 25563] [6.0] [cxt 0] Pipeline 'ingress': start
[11:12:22.248] [bmv2] [D] [thread 25568] [5.0] [cxt 0] Transmitting packet of size 90 out of port 0
[11:12:22.248] [bmv2] [T] [thread 25563] [6.0] [cxt 0] routing.p4(114) Condition "hdr.ipv4.isValid()" (node_2) is false
[11:12:22.249] [bmv2] [D] [thread 25563] [6.0] [cxt 0] Pipeline 'ingress': end
[11:12:22.249] [bmv2] [D] [thread 25563] [6.0] [cxt 0] Egress port is 0
[11:12:22.250] [bmv2] [D] [thread 25563] [7.0] [cxt 0] Processing packet received on port 2
[11:12:22.250] [bmv2] [D] [thread 25563] [7.0] [cxt 0] Parser 'parser': start
[11:12:22.250] [bmv2] [D] [thread 25563] [7.0] [cxt 0] Parser 'parser' entering state 'start'
[11:12:22.250] [bmv2] [D] [thread 25563] [7.0] [cxt 0] Extracting header 'ethernet'
[11:12:22.250] [bmv2] [D] [thread 25564] [6.0] [cxt 0] Pipeline 'egress': start
[11:12:22.251] [bmv2] [D] [thread 25563] [7.0] [cxt 0] Parser state 'start': key is 86dd
[11:12:22.251] [bmv2] [T] [thread 25563] [7.0] [cxt 0] Bytes parsed: 14
[11:12:22.251] [bmv2] [D] [thread 25564] [6.0] [cxt 0] Pipeline 'egress': end
[11:12:22.251] [bmv2] [D] [thread 25563] [7.0] [cxt 0] Parser 'parser': end
[11:12:22.252] [bmv2] [D] [thread 25564] [6.0] [cxt 0] Deparser 'deparser': start
[11:12:22.252] [bmv2] [T] [thread 25564] [6.0] [cxt 0] Skipping checksum 'cksum' update because condition not met
[11:12:22.252] [bmv2] [D] [thread 25563] [7.0] [cxt 0] Pipeline 'ingress': start
[11:12:22.253] [bmv2] [D] [thread 25564] [6.0] [cxt 0] Deparsing header 'ethernet'
[11:12:22.253] [bmv2] [D] [thread 25564] [6.0] [cxt 0] Deparser 'deparser': end
[11:12:22.253] [bmv2] [T] [thread 25563] [7.0] [cxt 0] routing.p4(114) Condition "hdr.ipv4.isValid()" (node_2) is false
[11:12:22.253] [bmv2] [D] [thread 25568] [6.0] [cxt 0] Transmitting packet of size 70 out of port 0
[11:12:22.254] [bmv2] [D] [thread 25563] [7.0] [cxt 0] Pipeline 'ingress': end
[11:12:22.254] [bmv2] [D] [thread 25563] [7.0] [cxt 0] Egress port is 0
[11:12:22.255] [bmv2] [D] [thread 25563] [8.0] [cxt 0] Processing packet received on port 2
[11:12:22.255] [bmv2] [D] [thread 25564] [7.0] [cxt 0] Pipeline 'egress': start
[11:12:22.255] [bmv2] [D] [thread 25563] [8.0] [cxt 0] Parser 'parser': start
[11:12:22.256] [bmv2] [D] [thread 25563] [8.0] [cxt 0] Parser 'parser' entering state 'start'
[11:12:22.256] [bmv2] [D] [thread 25563] [8.0] [cxt 0] Extracting header 'ethernet'
[11:12:22.255] [bmv2] [D] [thread 25564] [7.0] [cxt 0] Pipeline 'egress': end
[11:12:22.256] [bmv2] [D] [thread 25563] [8.0] [cxt 0] Parser state 'start': key is 86dd
[11:12:22.257] [bmv2] [T] [thread 25563] [8.0] [cxt 0] Bytes parsed: 14
[11:12:22.257] [bmv2] [D] [thread 25563] [8.0] [cxt 0] Parser 'parser': end
[11:12:22.257] [bmv2] [D] [thread 25563] [8.0] [cxt 0] Pipeline 'ingress': start
[11:12:22.257] [bmv2] [T] [thread 25563] [8.0] [cxt 0] routing.p4(114) Condition "hdr.ipv4.isValid()" (node_2) is false
[11:12:22.258] [bmv2] [D] [thread 25563] [8.0] [cxt 0] Pipeline 'ingress': end
[11:12:22.258] [bmv2] [D] [thread 25563] [8.0] [cxt 0] Egress port is 0
[11:12:22.259] [bmv2] [D] [thread 25563] [9.0] [cxt 0] Processing packet received on port 2
[11:12:22.259] [bmv2] [D] [thread 25563] [9.0] [cxt 0] Parser 'parser': start
[11:12:22.260] [bmv2] [D] [thread 25563] [9.0] [cxt 0] Parser 'parser' entering state 'start'
[11:12:22.260] [bmv2] [D] [thread 25563] [9.0] [cxt 0] Extracting header 'ethernet'
[11:12:22.256] [bmv2] [D] [thread 25564] [7.0] [cxt 0] Deparser 'deparser': start
[11:12:22.260] [bmv2] [T] [thread 25564] [7.0] [cxt 0] Skipping checksum 'cksum' update because condition not met
[11:12:22.261] [bmv2] [D] [thread 25564] [7.0] [cxt 0] Deparsing header 'ethernet'
[11:12:22.261] [bmv2] [D] [thread 25564] [7.0] [cxt 0] Deparser 'deparser': end
[11:12:22.261] [bmv2] [D] [thread 25568] [7.0] [cxt 0] Transmitting packet of size 90 out of port 0
[11:12:22.260] [bmv2] [D] [thread 25563] [9.0] [cxt 0] Parser state 'start': key is 86dd
[11:12:22.262] [bmv2] [T] [thread 25563] [9.0] [cxt 0] Bytes parsed: 14
[11:12:22.262] [bmv2] [D] [thread 25563] [9.0] [cxt 0] Parser 'parser': end
[11:12:22.262] [bmv2] [D] [thread 25563] [9.0] [cxt 0] Pipeline 'ingress': start
[11:12:22.263] [bmv2] [T] [thread 25563] [9.0] [cxt 0] routing.p4(114) Condition "hdr.ipv4.isValid()" (node_2) is false
[11:12:22.263] [bmv2] [D] [thread 25563] [9.0] [cxt 0] Pipeline 'ingress': end
[11:12:22.263] [bmv2] [D] [thread 25563] [9.0] [cxt 0] Egress port is 0
[11:12:22.262] [bmv2] [D] [thread 25564] [8.0] [cxt 0] Pipeline 'egress': start
[11:12:22.264] [bmv2] [D] [thread 25564] [8.0] [cxt 0] Pipeline 'egress': end
[11:12:22.264] [bmv2] [D] [thread 25564] [8.0] [cxt 0] Deparser 'deparser': start
[11:12:22.264] [bmv2] [T] [thread 25564] [8.0] [cxt 0] Skipping checksum 'cksum' update because condition not met
[11:12:22.264] [bmv2] [D] [thread 25564] [8.0] [cxt 0] Deparsing header 'ethernet'
[11:12:22.265] [bmv2] [D] [thread 25564] [8.0] [cxt 0] Deparser 'deparser': end
[11:12:22.263] [bmv2] [D] [thread 25563] [10.0] [cxt 0] Processing packet received on port 2
[11:12:22.265] [bmv2] [D] [thread 25568] [8.0] [cxt 0] Transmitting packet of size 70 out of port 0
[11:12:22.265] [bmv2] [D] [thread 25564] [9.0] [cxt 0] Pipeline 'egress': start
[11:12:22.266] [bmv2] [D] [thread 25564] [9.0] [cxt 0] Pipeline 'egress': end
[11:12:22.266] [bmv2] [D] [thread 25564] [9.0] [cxt 0] Deparser 'deparser': start
[11:12:22.266] [bmv2] [T] [thread 25564] [9.0] [cxt 0] Skipping checksum 'cksum' update because condition not met
[11:12:22.266] [bmv2] [D] [thread 25564] [9.0] [cxt 0] Deparsing header 'ethernet'
[11:12:22.267] [bmv2] [D] [thread 25564] [9.0] [cxt 0] Deparser 'deparser': end
[11:12:22.265] [bmv2] [D] [thread 25563] [10.0] [cxt 0] Parser 'parser': start
[11:12:22.267] [bmv2] [D] [thread 25563] [10.0] [cxt 0] Parser 'parser' entering state 'start'
[11:12:22.267] [bmv2] [D] [thread 25563] [10.0] [cxt 0] Extracting header 'ethernet'
[11:12:22.267] [bmv2] [D] [thread 25568] [9.0] [cxt 0] Transmitting packet of size 90 out of port 0
[11:12:22.268] [bmv2] [D] [thread 25563] [10.0] [cxt 0] Parser state 'start': key is 86dd
[11:12:22.268] [bmv2] [T] [thread 25563] [10.0] [cxt 0] Bytes parsed: 14
[11:12:22.269] [bmv2] [D] [thread 25563] [10.0] [cxt 0] Parser 'parser': end
[11:12:22.269] [bmv2] [D] [thread 25563] [10.0] [cxt 0] Pipeline 'ingress': start
[11:12:22.269] [bmv2] [T] [thread 25563] [10.0] [cxt 0] routing.p4(114) Condition "hdr.ipv4.isValid()" (node_2) is false
[11:12:22.269] [bmv2] [D] [thread 25563] [10.0] [cxt 0] Pipeline 'ingress': end
[11:12:22.270] [bmv2] [D] [thread 25563] [10.0] [cxt 0] Egress port is 0
[11:12:22.270] [bmv2] [D] [thread 25563] [11.0] [cxt 0] Processing packet received on port 3
[11:12:22.270] [bmv2] [D] [thread 25564] [10.0] [cxt 0] Pipeline 'egress': start
[11:12:22.271] [bmv2] [D] [thread 25564] [10.0] [cxt 0] Pipeline 'egress': end
[11:12:22.271] [bmv2] [D] [thread 25564] [10.0] [cxt 0] Deparser 'deparser': start
[11:12:22.271] [bmv2] [T] [thread 25564] [10.0] [cxt 0] Skipping checksum 'cksum' update because condition not met
[11:12:22.271] [bmv2] [D] [thread 25564] [10.0] [cxt 0] Deparsing header 'ethernet'
[11:12:22.270] [bmv2] [D] [thread 25563] [11.0] [cxt 0] Parser 'parser': start
[11:12:22.272] [bmv2] [D] [thread 25563] [11.0] [cxt 0] Parser 'parser' entering state 'start'
[11:12:22.273] [bmv2] [D] [thread 25563] [11.0] [cxt 0] Extracting header 'ethernet'
[11:12:22.272] [bmv2] [D] [thread 25564] [10.0] [cxt 0] Deparser 'deparser': end
[11:12:22.273] [bmv2] [D] [thread 25563] [11.0] [cxt 0] Parser state 'start': key is 86dd
[11:12:22.273] [bmv2] [D] [thread 25568] [10.0] [cxt 0] Transmitting packet of size 70 out of port 0
[11:12:22.274] [bmv2] [T] [thread 25563] [11.0] [cxt 0] Bytes parsed: 14
[11:12:22.274] [bmv2] [D] [thread 25563] [11.0] [cxt 0] Parser 'parser': end
[11:12:22.275] [bmv2] [D] [thread 25563] [11.0] [cxt 0] Pipeline 'ingress': start
[11:12:22.275] [bmv2] [T] [thread 25563] [11.0] [cxt 0] routing.p4(114) Condition "hdr.ipv4.isValid()" (node_2) is false
[11:12:22.275] [bmv2] [D] [thread 25563] [11.0] [cxt 0] Pipeline 'ingress': end
[11:12:22.275] [bmv2] [D] [thread 25563] [11.0] [cxt 0] Egress port is 0
[11:12:22.276] [bmv2] [D] [thread 25564] [11.0] [cxt 0] Pipeline 'egress': start
[11:12:22.276] [bmv2] [D] [thread 25564] [11.0] [cxt 0] Pipeline 'egress': end
[11:12:22.276] [bmv2] [D] [thread 25564] [11.0] [cxt 0] Deparser 'deparser': start
[11:12:22.276] [bmv2] [T] [thread 25564] [11.0] [cxt 0] Skipping checksum 'cksum' update because condition not met
[11:12:22.277] [bmv2] [D] [thread 25564] [11.0] [cxt 0] Deparsing header 'ethernet'
[11:12:22.277] [bmv2] [D] [thread 25564] [11.0] [cxt 0] Deparser 'deparser': end
[11:12:22.278] [bmv2] [D] [thread 25568] [11.0] [cxt 0] Transmitting packet of size 90 out of port 0
[11:12:22.326] [bmv2] [D] [thread 25563] [12.0] [cxt 0] Processing packet received on port 2
[11:12:22.327] [bmv2] [D] [thread 25563] [12.0] [cxt 0] Parser 'parser': start
[11:12:22.327] [bmv2] [D] [thread 25563] [12.0] [cxt 0] Parser 'parser' entering state 'start'
[11:12:22.328] [bmv2] [D] [thread 25563] [12.0] [cxt 0] Extracting header 'ethernet'
[11:12:22.328] [bmv2] [D] [thread 25563] [12.0] [cxt 0] Parser state 'start': key is 86dd
[11:12:22.328] [bmv2] [T] [thread 25563] [12.0] [cxt 0] Bytes parsed: 14
[11:12:22.329] [bmv2] [D] [thread 25563] [12.0] [cxt 0] Parser 'parser': end
[11:12:22.329] [bmv2] [D] [thread 25563] [12.0] [cxt 0] Pipeline 'ingress': start
[11:12:22.329] [bmv2] [T] [thread 25563] [12.0] [cxt 0] routing.p4(114) Condition "hdr.ipv4.isValid()" (node_2) is false
[11:12:22.330] [bmv2] [D] [thread 25563] [12.0] [cxt 0] Pipeline 'ingress': end
[11:12:22.330] [bmv2] [D] [thread 25563] [12.0] [cxt 0] Egress port is 0
[11:12:22.331] [bmv2] [D] [thread 25564] [12.0] [cxt 0] Pipeline 'egress': start
[11:12:22.332] [bmv2] [D] [thread 25564] [12.0] [cxt 0] Pipeline 'egress': end
[11:12:22.332] [bmv2] [D] [thread 25564] [12.0] [cxt 0] Deparser 'deparser': start
[11:12:22.332] [bmv2] [T] [thread 25564] [12.0] [cxt 0] Skipping checksum 'cksum' update because condition not met
[11:12:22.332] [bmv2] [D] [thread 25564] [12.0] [cxt 0] Deparsing header 'ethernet'
[11:12:22.333] [bmv2] [D] [thread 25564] [12.0] [cxt 0] Deparser 'deparser': end
[11:12:22.333] [bmv2] [D] [thread 25568] [12.0] [cxt 0] Transmitting packet of size 90 out of port 0
[11:12:22.362] [bmv2] [D] [thread 25563] [13.0] [cxt 0] Processing packet received on port 2
[11:12:22.362] [bmv2] [D] [thread 25563] [13.0] [cxt 0] Parser 'parser': start
[11:12:22.363] [bmv2] [D] [thread 25563] [13.0] [cxt 0] Parser 'parser' entering state 'start'
[11:12:22.364] [bmv2] [D] [thread 25563] [13.0] [cxt 0] Extracting header 'ethernet'
[11:12:22.366] [bmv2] [D] [thread 25563] [13.0] [cxt 0] Parser state 'start': key is 86dd
[11:12:22.366] [bmv2] [T] [thread 25563] [13.0] [cxt 0] Bytes parsed: 14
[11:12:22.367] [bmv2] [D] [thread 25563] [13.0] [cxt 0] Parser 'parser': end
[11:12:22.368] [bmv2] [D] [thread 25563] [13.0] [cxt 0] Pipeline 'ingress': start
[11:12:22.368] [bmv2] [T] [thread 25563] [13.0] [cxt 0] routing.p4(114) Condition "hdr.ipv4.isValid()" (node_2) is false
[11:12:22.369] [bmv2] [D] [thread 25563] [13.0] [cxt 0] Pipeline 'ingress': end
[11:12:22.369] [bmv2] [D] [thread 25563] [13.0] [cxt 0] Egress port is 0
[11:12:22.370] [bmv2] [D] [thread 25564] [13.0] [cxt 0] Pipeline 'egress': start
[11:12:22.371] [bmv2] [D] [thread 25564] [13.0] [cxt 0] Pipeline 'egress': end
[11:12:22.371] [bmv2] [D] [thread 25564] [13.0] [cxt 0] Deparser 'deparser': start
[11:12:22.371] [bmv2] [T] [thread 25564] [13.0] [cxt 0] Skipping checksum 'cksum' update because condition not met
[11:12:22.372] [bmv2] [D] [thread 25564] [13.0] [cxt 0] Deparsing header 'ethernet'
[11:12:22.372] [bmv2] [D] [thread 25564] [13.0] [cxt 0] Deparser 'deparser': end
[11:12:22.373] [bmv2] [D] [thread 25568] [13.0] [cxt 0] Transmitting packet of size 90 out of port 0
[11:12:22.546] [bmv2] [D] [thread 25563] [14.0] [cxt 0] Processing packet received on port 1
[11:12:22.546] [bmv2] [D] [thread 25563] [14.0] [cxt 0] Parser 'parser': start
[11:12:22.547] [bmv2] [D] [thread 25563] [14.0] [cxt 0] Parser 'parser' entering state 'start'
[11:12:22.547] [bmv2] [D] [thread 25563] [14.0] [cxt 0] Extracting header 'ethernet'
[11:12:22.548] [bmv2] [D] [thread 25563] [14.0] [cxt 0] Parser state 'start': key is 86dd
[11:12:22.549] [bmv2] [T] [thread 25563] [14.0] [cxt 0] Bytes parsed: 14
[11:12:22.552] [bmv2] [D] [thread 25563] [14.0] [cxt 0] Parser 'parser': end
[11:12:22.553] [bmv2] [D] [thread 25563] [14.0] [cxt 0] Pipeline 'ingress': start
[11:12:22.554] [bmv2] [T] [thread 25563] [14.0] [cxt 0] routing.p4(114) Condition "hdr.ipv4.isValid()" (node_2) is false
[11:12:22.554] [bmv2] [D] [thread 25563] [14.0] [cxt 0] Pipeline 'ingress': end
[11:12:22.555] [bmv2] [D] [thread 25563] [14.0] [cxt 0] Egress port is 0
[11:12:22.556] [bmv2] [D] [thread 25564] [14.0] [cxt 0] Pipeline 'egress': start
[11:12:22.557] [bmv2] [D] [thread 25564] [14.0] [cxt 0] Pipeline 'egress': end
[11:12:22.557] [bmv2] [D] [thread 25564] [14.0] [cxt 0] Deparser 'deparser': start
[11:12:22.558] [bmv2] [T] [thread 25564] [14.0] [cxt 0] Skipping checksum 'cksum' update because condition not met
[11:12:22.558] [bmv2] [D] [thread 25564] [14.0] [cxt 0] Deparsing header 'ethernet'
[11:12:22.558] [bmv2] [D] [thread 25564] [14.0] [cxt 0] Deparser 'deparser': end
[11:12:22.559] [bmv2] [D] [thread 25568] [14.0] [cxt 0] Transmitting packet of size 90 out of port 0
[11:12:22.598] [bmv2] [D] [thread 25563] [15.0] [cxt 0] Processing packet received on port 3
[11:12:22.599] [bmv2] [D] [thread 25563] [15.0] [cxt 0] Parser 'parser': start
[11:12:22.599] [bmv2] [D] [thread 25563] [15.0] [cxt 0] Parser 'parser' entering state 'start'
[11:12:22.600] [bmv2] [D] [thread 25563] [15.0] [cxt 0] Extracting header 'ethernet'
[11:12:22.602] [bmv2] [D] [thread 25563] [15.0] [cxt 0] Parser state 'start': key is 86dd
[11:12:22.604] [bmv2] [T] [thread 25563] [15.0] [cxt 0] Bytes parsed: 14
[11:12:22.604] [bmv2] [D] [thread 25563] [15.0] [cxt 0] Parser 'parser': end
[11:12:22.604] [bmv2] [D] [thread 25563] [15.0] [cxt 0] Pipeline 'ingress': start
[11:12:22.605] [bmv2] [T] [thread 25563] [15.0] [cxt 0] routing.p4(114) Condition "hdr.ipv4.isValid()" (node_2) is false
[11:12:22.606] [bmv2] [D] [thread 25563] [15.0] [cxt 0] Pipeline 'ingress': end
[11:12:22.607] [bmv2] [D] [thread 25563] [15.0] [cxt 0] Egress port is 0
[11:12:22.607] [bmv2] [D] [thread 25564] [15.0] [cxt 0] Pipeline 'egress': start
[11:12:22.608] [bmv2] [D] [thread 25564] [15.0] [cxt 0] Pipeline 'egress': end
[11:12:22.608] [bmv2] [D] [thread 25564] [15.0] [cxt 0] Deparser 'deparser': start
[11:12:22.608] [bmv2] [T] [thread 25564] [15.0] [cxt 0] Skipping checksum 'cksum' update because condition not met
[11:12:22.609] [bmv2] [D] [thread 25564] [15.0] [cxt 0] Deparsing header 'ethernet'
[11:12:22.609] [bmv2] [D] [thread 25564] [15.0] [cxt 0] Deparser 'deparser': end
[11:12:22.609] [bmv2] [D] [thread 25568] [15.0] [cxt 0] Transmitting packet of size 90 out of port 0
New connection
P4Runtime SetForwardingPipelineConfig
[11:12:23.472] [bmv2] [W] [thread 25604] [P4Runtime] p4::tmp::P4DeviceConfig is deprecated
[11:12:23.473] [bmv2] [D] [thread 25604] Set default default entry for table 'MyIngress.ipv4_lpm': MyIngress.drop - 
P4Runtime Write
device_id: 1
election_id {
  low: 1
}
updates {
  type: MODIFY
  entity {
    table_entry {
      table_id: 33574068
      action {
        action {
          action_id: 16805608
        }
      }
      is_default_action: true
    }
  }
}
[11:12:23.491] [bmv2] [D] [thread 25604] Set default entry for table 'MyIngress.ipv4_lpm': MyIngress.drop - 
P4Runtime Write
device_id: 1
election_id {
  low: 1
}
updates {
  type: INSERT
  entity {
    table_entry {
      table_id: 33574068
      match {
        field_id: 1
        lpm {
          value: "\n\000\001\001"
          prefix_len: 32
        }
      }
      action {
        action {
          action_id: 16799317
          params {
            param_id: 1
            value: "\010\000\000\000\001\000"
          }
          params {
            param_id: 2
            value: "\000\002"
          }
        }
      }
    }
  }
}
[11:12:23.498] [bmv2] [D] [thread 25604] Entry 0 added to table 'MyIngress.ipv4_lpm'
[11:12:23.499] [bmv2] [D] [thread 25604] Dumping entry 0
Match key:
* hdr.ipv4.dstAddr    : LPM       0a000101/32
Action entry: MyIngress.ipv4_forward - 80000000100,2,

P4Runtime Write
device_id: 1
election_id {
  low: 1
}
updates {
  type: INSERT
  entity {
    table_entry {
      table_id: 33574068
      match {
        field_id: 1
        lpm {
          value: "\n\000\002\002"
          prefix_len: 32
        }
      }
      action {
        action {
          action_id: 16799317
          params {
            param_id: 1
            value: "\010\000\000\000\002\""
          }
          params {
            param_id: 2
            value: "\000\001"
          }
        }
      }
    }
  }
}
[11:12:23.508] [bmv2] [D] [thread 25604] Entry 1 added to table 'MyIngress.ipv4_lpm'
[11:12:23.509] [bmv2] [D] [thread 25604] Dumping entry 1
Match key:
* hdr.ipv4.dstAddr    : LPM       0a000202/32
Action entry: MyIngress.ipv4_forward - 80000000222,1,

P4Runtime Write
device_id: 1
election_id {
  low: 1
}
updates {
  type: INSERT
  entity {
    table_entry {
      table_id: 33574068
      match {
        field_id: 1
        lpm {
          value: "\n\000\003\003"
          prefix_len: 32
        }
      }
      action {
        action {
          action_id: 16799317
          params {
            param_id: 1
            value: "\010\000\000\000\003\000"
          }
          params {
            param_id: 2
            value: "\000\003"
          }
        }
      }
    }
  }
}
[11:12:23.513] [bmv2] [D] [thread 25604] Entry 2 added to table 'MyIngress.ipv4_lpm'
[11:12:23.513] [bmv2] [D] [thread 25604] Dumping entry 2
Match key:
* hdr.ipv4.dstAddr    : LPM       0a000303/32
Action entry: MyIngress.ipv4_forward - 80000000300,3,

Connection removed
[11:12:25.976] [bmv2] [D] [thread 25563] [16.0] [cxt 0] Processing packet received on port 3
[11:12:25.977] [bmv2] [D] [thread 25563] [16.0] [cxt 0] Parser 'parser': start
[11:12:25.978] [bmv2] [D] [thread 25563] [16.0] [cxt 0] Parser 'parser' entering state 'start'
[11:12:25.979] [bmv2] [D] [thread 25563] [16.0] [cxt 0] Extracting header 'ethernet'
[11:12:25.979] [bmv2] [D] [thread 25563] [16.0] [cxt 0] Parser state 'start': key is 86dd
[11:12:25.980] [bmv2] [T] [thread 25563] [16.0] [cxt 0] Bytes parsed: 14
[11:12:25.981] [bmv2] [D] [thread 25563] [16.0] [cxt 0] Parser 'parser': end
[11:12:25.981] [bmv2] [D] [thread 25563] [16.0] [cxt 0] Pipeline 'ingress': start
[11:12:25.982] [bmv2] [T] [thread 25563] [16.0] [cxt 0] routing.p4(114) Condition "hdr.ipv4.isValid()" (node_2) is false
[11:12:25.985] [bmv2] [D] [thread 25563] [16.0] [cxt 0] Pipeline 'ingress': end
[11:12:25.985] [bmv2] [D] [thread 25563] [16.0] [cxt 0] Egress port is 0
[11:12:25.988] [bmv2] [D] [thread 25564] [16.0] [cxt 0] Pipeline 'egress': start
[11:12:25.989] [bmv2] [D] [thread 25564] [16.0] [cxt 0] Pipeline 'egress': end
[11:12:25.989] [bmv2] [D] [thread 25564] [16.0] [cxt 0] Deparser 'deparser': start
[11:12:25.989] [bmv2] [T] [thread 25564] [16.0] [cxt 0] Skipping checksum 'cksum' update because condition not met
[11:12:25.989] [bmv2] [D] [thread 25564] [16.0] [cxt 0] Deparsing header 'ethernet'
[11:12:25.990] [bmv2] [D] [thread 25564] [16.0] [cxt 0] Deparser 'deparser': end
[11:12:25.990] [bmv2] [D] [thread 25568] [16.0] [cxt 0] Transmitting packet of size 70 out of port 0
[11:12:25.990] [bmv2] [D] [thread 25563] [17.0] [cxt 0] Processing packet received on port 1
[11:12:25.991] [bmv2] [D] [thread 25563] [17.0] [cxt 0] Parser 'parser': start
[11:12:25.991] [bmv2] [D] [thread 25563] [17.0] [cxt 0] Parser 'parser' entering state 'start'
[11:12:25.992] [bmv2] [D] [thread 25563] [17.0] [cxt 0] Extracting header 'ethernet'
[11:12:25.992] [bmv2] [D] [thread 25563] [17.0] [cxt 0] Parser state 'start': key is 86dd
[11:12:25.993] [bmv2] [T] [thread 25563] [17.0] [cxt 0] Bytes parsed: 14
[11:12:25.993] [bmv2] [D] [thread 25563] [17.0] [cxt 0] Parser 'parser': end
[11:12:25.994] [bmv2] [D] [thread 25563] [17.0] [cxt 0] Pipeline 'ingress': start
[11:12:25.994] [bmv2] [T] [thread 25563] [17.0] [cxt 0] routing.p4(114) Condition "hdr.ipv4.isValid()" (node_2) is false
[11:12:25.994] [bmv2] [D] [thread 25563] [17.0] [cxt 0] Pipeline 'ingress': end
[11:12:25.995] [bmv2] [D] [thread 25563] [17.0] [cxt 0] Egress port is 0
[11:12:25.995] [bmv2] [D] [thread 25564] [17.0] [cxt 0] Pipeline 'egress': start
[11:12:25.995] [bmv2] [D] [thread 25564] [17.0] [cxt 0] Pipeline 'egress': end
[11:12:25.996] [bmv2] [D] [thread 25564] [17.0] [cxt 0] Deparser 'deparser': start
[11:12:25.996] [bmv2] [T] [thread 25564] [17.0] [cxt 0] Skipping checksum 'cksum' update because condition not met
[11:12:25.996] [bmv2] [D] [thread 25564] [17.0] [cxt 0] Deparsing header 'ethernet'
[11:12:25.997] [bmv2] [D] [thread 25564] [17.0] [cxt 0] Deparser 'deparser': end
[11:12:25.997] [bmv2] [D] [thread 25568] [17.0] [cxt 0] Transmitting packet of size 70 out of port 0
[11:12:26.214] [bmv2] [D] [thread 25563] [18.0] [cxt 0] Processing packet received on port 2
[11:12:26.214] [bmv2] [D] [thread 25563] [18.0] [cxt 0] Parser 'parser': start
[11:12:26.214] [bmv2] [D] [thread 25563] [18.0] [cxt 0] Parser 'parser' entering state 'start'
[11:12:26.215] [bmv2] [D] [thread 25563] [18.0] [cxt 0] Extracting header 'ethernet'
[11:12:26.215] [bmv2] [D] [thread 25563] [18.0] [cxt 0] Parser state 'start': key is 86dd
[11:12:26.215] [bmv2] [T] [thread 25563] [18.0] [cxt 0] Bytes parsed: 14
[11:12:26.216] [bmv2] [D] [thread 25563] [18.0] [cxt 0] Parser 'parser': end
[11:12:26.216] [bmv2] [D] [thread 25563] [18.0] [cxt 0] Pipeline 'ingress': start
[11:12:26.216] [bmv2] [T] [thread 25563] [18.0] [cxt 0] routing.p4(114) Condition "hdr.ipv4.isValid()" (node_2) is false
[11:12:26.217] [bmv2] [D] [thread 25563] [18.0] [cxt 0] Pipeline 'ingress': end
[11:12:26.217] [bmv2] [D] [thread 25563] [18.0] [cxt 0] Egress port is 0
[11:12:26.217] [bmv2] [D] [thread 25563] [19.0] [cxt 0] Processing packet received on port 3
[11:12:26.218] [bmv2] [D] [thread 25564] [18.0] [cxt 0] Pipeline 'egress': start
[11:12:26.218] [bmv2] [D] [thread 25564] [18.0] [cxt 0] Pipeline 'egress': end
[11:12:26.218] [bmv2] [D] [thread 25564] [18.0] [cxt 0] Deparser 'deparser': start
[11:12:26.219] [bmv2] [T] [thread 25564] [18.0] [cxt 0] Skipping checksum 'cksum' update because condition not met
[11:12:26.219] [bmv2] [D] [thread 25564] [18.0] [cxt 0] Deparsing header 'ethernet'
[11:12:26.219] [bmv2] [D] [thread 25564] [18.0] [cxt 0] Deparser 'deparser': end
[11:12:26.220] [bmv2] [D] [thread 25568] [18.0] [cxt 0] Transmitting packet of size 70 out of port 0
[11:12:26.218] [bmv2] [D] [thread 25563] [19.0] [cxt 0] Parser 'parser': start
[11:12:26.221] [bmv2] [D] [thread 25563] [19.0] [cxt 0] Parser 'parser' entering state 'start'
[11:12:26.221] [bmv2] [D] [thread 25563] [19.0] [cxt 0] Extracting header 'ethernet'
[11:12:26.221] [bmv2] [D] [thread 25563] [19.0] [cxt 0] Parser state 'start': key is 86dd
[11:12:26.221] [bmv2] [T] [thread 25563] [19.0] [cxt 0] Bytes parsed: 14
[11:12:26.222] [bmv2] [D] [thread 25563] [19.0] [cxt 0] Parser 'parser': end
[11:12:26.222] [bmv2] [D] [thread 25563] [19.0] [cxt 0] Pipeline 'ingress': start
[11:12:26.222] [bmv2] [T] [thread 25563] [19.0] [cxt 0] routing.p4(114) Condition "hdr.ipv4.isValid()" (node_2) is false
[11:12:26.223] [bmv2] [D] [thread 25563] [19.0] [cxt 0] Pipeline 'ingress': end
[11:12:26.223] [bmv2] [D] [thread 25563] [19.0] [cxt 0] Egress port is 0
[11:12:26.224] [bmv2] [D] [thread 25564] [19.0] [cxt 0] Pipeline 'egress': start
[11:12:26.224] [bmv2] [D] [thread 25564] [19.0] [cxt 0] Pipeline 'egress': end
[11:12:26.225] [bmv2] [D] [thread 25564] [19.0] [cxt 0] Deparser 'deparser': start
[11:12:26.225] [bmv2] [T] [thread 25564] [19.0] [cxt 0] Skipping checksum 'cksum' update because condition not met
[11:12:26.226] [bmv2] [D] [thread 25564] [19.0] [cxt 0] Deparsing header 'ethernet'
[11:12:26.226] [bmv2] [D] [thread 25564] [19.0] [cxt 0] Deparser 'deparser': end
[11:12:26.226] [bmv2] [D] [thread 25568] [19.0] [cxt 0] Transmitting packet of size 70 out of port 0
[11:12:26.246] [bmv2] [D] [thread 25563] [20.0] [cxt 0] Processing packet received on port 2
[11:12:26.246] [bmv2] [D] [thread 25563] [20.0] [cxt 0] Parser 'parser': start
[11:12:26.247] [bmv2] [D] [thread 25563] [20.0] [cxt 0] Parser 'parser' entering state 'start'
[11:12:26.248] [bmv2] [D] [thread 25563] [20.0] [cxt 0] Extracting header 'ethernet'
[11:12:26.248] [bmv2] [D] [thread 25563] [20.0] [cxt 0] Parser state 'start': key is 86dd
[11:12:26.249] [bmv2] [T] [thread 25563] [20.0] [cxt 0] Bytes parsed: 14
[11:12:26.249] [bmv2] [D] [thread 25563] [20.0] [cxt 0] Parser 'parser': end
[11:12:26.250] [bmv2] [D] [thread 25563] [20.0] [cxt 0] Pipeline 'ingress': start
[11:12:26.250] [bmv2] [T] [thread 25563] [20.0] [cxt 0] routing.p4(114) Condition "hdr.ipv4.isValid()" (node_2) is false
[11:12:26.250] [bmv2] [D] [thread 25563] [20.0] [cxt 0] Pipeline 'ingress': end
[11:12:26.251] [bmv2] [D] [thread 25563] [20.0] [cxt 0] Egress port is 0
[11:12:26.251] [bmv2] [D] [thread 25564] [20.0] [cxt 0] Pipeline 'egress': start
[11:12:26.252] [bmv2] [D] [thread 25564] [20.0] [cxt 0] Pipeline 'egress': end
[11:12:26.252] [bmv2] [D] [thread 25564] [20.0] [cxt 0] Deparser 'deparser': start
[11:12:26.253] [bmv2] [T] [thread 25564] [20.0] [cxt 0] Skipping checksum 'cksum' update because condition not met
[11:12:26.254] [bmv2] [D] [thread 25564] [20.0] [cxt 0] Deparsing header 'ethernet'
[11:12:26.255] [bmv2] [D] [thread 25564] [20.0] [cxt 0] Deparser 'deparser': end
[11:12:26.255] [bmv2] [D] [thread 25568] [20.0] [cxt 0] Transmitting packet of size 70 out of port 0
[11:12:27.295] [bmv2] [D] [thread 25563] [21.0] [cxt 0] Processing packet received on port 2
[11:12:27.295] [bmv2] [D] [thread 25563] [21.0] [cxt 0] Parser 'parser': start
[11:12:27.296] [bmv2] [D] [thread 25563] [21.0] [cxt 0] Parser 'parser' entering state 'start'
[11:12:27.296] [bmv2] [D] [thread 25563] [21.0] [cxt 0] Extracting header 'ethernet'
[11:12:27.297] [bmv2] [D] [thread 25563] [21.0] [cxt 0] Parser state 'start': key is 0800
[11:12:27.299] [bmv2] [T] [thread 25563] [21.0] [cxt 0] Bytes parsed: 14
[11:12:27.299] [bmv2] [D] [thread 25563] [21.0] [cxt 0] Parser 'parser' entering state 'parse_ipv4'
[11:12:27.299] [bmv2] [D] [thread 25563] [21.0] [cxt 0] Extracting header 'ipv4'
[11:12:27.300] [bmv2] [D] [thread 25563] [21.0] [cxt 0] Parser state 'parse_ipv4' has no switch, going to default next state
[11:12:27.300] [bmv2] [T] [thread 25563] [21.0] [cxt 0] Bytes parsed: 34
[11:12:27.300] [bmv2] [D] [thread 25563] [21.0] [cxt 0] Parser 'parser': end
[11:12:27.301] [bmv2] [D] [thread 25563] [21.0] [cxt 0] Pipeline 'ingress': start
[11:12:27.301] [bmv2] [T] [thread 25563] [21.0] [cxt 0] routing.p4(114) Condition "hdr.ipv4.isValid()" (node_2) is true
[11:12:27.302] [bmv2] [T] [thread 25563] [21.0] [cxt 0] Applying table 'MyIngress.ipv4_lpm'
[11:12:27.302] [bmv2] [D] [thread 25563] [21.0] [cxt 0] Looking up key:
* hdr.ipv4.dstAddr    : 0a000202

[11:12:27.302] [bmv2] [D] [thread 25563] [21.0] [cxt 0] Table 'MyIngress.ipv4_lpm': hit with handle 1
[11:12:27.303] [bmv2] [D] [thread 25563] [21.0] [cxt 0] Dumping entry 1
Match key:
* hdr.ipv4.dstAddr    : LPM       0a000202/32
Action entry: MyIngress.ipv4_forward - 80000000222,1,

[11:12:27.303] [bmv2] [D] [thread 25563] [21.0] [cxt 0] Action entry is MyIngress.ipv4_forward - 80000000222,1,
[11:12:27.304] [bmv2] [T] [thread 25563] [21.0] [cxt 0] Action MyIngress.ipv4_forward
[11:12:27.307] [bmv2] [T] [thread 25563] [21.0] [cxt 0] routing.p4(94) Primitive standard_metadata.egress_spec = port
[11:12:27.308] [bmv2] [T] [thread 25563] [21.0] [cxt 0] routing.p4(95) Primitive hdr.ethernet.srcAddr = hdr.ethernet.dstAddr
[11:12:27.308] [bmv2] [T] [thread 25563] [21.0] [cxt 0] routing.p4(96) Primitive hdr.ethernet.dstAddr = dstAddr
[11:12:27.309] [bmv2] [T] [thread 25563] [21.0] [cxt 0] routing.p4(97) Primitive hdr.ipv4.ttl = hdr.ipv4.ttl - 1
[11:12:27.310] [bmv2] [D] [thread 25563] [21.0] [cxt 0] Pipeline 'ingress': end
[11:12:27.311] [bmv2] [D] [thread 25563] [21.0] [cxt 0] Egress port is 1
[11:12:27.314] [bmv2] [D] [thread 25565] [21.0] [cxt 0] Pipeline 'egress': start
[11:12:27.315] [bmv2] [D] [thread 25565] [21.0] [cxt 0] Pipeline 'egress': end
[11:12:27.315] [bmv2] [D] [thread 25565] [21.0] [cxt 0] Deparser 'deparser': start
[11:12:27.315] [bmv2] [D] [thread 25565] [21.0] [cxt 0] Updating checksum 'cksum'
[11:12:27.315] [bmv2] [D] [thread 25565] [21.0] [cxt 0] Deparsing header 'ethernet'
[11:12:27.316] [bmv2] [D] [thread 25565] [21.0] [cxt 0] Deparsing header 'ipv4'
[11:12:27.316] [bmv2] [D] [thread 25565] [21.0] [cxt 0] Deparser 'deparser': end
[11:12:27.317] [bmv2] [D] [thread 25568] [21.0] [cxt 0] Transmitting packet of size 98 out of port 1
[11:12:27.324] [bmv2] [D] [thread 25563] [22.0] [cxt 0] Processing packet received on port 1
[11:12:27.325] [bmv2] [D] [thread 25563] [22.0] [cxt 0] Parser 'parser': start
[11:12:27.330] [bmv2] [D] [thread 25563] [22.0] [cxt 0] Parser 'parser' entering state 'start'
[11:12:27.332] [bmv2] [D] [thread 25563] [22.0] [cxt 0] Extracting header 'ethernet'
[11:12:27.333] [bmv2] [D] [thread 25563] [22.0] [cxt 0] Parser state 'start': key is 0800
[11:12:27.333] [bmv2] [T] [thread 25563] [22.0] [cxt 0] Bytes parsed: 14
[11:12:27.334] [bmv2] [D] [thread 25563] [22.0] [cxt 0] Parser 'parser' entering state 'parse_ipv4'
[11:12:27.339] [bmv2] [D] [thread 25563] [22.0] [cxt 0] Extracting header 'ipv4'
[11:12:27.340] [bmv2] [D] [thread 25563] [22.0] [cxt 0] Parser state 'parse_ipv4' has no switch, going to default next state
[11:12:27.340] [bmv2] [T] [thread 25563] [22.0] [cxt 0] Bytes parsed: 34
[11:12:27.341] [bmv2] [D] [thread 25563] [22.0] [cxt 0] Parser 'parser': end
[11:12:27.341] [bmv2] [D] [thread 25563] [22.0] [cxt 0] Pipeline 'ingress': start
[11:12:27.345] [bmv2] [T] [thread 25563] [22.0] [cxt 0] routing.p4(114) Condition "hdr.ipv4.isValid()" (node_2) is true
[11:12:27.347] [bmv2] [T] [thread 25563] [22.0] [cxt 0] Applying table 'MyIngress.ipv4_lpm'
[11:12:27.350] [bmv2] [D] [thread 25563] [22.0] [cxt 0] Looking up key:
* hdr.ipv4.dstAddr    : 0a000101

[11:12:27.352] [bmv2] [D] [thread 25563] [22.0] [cxt 0] Table 'MyIngress.ipv4_lpm': hit with handle 0
[11:12:27.353] [bmv2] [D] [thread 25563] [22.0] [cxt 0] Dumping entry 0
Match key:
* hdr.ipv4.dstAddr    : LPM       0a000101/32
Action entry: MyIngress.ipv4_forward - 80000000100,2,

[11:12:27.354] [bmv2] [D] [thread 25563] [22.0] [cxt 0] Action entry is MyIngress.ipv4_forward - 80000000100,2,
[11:12:27.355] [bmv2] [T] [thread 25563] [22.0] [cxt 0] Action MyIngress.ipv4_forward
[11:12:27.355] [bmv2] [T] [thread 25563] [22.0] [cxt 0] routing.p4(94) Primitive standard_metadata.egress_spec = port
[11:12:27.358] [bmv2] [T] [thread 25563] [22.0] [cxt 0] routing.p4(95) Primitive hdr.ethernet.srcAddr = hdr.ethernet.dstAddr
[11:12:27.364] [bmv2] [T] [thread 25563] [22.0] [cxt 0] routing.p4(96) Primitive hdr.ethernet.dstAddr = dstAddr
[11:12:27.365] [bmv2] [T] [thread 25563] [22.0] [cxt 0] routing.p4(97) Primitive hdr.ipv4.ttl = hdr.ipv4.ttl - 1
[11:12:27.366] [bmv2] [D] [thread 25563] [22.0] [cxt 0] Pipeline 'ingress': end
[11:12:27.369] [bmv2] [D] [thread 25563] [22.0] [cxt 0] Egress port is 2
[11:12:27.370] [bmv2] [D] [thread 25566] [22.0] [cxt 0] Pipeline 'egress': start
[11:12:27.370] [bmv2] [D] [thread 25566] [22.0] [cxt 0] Pipeline 'egress': end
[11:12:27.371] [bmv2] [D] [thread 25566] [22.0] [cxt 0] Deparser 'deparser': start
[11:12:27.371] [bmv2] [D] [thread 25566] [22.0] [cxt 0] Updating checksum 'cksum'
[11:12:27.372] [bmv2] [D] [thread 25566] [22.0] [cxt 0] Deparsing header 'ethernet'
[11:12:27.373] [bmv2] [D] [thread 25566] [22.0] [cxt 0] Deparsing header 'ipv4'
[11:12:27.376] [bmv2] [D] [thread 25566] [22.0] [cxt 0] Deparser 'deparser': end
[11:12:27.377] [bmv2] [D] [thread 25568] [22.0] [cxt 0] Transmitting packet of size 98 out of port 2
[11:12:27.446] [bmv2] [D] [thread 25563] [23.0] [cxt 0] Processing packet received on port 1
[11:12:27.446] [bmv2] [D] [thread 25563] [23.0] [cxt 0] Parser 'parser': start
[11:12:27.446] [bmv2] [D] [thread 25563] [23.0] [cxt 0] Parser 'parser' entering state 'start'
[11:12:27.446] [bmv2] [D] [thread 25563] [23.0] [cxt 0] Extracting header 'ethernet'
[11:12:27.446] [bmv2] [D] [thread 25563] [23.0] [cxt 0] Parser state 'start': key is 0800
[11:12:27.446] [bmv2] [T] [thread 25563] [23.0] [cxt 0] Bytes parsed: 14
[11:12:27.446] [bmv2] [D] [thread 25563] [23.0] [cxt 0] Parser 'parser' entering state 'parse_ipv4'
[11:12:27.446] [bmv2] [D] [thread 25563] [23.0] [cxt 0] Extracting header 'ipv4'
[11:12:27.447] [bmv2] [D] [thread 25563] [23.0] [cxt 0] Parser state 'parse_ipv4' has no switch, going to default next state
[11:12:27.447] [bmv2] [T] [thread 25563] [23.0] [cxt 0] Bytes parsed: 34
[11:12:27.447] [bmv2] [D] [thread 25563] [23.0] [cxt 0] Parser 'parser': end
[11:12:27.447] [bmv2] [D] [thread 25563] [23.0] [cxt 0] Pipeline 'ingress': start
[11:12:27.447] [bmv2] [T] [thread 25563] [23.0] [cxt 0] routing.p4(114) Condition "hdr.ipv4.isValid()" (node_2) is true
[11:12:27.447] [bmv2] [T] [thread 25563] [23.0] [cxt 0] Applying table 'MyIngress.ipv4_lpm'
[11:12:27.448] [bmv2] [D] [thread 25563] [23.0] [cxt 0] Looking up key:
* hdr.ipv4.dstAddr    : 0a000101

[11:12:27.449] [bmv2] [D] [thread 25563] [23.0] [cxt 0] Table 'MyIngress.ipv4_lpm': hit with handle 0
[11:12:27.452] [bmv2] [D] [thread 25563] [23.0] [cxt 0] Dumping entry 0
Match key:
* hdr.ipv4.dstAddr    : LPM       0a000101/32
Action entry: MyIngress.ipv4_forward - 80000000100,2,

[11:12:27.454] [bmv2] [D] [thread 25563] [23.0] [cxt 0] Action entry is MyIngress.ipv4_forward - 80000000100,2,
[11:12:27.455] [bmv2] [T] [thread 25563] [23.0] [cxt 0] Action MyIngress.ipv4_forward
[11:12:27.455] [bmv2] [T] [thread 25563] [23.0] [cxt 0] routing.p4(94) Primitive standard_metadata.egress_spec = port
[11:12:27.455] [bmv2] [T] [thread 25563] [23.0] [cxt 0] routing.p4(95) Primitive hdr.ethernet.srcAddr = hdr.ethernet.dstAddr
[11:12:27.455] [bmv2] [T] [thread 25563] [23.0] [cxt 0] routing.p4(96) Primitive hdr.ethernet.dstAddr = dstAddr
[11:12:27.455] [bmv2] [T] [thread 25563] [23.0] [cxt 0] routing.p4(97) Primitive hdr.ipv4.ttl = hdr.ipv4.ttl - 1
[11:12:27.455] [bmv2] [D] [thread 25563] [23.0] [cxt 0] Pipeline 'ingress': end
[11:12:27.455] [bmv2] [D] [thread 25563] [23.0] [cxt 0] Egress port is 2
[11:12:27.455] [bmv2] [D] [thread 25566] [23.0] [cxt 0] Pipeline 'egress': start
[11:12:27.455] [bmv2] [D] [thread 25566] [23.0] [cxt 0] Pipeline 'egress': end
[11:12:27.456] [bmv2] [D] [thread 25566] [23.0] [cxt 0] Deparser 'deparser': start
[11:12:27.456] [bmv2] [D] [thread 25566] [23.0] [cxt 0] Updating checksum 'cksum'
[11:12:27.456] [bmv2] [D] [thread 25566] [23.0] [cxt 0] Deparsing header 'ethernet'
[11:12:27.456] [bmv2] [D] [thread 25566] [23.0] [cxt 0] Deparsing header 'ipv4'
[11:12:27.456] [bmv2] [D] [thread 25566] [23.0] [cxt 0] Deparser 'deparser': end
[11:12:27.456] [bmv2] [D] [thread 25568] [23.0] [cxt 0] Transmitting packet of size 98 out of port 2
[11:12:27.464] [bmv2] [D] [thread 25563] [24.0] [cxt 0] Processing packet received on port 2
[11:12:27.464] [bmv2] [D] [thread 25563] [24.0] [cxt 0] Parser 'parser': start
[11:12:27.464] [bmv2] [D] [thread 25563] [24.0] [cxt 0] Parser 'parser' entering state 'start'
[11:12:27.465] [bmv2] [D] [thread 25563] [24.0] [cxt 0] Extracting header 'ethernet'
[11:12:27.465] [bmv2] [D] [thread 25563] [24.0] [cxt 0] Parser state 'start': key is 0800
[11:12:27.465] [bmv2] [T] [thread 25563] [24.0] [cxt 0] Bytes parsed: 14
[11:12:27.465] [bmv2] [D] [thread 25563] [24.0] [cxt 0] Parser 'parser' entering state 'parse_ipv4'
[11:12:27.465] [bmv2] [D] [thread 25563] [24.0] [cxt 0] Extracting header 'ipv4'
[11:12:27.465] [bmv2] [D] [thread 25563] [24.0] [cxt 0] Parser state 'parse_ipv4' has no switch, going to default next state
[11:12:27.467] [bmv2] [T] [thread 25563] [24.0] [cxt 0] Bytes parsed: 34
[11:12:27.467] [bmv2] [D] [thread 25563] [24.0] [cxt 0] Parser 'parser': end
[11:12:27.468] [bmv2] [D] [thread 25563] [24.0] [cxt 0] Pipeline 'ingress': start
[11:12:27.469] [bmv2] [T] [thread 25563] [24.0] [cxt 0] routing.p4(114) Condition "hdr.ipv4.isValid()" (node_2) is true
[11:12:27.470] [bmv2] [T] [thread 25563] [24.0] [cxt 0] Applying table 'MyIngress.ipv4_lpm'
[11:12:27.471] [bmv2] [D] [thread 25563] [24.0] [cxt 0] Looking up key:
* hdr.ipv4.dstAddr    : 0a000202

[11:12:27.471] [bmv2] [D] [thread 25563] [24.0] [cxt 0] Table 'MyIngress.ipv4_lpm': hit with handle 1
[11:12:27.472] [bmv2] [D] [thread 25563] [24.0] [cxt 0] Dumping entry 1
Match key:
* hdr.ipv4.dstAddr    : LPM       0a000202/32
Action entry: MyIngress.ipv4_forward - 80000000222,1,

[11:12:27.473] [bmv2] [D] [thread 25563] [24.0] [cxt 0] Action entry is MyIngress.ipv4_forward - 80000000222,1,
[11:12:27.474] [bmv2] [T] [thread 25563] [24.0] [cxt 0] Action MyIngress.ipv4_forward
[11:12:27.475] [bmv2] [T] [thread 25563] [24.0] [cxt 0] routing.p4(94) Primitive standard_metadata.egress_spec = port
[11:12:27.475] [bmv2] [T] [thread 25563] [24.0] [cxt 0] routing.p4(95) Primitive hdr.ethernet.srcAddr = hdr.ethernet.dstAddr
[11:12:27.477] [bmv2] [T] [thread 25563] [24.0] [cxt 0] routing.p4(96) Primitive hdr.ethernet.dstAddr = dstAddr
[11:12:27.477] [bmv2] [T] [thread 25563] [24.0] [cxt 0] routing.p4(97) Primitive hdr.ipv4.ttl = hdr.ipv4.ttl - 1
[11:12:27.477] [bmv2] [D] [thread 25563] [24.0] [cxt 0] Pipeline 'ingress': end
[11:12:27.477] [bmv2] [D] [thread 25563] [24.0] [cxt 0] Egress port is 1
[11:12:27.477] [bmv2] [D] [thread 25565] [24.0] [cxt 0] Pipeline 'egress': start
[11:12:27.478] [bmv2] [D] [thread 25565] [24.0] [cxt 0] Pipeline 'egress': end
[11:12:27.478] [bmv2] [D] [thread 25565] [24.0] [cxt 0] Deparser 'deparser': start
[11:12:27.478] [bmv2] [D] [thread 25565] [24.0] [cxt 0] Updating checksum 'cksum'
[11:12:27.478] [bmv2] [D] [thread 25565] [24.0] [cxt 0] Deparsing header 'ethernet'
[11:12:27.478] [bmv2] [D] [thread 25565] [24.0] [cxt 0] Deparsing header 'ipv4'
[11:12:27.479] [bmv2] [D] [thread 25565] [24.0] [cxt 0] Deparser 'deparser': end
[11:12:27.479] [bmv2] [D] [thread 25568] [24.0] [cxt 0] Transmitting packet of size 98 out of port 1
[11:12:27.484] [bmv2] [D] [thread 25563] [25.0] [cxt 0] Processing packet received on port 1
[11:12:27.485] [bmv2] [D] [thread 25563] [25.0] [cxt 0] Parser 'parser': start
[11:12:27.486] [bmv2] [D] [thread 25563] [25.0] [cxt 0] Parser 'parser' entering state 'start'
[11:12:27.488] [bmv2] [D] [thread 25563] [25.0] [cxt 0] Extracting header 'ethernet'
[11:12:27.488] [bmv2] [D] [thread 25563] [25.0] [cxt 0] Parser state 'start': key is 0800
[11:12:27.492] [bmv2] [T] [thread 25563] [25.0] [cxt 0] Bytes parsed: 14
[11:12:27.493] [bmv2] [D] [thread 25563] [25.0] [cxt 0] Parser 'parser' entering state 'parse_ipv4'
[11:12:27.493] [bmv2] [D] [thread 25563] [25.0] [cxt 0] Extracting header 'ipv4'
[11:12:27.494] [bmv2] [D] [thread 25563] [25.0] [cxt 0] Parser state 'parse_ipv4' has no switch, going to default next state
[11:12:27.494] [bmv2] [T] [thread 25563] [25.0] [cxt 0] Bytes parsed: 34
[11:12:27.494] [bmv2] [D] [thread 25563] [25.0] [cxt 0] Parser 'parser': end
[11:12:27.494] [bmv2] [D] [thread 25563] [25.0] [cxt 0] Pipeline 'ingress': start
[11:12:27.494] [bmv2] [T] [thread 25563] [25.0] [cxt 0] routing.p4(114) Condition "hdr.ipv4.isValid()" (node_2) is true
[11:12:27.495] [bmv2] [T] [thread 25563] [25.0] [cxt 0] Applying table 'MyIngress.ipv4_lpm'
[11:12:27.495] [bmv2] [D] [thread 25563] [25.0] [cxt 0] Looking up key:
* hdr.ipv4.dstAddr    : 0a000303

[11:12:27.496] [bmv2] [D] [thread 25563] [25.0] [cxt 0] Table 'MyIngress.ipv4_lpm': hit with handle 2
[11:12:27.496] [bmv2] [D] [thread 25563] [25.0] [cxt 0] Dumping entry 2
Match key:
* hdr.ipv4.dstAddr    : LPM       0a000303/32
Action entry: MyIngress.ipv4_forward - 80000000300,3,

[11:12:27.496] [bmv2] [D] [thread 25563] [25.0] [cxt 0] Action entry is MyIngress.ipv4_forward - 80000000300,3,
[11:12:27.497] [bmv2] [T] [thread 25563] [25.0] [cxt 0] Action MyIngress.ipv4_forward
[11:12:27.497] [bmv2] [T] [thread 25563] [25.0] [cxt 0] routing.p4(94) Primitive standard_metadata.egress_spec = port
[11:12:27.497] [bmv2] [T] [thread 25563] [25.0] [cxt 0] routing.p4(95) Primitive hdr.ethernet.srcAddr = hdr.ethernet.dstAddr
[11:12:27.497] [bmv2] [T] [thread 25563] [25.0] [cxt 0] routing.p4(96) Primitive hdr.ethernet.dstAddr = dstAddr
[11:12:27.497] [bmv2] [T] [thread 25563] [25.0] [cxt 0] routing.p4(97) Primitive hdr.ipv4.ttl = hdr.ipv4.ttl - 1
[11:12:27.497] [bmv2] [D] [thread 25563] [25.0] [cxt 0] Pipeline 'ingress': end
[11:12:27.497] [bmv2] [D] [thread 25563] [25.0] [cxt 0] Egress port is 3
[11:12:27.497] [bmv2] [D] [thread 25567] [25.0] [cxt 0] Pipeline 'egress': start
[11:12:27.497] [bmv2] [D] [thread 25567] [25.0] [cxt 0] Pipeline 'egress': end
[11:12:27.497] [bmv2] [D] [thread 25567] [25.0] [cxt 0] Deparser 'deparser': start
[11:12:27.497] [bmv2] [D] [thread 25567] [25.0] [cxt 0] Updating checksum 'cksum'
[11:12:27.497] [bmv2] [D] [thread 25567] [25.0] [cxt 0] Deparsing header 'ethernet'
[11:12:27.498] [bmv2] [D] [thread 25567] [25.0] [cxt 0] Deparsing header 'ipv4'
[11:12:27.498] [bmv2] [D] [thread 25567] [25.0] [cxt 0] Deparser 'deparser': end
[11:12:27.498] [bmv2] [D] [thread 25568] [25.0] [cxt 0] Transmitting packet of size 98 out of port 3
[11:12:27.512] [bmv2] [D] [thread 25563] [26.0] [cxt 0] Processing packet received on port 3
[11:12:27.512] [bmv2] [D] [thread 25563] [26.0] [cxt 0] Parser 'parser': start
[11:12:27.512] [bmv2] [D] [thread 25563] [26.0] [cxt 0] Parser 'parser' entering state 'start'
[11:12:27.512] [bmv2] [D] [thread 25563] [26.0] [cxt 0] Extracting header 'ethernet'
[11:12:27.512] [bmv2] [D] [thread 25563] [26.0] [cxt 0] Parser state 'start': key is 0800
[11:12:27.512] [bmv2] [T] [thread 25563] [26.0] [cxt 0] Bytes parsed: 14
[11:12:27.512] [bmv2] [D] [thread 25563] [26.0] [cxt 0] Parser 'parser' entering state 'parse_ipv4'
[11:12:27.512] [bmv2] [D] [thread 25563] [26.0] [cxt 0] Extracting header 'ipv4'
[11:12:27.512] [bmv2] [D] [thread 25563] [26.0] [cxt 0] Parser state 'parse_ipv4' has no switch, going to default next state
[11:12:27.512] [bmv2] [T] [thread 25563] [26.0] [cxt 0] Bytes parsed: 34
[11:12:27.512] [bmv2] [D] [thread 25563] [26.0] [cxt 0] Parser 'parser': end
[11:12:27.513] [bmv2] [D] [thread 25563] [26.0] [cxt 0] Pipeline 'ingress': start
[11:12:27.513] [bmv2] [T] [thread 25563] [26.0] [cxt 0] routing.p4(114) Condition "hdr.ipv4.isValid()" (node_2) is true
[11:12:27.513] [bmv2] [T] [thread 25563] [26.0] [cxt 0] Applying table 'MyIngress.ipv4_lpm'
[11:12:27.513] [bmv2] [D] [thread 25563] [26.0] [cxt 0] Looking up key:
* hdr.ipv4.dstAddr    : 0a000202

[11:12:27.513] [bmv2] [D] [thread 25563] [26.0] [cxt 0] Table 'MyIngress.ipv4_lpm': hit with handle 1
[11:12:27.513] [bmv2] [D] [thread 25563] [26.0] [cxt 0] Dumping entry 1
Match key:
* hdr.ipv4.dstAddr    : LPM       0a000202/32
Action entry: MyIngress.ipv4_forward - 80000000222,1,

[11:12:27.513] [bmv2] [D] [thread 25563] [26.0] [cxt 0] Action entry is MyIngress.ipv4_forward - 80000000222,1,
[11:12:27.513] [bmv2] [T] [thread 25563] [26.0] [cxt 0] Action MyIngress.ipv4_forward
[11:12:27.513] [bmv2] [T] [thread 25563] [26.0] [cxt 0] routing.p4(94) Primitive standard_metadata.egress_spec = port
[11:12:27.513] [bmv2] [T] [thread 25563] [26.0] [cxt 0] routing.p4(95) Primitive hdr.ethernet.srcAddr = hdr.ethernet.dstAddr
[11:12:27.513] [bmv2] [T] [thread 25563] [26.0] [cxt 0] routing.p4(96) Primitive hdr.ethernet.dstAddr = dstAddr
[11:12:27.513] [bmv2] [T] [thread 25563] [26.0] [cxt 0] routing.p4(97) Primitive hdr.ipv4.ttl = hdr.ipv4.ttl - 1
[11:12:27.514] [bmv2] [D] [thread 25563] [26.0] [cxt 0] Pipeline 'ingress': end
[11:12:27.514] [bmv2] [D] [thread 25563] [26.0] [cxt 0] Egress port is 1
[11:12:27.514] [bmv2] [D] [thread 25565] [26.0] [cxt 0] Pipeline 'egress': start
[11:12:27.514] [bmv2] [D] [thread 25565] [26.0] [cxt 0] Pipeline 'egress': end
[11:12:27.514] [bmv2] [D] [thread 25565] [26.0] [cxt 0] Deparser 'deparser': start
[11:12:27.514] [bmv2] [D] [thread 25565] [26.0] [cxt 0] Updating checksum 'cksum'
[11:12:27.514] [bmv2] [D] [thread 25565] [26.0] [cxt 0] Deparsing header 'ethernet'
[11:12:27.515] [bmv2] [D] [thread 25565] [26.0] [cxt 0] Deparsing header 'ipv4'
[11:12:27.515] [bmv2] [D] [thread 25565] [26.0] [cxt 0] Deparser 'deparser': end
[11:12:27.515] [bmv2] [D] [thread 25568] [26.0] [cxt 0] Transmitting packet of size 98 out of port 1
[11:12:27.543] [bmv2] [D] [thread 25563] [27.0] [cxt 0] Processing packet received on port 3
[11:12:27.543] [bmv2] [D] [thread 25563] [27.0] [cxt 0] Parser 'parser': start
[11:12:27.543] [bmv2] [D] [thread 25563] [27.0] [cxt 0] Parser 'parser' entering state 'start'
[11:12:27.543] [bmv2] [D] [thread 25563] [27.0] [cxt 0] Extracting header 'ethernet'
[11:12:27.543] [bmv2] [D] [thread 25563] [27.0] [cxt 0] Parser state 'start': key is 0800
[11:12:27.543] [bmv2] [T] [thread 25563] [27.0] [cxt 0] Bytes parsed: 14
[11:12:27.543] [bmv2] [D] [thread 25563] [27.0] [cxt 0] Parser 'parser' entering state 'parse_ipv4'
[11:12:27.544] [bmv2] [D] [thread 25563] [27.0] [cxt 0] Extracting header 'ipv4'
[11:12:27.544] [bmv2] [D] [thread 25563] [27.0] [cxt 0] Parser state 'parse_ipv4' has no switch, going to default next state
[11:12:27.544] [bmv2] [T] [thread 25563] [27.0] [cxt 0] Bytes parsed: 34
[11:12:27.544] [bmv2] [D] [thread 25563] [27.0] [cxt 0] Parser 'parser': end
[11:12:27.544] [bmv2] [D] [thread 25563] [27.0] [cxt 0] Pipeline 'ingress': start
[11:12:27.544] [bmv2] [T] [thread 25563] [27.0] [cxt 0] routing.p4(114) Condition "hdr.ipv4.isValid()" (node_2) is true
[11:12:27.544] [bmv2] [T] [thread 25563] [27.0] [cxt 0] Applying table 'MyIngress.ipv4_lpm'
[11:12:27.545] [bmv2] [D] [thread 25563] [27.0] [cxt 0] Looking up key:
* hdr.ipv4.dstAddr    : 0a000202

[11:12:27.545] [bmv2] [D] [thread 25563] [27.0] [cxt 0] Table 'MyIngress.ipv4_lpm': hit with handle 1
[11:12:27.545] [bmv2] [D] [thread 25563] [27.0] [cxt 0] Dumping entry 1
Match key:
* hdr.ipv4.dstAddr    : LPM       0a000202/32
Action entry: MyIngress.ipv4_forward - 80000000222,1,

[11:12:27.545] [bmv2] [D] [thread 25563] [27.0] [cxt 0] Action entry is MyIngress.ipv4_forward - 80000000222,1,
[11:12:27.545] [bmv2] [T] [thread 25563] [27.0] [cxt 0] Action MyIngress.ipv4_forward
[11:12:27.545] [bmv2] [T] [thread 25563] [27.0] [cxt 0] routing.p4(94) Primitive standard_metadata.egress_spec = port
[11:12:27.545] [bmv2] [T] [thread 25563] [27.0] [cxt 0] routing.p4(95) Primitive hdr.ethernet.srcAddr = hdr.ethernet.dstAddr
[11:12:27.548] [bmv2] [T] [thread 25563] [27.0] [cxt 0] routing.p4(96) Primitive hdr.ethernet.dstAddr = dstAddr
[11:12:27.549] [bmv2] [T] [thread 25563] [27.0] [cxt 0] routing.p4(97) Primitive hdr.ipv4.ttl = hdr.ipv4.ttl - 1
[11:12:27.550] [bmv2] [D] [thread 25563] [27.0] [cxt 0] Pipeline 'ingress': end
[11:12:27.550] [bmv2] [D] [thread 25563] [27.0] [cxt 0] Egress port is 1
[11:12:27.551] [bmv2] [D] [thread 25565] [27.0] [cxt 0] Pipeline 'egress': start
[11:12:27.551] [bmv2] [D] [thread 25565] [27.0] [cxt 0] Pipeline 'egress': end
[11:12:27.552] [bmv2] [D] [thread 25565] [27.0] [cxt 0] Deparser 'deparser': start
[11:12:27.553] [bmv2] [D] [thread 25565] [27.0] [cxt 0] Updating checksum 'cksum'
[11:12:27.554] [bmv2] [D] [thread 25565] [27.0] [cxt 0] Deparsing header 'ethernet'
[11:12:27.555] [bmv2] [D] [thread 25565] [27.0] [cxt 0] Deparsing header 'ipv4'
[11:12:27.555] [bmv2] [D] [thread 25565] [27.0] [cxt 0] Deparser 'deparser': end
[11:12:27.556] [bmv2] [D] [thread 25568] [27.0] [cxt 0] Transmitting packet of size 98 out of port 1
[11:12:27.556] [bmv2] [D] [thread 25563] [28.0] [cxt 0] Processing packet received on port 1
[11:12:27.557] [bmv2] [D] [thread 25563] [28.0] [cxt 0] Parser 'parser': start
[11:12:27.558] [bmv2] [D] [thread 25563] [28.0] [cxt 0] Parser 'parser' entering state 'start'
[11:12:27.559] [bmv2] [D] [thread 25563] [28.0] [cxt 0] Extracting header 'ethernet'
[11:12:27.560] [bmv2] [D] [thread 25563] [28.0] [cxt 0] Parser state 'start': key is 0800
[11:12:27.560] [bmv2] [T] [thread 25563] [28.0] [cxt 0] Bytes parsed: 14
[11:12:27.562] [bmv2] [D] [thread 25563] [28.0] [cxt 0] Parser 'parser' entering state 'parse_ipv4'
[11:12:27.562] [bmv2] [D] [thread 25563] [28.0] [cxt 0] Extracting header 'ipv4'
[11:12:27.562] [bmv2] [D] [thread 25563] [28.0] [cxt 0] Parser state 'parse_ipv4' has no switch, going to default next state
[11:12:27.562] [bmv2] [T] [thread 25563] [28.0] [cxt 0] Bytes parsed: 34
[11:12:27.562] [bmv2] [D] [thread 25563] [28.0] [cxt 0] Parser 'parser': end
[11:12:27.562] [bmv2] [D] [thread 25563] [28.0] [cxt 0] Pipeline 'ingress': start
[11:12:27.563] [bmv2] [T] [thread 25563] [28.0] [cxt 0] routing.p4(114) Condition "hdr.ipv4.isValid()" (node_2) is true
[11:12:27.564] [bmv2] [T] [thread 25563] [28.0] [cxt 0] Applying table 'MyIngress.ipv4_lpm'
[11:12:27.564] [bmv2] [D] [thread 25563] [28.0] [cxt 0] Looking up key:
* hdr.ipv4.dstAddr    : 0a000303

[11:12:27.564] [bmv2] [D] [thread 25563] [28.0] [cxt 0] Table 'MyIngress.ipv4_lpm': hit with handle 2
[11:12:27.564] [bmv2] [D] [thread 25563] [28.0] [cxt 0] Dumping entry 2
Match key:
* hdr.ipv4.dstAddr    : LPM       0a000303/32
Action entry: MyIngress.ipv4_forward - 80000000300,3,

[11:12:27.565] [bmv2] [D] [thread 25563] [28.0] [cxt 0] Action entry is MyIngress.ipv4_forward - 80000000300,3,
[11:12:27.565] [bmv2] [T] [thread 25563] [28.0] [cxt 0] Action MyIngress.ipv4_forward
[11:12:27.565] [bmv2] [T] [thread 25563] [28.0] [cxt 0] routing.p4(94) Primitive standard_metadata.egress_spec = port
[11:12:27.565] [bmv2] [T] [thread 25563] [28.0] [cxt 0] routing.p4(95) Primitive hdr.ethernet.srcAddr = hdr.ethernet.dstAddr
[11:12:27.568] [bmv2] [T] [thread 25563] [28.0] [cxt 0] routing.p4(96) Primitive hdr.ethernet.dstAddr = dstAddr
[11:12:27.568] [bmv2] [T] [thread 25563] [28.0] [cxt 0] routing.p4(97) Primitive hdr.ipv4.ttl = hdr.ipv4.ttl - 1
[11:12:27.569] [bmv2] [D] [thread 25563] [28.0] [cxt 0] Pipeline 'ingress': end
[11:12:27.569] [bmv2] [D] [thread 25563] [28.0] [cxt 0] Egress port is 3
[11:12:27.569] [bmv2] [D] [thread 25567] [28.0] [cxt 0] Pipeline 'egress': start
[11:12:27.570] [bmv2] [D] [thread 25567] [28.0] [cxt 0] Pipeline 'egress': end
[11:12:27.570] [bmv2] [D] [thread 25567] [28.0] [cxt 0] Deparser 'deparser': start
[11:12:27.570] [bmv2] [D] [thread 25567] [28.0] [cxt 0] Updating checksum 'cksum'
[11:12:27.571] [bmv2] [D] [thread 25567] [28.0] [cxt 0] Deparsing header 'ethernet'
[11:12:27.571] [bmv2] [D] [thread 25567] [28.0] [cxt 0] Deparsing header 'ipv4'
[11:12:27.571] [bmv2] [D] [thread 25567] [28.0] [cxt 0] Deparser 'deparser': end
[11:12:27.572] [bmv2] [D] [thread 25568] [28.0] [cxt 0] Transmitting packet of size 98 out of port 3
[11:12:29.987] [bmv2] [D] [thread 25563] [29.0] [cxt 0] Processing packet received on port 3
[11:12:29.988] [bmv2] [D] [thread 25563] [29.0] [cxt 0] Parser 'parser': start
[11:12:29.988] [bmv2] [D] [thread 25563] [29.0] [cxt 0] Parser 'parser' entering state 'start'
[11:12:29.988] [bmv2] [D] [thread 25563] [29.0] [cxt 0] Extracting header 'ethernet'
[11:12:29.988] [bmv2] [D] [thread 25563] [29.0] [cxt 0] Parser state 'start': key is 86dd
[11:12:29.989] [bmv2] [T] [thread 25563] [29.0] [cxt 0] Bytes parsed: 14
[11:12:29.989] [bmv2] [D] [thread 25563] [29.0] [cxt 0] Parser 'parser': end
[11:12:29.989] [bmv2] [D] [thread 25563] [29.0] [cxt 0] Pipeline 'ingress': start
[11:12:29.989] [bmv2] [T] [thread 25563] [29.0] [cxt 0] routing.p4(114) Condition "hdr.ipv4.isValid()" (node_2) is false
[11:12:29.989] [bmv2] [D] [thread 25563] [29.0] [cxt 0] Pipeline 'ingress': end
[11:12:29.989] [bmv2] [D] [thread 25563] [29.0] [cxt 0] Egress port is 0
[11:12:29.989] [bmv2] [D] [thread 25564] [29.0] [cxt 0] Pipeline 'egress': start
[11:12:29.989] [bmv2] [D] [thread 25564] [29.0] [cxt 0] Pipeline 'egress': end
[11:12:29.990] [bmv2] [D] [thread 25564] [29.0] [cxt 0] Deparser 'deparser': start
[11:12:29.990] [bmv2] [T] [thread 25564] [29.0] [cxt 0] Skipping checksum 'cksum' update because condition not met
[11:12:29.990] [bmv2] [D] [thread 25564] [29.0] [cxt 0] Deparsing header 'ethernet'
[11:12:29.990] [bmv2] [D] [thread 25564] [29.0] [cxt 0] Deparser 'deparser': end
[11:12:29.990] [bmv2] [D] [thread 25568] [29.0] [cxt 0] Transmitting packet of size 70 out of port 0
[11:12:29.998] [bmv2] [D] [thread 25563] [30.0] [cxt 0] Processing packet received on port 1
[11:12:29.999] [bmv2] [D] [thread 25563] [30.0] [cxt 0] Parser 'parser': start
[11:12:29.999] [bmv2] [D] [thread 25563] [30.0] [cxt 0] Parser 'parser' entering state 'start'
[11:12:30.000] [bmv2] [D] [thread 25563] [30.0] [cxt 0] Extracting header 'ethernet'
[11:12:30.000] [bmv2] [D] [thread 25563] [30.0] [cxt 0] Parser state 'start': key is 86dd
[11:12:30.003] [bmv2] [T] [thread 25563] [30.0] [cxt 0] Bytes parsed: 14
[11:12:30.003] [bmv2] [D] [thread 25563] [30.0] [cxt 0] Parser 'parser': end
[11:12:30.003] [bmv2] [D] [thread 25563] [30.0] [cxt 0] Pipeline 'ingress': start
[11:12:30.003] [bmv2] [T] [thread 25563] [30.0] [cxt 0] routing.p4(114) Condition "hdr.ipv4.isValid()" (node_2) is false
[11:12:30.004] [bmv2] [D] [thread 25563] [30.0] [cxt 0] Pipeline 'ingress': end
[11:12:30.004] [bmv2] [D] [thread 25563] [30.0] [cxt 0] Egress port is 0
[11:12:30.004] [bmv2] [D] [thread 25564] [30.0] [cxt 0] Pipeline 'egress': start
[11:12:30.004] [bmv2] [D] [thread 25564] [30.0] [cxt 0] Pipeline 'egress': end
[11:12:30.004] [bmv2] [D] [thread 25564] [30.0] [cxt 0] Deparser 'deparser': start
[11:12:30.004] [bmv2] [T] [thread 25564] [30.0] [cxt 0] Skipping checksum 'cksum' update because condition not met
[11:12:30.004] [bmv2] [D] [thread 25564] [30.0] [cxt 0] Deparsing header 'ethernet'
[11:12:30.004] [bmv2] [D] [thread 25564] [30.0] [cxt 0] Deparser 'deparser': end
[11:12:30.004] [bmv2] [D] [thread 25568] [30.0] [cxt 0] Transmitting packet of size 70 out of port 0
[11:12:30.222] [bmv2] [D] [thread 25563] [31.0] [cxt 0] Processing packet received on port 2
[11:12:30.222] [bmv2] [D] [thread 25563] [31.0] [cxt 0] Parser 'parser': start
[11:12:30.222] [bmv2] [D] [thread 25563] [31.0] [cxt 0] Parser 'parser' entering state 'start'
[11:12:30.223] [bmv2] [D] [thread 25563] [31.0] [cxt 0] Extracting header 'ethernet'
[11:12:30.223] [bmv2] [D] [thread 25563] [31.0] [cxt 0] Parser state 'start': key is 86dd
[11:12:30.224] [bmv2] [T] [thread 25563] [31.0] [cxt 0] Bytes parsed: 14
[11:12:30.224] [bmv2] [D] [thread 25563] [31.0] [cxt 0] Parser 'parser': end
[11:12:30.225] [bmv2] [D] [thread 25563] [31.0] [cxt 0] Pipeline 'ingress': start
[11:12:30.225] [bmv2] [T] [thread 25563] [31.0] [cxt 0] routing.p4(114) Condition "hdr.ipv4.isValid()" (node_2) is false
[11:12:30.226] [bmv2] [D] [thread 25563] [31.0] [cxt 0] Pipeline 'ingress': end
[11:12:30.226] [bmv2] [D] [thread 25563] [31.0] [cxt 0] Egress port is 0
[11:12:30.226] [bmv2] [D] [thread 25563] [32.0] [cxt 0] Processing packet received on port 3
[11:12:30.227] [bmv2] [D] [thread 25563] [32.0] [cxt 0] Parser 'parser': start
[11:12:30.227] [bmv2] [D] [thread 25564] [31.0] [cxt 0] Pipeline 'egress': start
[11:12:30.228] [bmv2] [D] [thread 25564] [31.0] [cxt 0] Pipeline 'egress': end
[11:12:30.229] [bmv2] [D] [thread 25564] [31.0] [cxt 0] Deparser 'deparser': start
[11:12:30.229] [bmv2] [T] [thread 25564] [31.0] [cxt 0] Skipping checksum 'cksum' update because condition not met
[11:12:30.229] [bmv2] [D] [thread 25564] [31.0] [cxt 0] Deparsing header 'ethernet'
[11:12:30.227] [bmv2] [D] [thread 25563] [32.0] [cxt 0] Parser 'parser' entering state 'start'
[11:12:30.230] [bmv2] [D] [thread 25563] [32.0] [cxt 0] Extracting header 'ethernet'
[11:12:30.229] [bmv2] [D] [thread 25564] [31.0] [cxt 0] Deparser 'deparser': end
[11:12:30.230] [bmv2] [D] [thread 25563] [32.0] [cxt 0] Parser state 'start': key is 86dd
[11:12:30.231] [bmv2] [T] [thread 25563] [32.0] [cxt 0] Bytes parsed: 14
[11:12:30.230] [bmv2] [D] [thread 25568] [31.0] [cxt 0] Transmitting packet of size 70 out of port 0
[11:12:30.231] [bmv2] [D] [thread 25563] [32.0] [cxt 0] Parser 'parser': end
[11:12:30.232] [bmv2] [D] [thread 25563] [32.0] [cxt 0] Pipeline 'ingress': start
[11:12:30.232] [bmv2] [T] [thread 25563] [32.0] [cxt 0] routing.p4(114) Condition "hdr.ipv4.isValid()" (node_2) is false
[11:12:30.233] [bmv2] [D] [thread 25563] [32.0] [cxt 0] Pipeline 'ingress': end
[11:12:30.233] [bmv2] [D] [thread 25563] [32.0] [cxt 0] Egress port is 0
[11:12:30.233] [bmv2] [D] [thread 25564] [32.0] [cxt 0] Pipeline 'egress': start
[11:12:30.234] [bmv2] [D] [thread 25564] [32.0] [cxt 0] Pipeline 'egress': end
[11:12:30.234] [bmv2] [D] [thread 25564] [32.0] [cxt 0] Deparser 'deparser': start
[11:12:30.234] [bmv2] [T] [thread 25564] [32.0] [cxt 0] Skipping checksum 'cksum' update because condition not met
[11:12:30.235] [bmv2] [D] [thread 25564] [32.0] [cxt 0] Deparsing header 'ethernet'
[11:12:30.235] [bmv2] [D] [thread 25564] [32.0] [cxt 0] Deparser 'deparser': end
[11:12:30.235] [bmv2] [D] [thread 25568] [32.0] [cxt 0] Transmitting packet of size 70 out of port 0
[11:12:30.254] [bmv2] [D] [thread 25563] [33.0] [cxt 0] Processing packet received on port 2
[11:12:30.254] [bmv2] [D] [thread 25563] [33.0] [cxt 0] Parser 'parser': start
[11:12:30.255] [bmv2] [D] [thread 25563] [33.0] [cxt 0] Parser 'parser' entering state 'start'
[11:12:30.255] [bmv2] [D] [thread 25563] [33.0] [cxt 0] Extracting header 'ethernet'
[11:12:30.255] [bmv2] [D] [thread 25563] [33.0] [cxt 0] Parser state 'start': key is 86dd
[11:12:30.256] [bmv2] [T] [thread 25563] [33.0] [cxt 0] Bytes parsed: 14
[11:12:30.256] [bmv2] [D] [thread 25563] [33.0] [cxt 0] Parser 'parser': end
[11:12:30.256] [bmv2] [D] [thread 25563] [33.0] [cxt 0] Pipeline 'ingress': start
[11:12:30.257] [bmv2] [T] [thread 25563] [33.0] [cxt 0] routing.p4(114) Condition "hdr.ipv4.isValid()" (node_2) is false
[11:12:30.257] [bmv2] [D] [thread 25563] [33.0] [cxt 0] Pipeline 'ingress': end
[11:12:30.257] [bmv2] [D] [thread 25563] [33.0] [cxt 0] Egress port is 0
[11:12:30.258] [bmv2] [D] [thread 25564] [33.0] [cxt 0] Pipeline 'egress': start
[11:12:30.258] [bmv2] [D] [thread 25564] [33.0] [cxt 0] Pipeline 'egress': end
[11:12:30.259] [bmv2] [D] [thread 25564] [33.0] [cxt 0] Deparser 'deparser': start
[11:12:30.259] [bmv2] [T] [thread 25564] [33.0] [cxt 0] Skipping checksum 'cksum' update because condition not met
[11:12:30.260] [bmv2] [D] [thread 25564] [33.0] [cxt 0] Deparsing header 'ethernet'
[11:12:30.260] [bmv2] [D] [thread 25564] [33.0] [cxt 0] Deparser 'deparser': end
[11:12:30.260] [bmv2] [D] [thread 25568] [33.0] [cxt 0] Transmitting packet of size 70 out of port 0
open: No such file or directory
open: No such file or directory
open: No such file or directory
