Calling target program-options parser
[11:12:21.757] [bmv2] [D] [thread 25570] Set default default entry for table 'MyIngress.ipv4_lpm': MyIngress.drop - 
Adding interface s3-eth1 as port 1
[11:12:21.760] [bmv2] [D] [thread 25570] Adding interface s3-eth1 as port 1
Adding interface s3-eth2 as port 2
[11:12:21.783] [bmv2] [D] [thread 25570] Adding interface s3-eth2 as port 2
Adding interface s3-eth3 as port 3
[11:12:21.806] [bmv2] [D] [thread 25570] Adding interface s3-eth3 as port 3
I1211 11:12:21.834715873   25570 server_builder.cc:247]      Synchronous server. Num CQs: 1, Min pollers: 1, Max Pollers: 2147483647, CQ timeout (msec): 1000
Server listening on 0.0.0.0:50053
[11:12:21.839] [bmv2] [I] [thread 25570] Starting Thrift server on port 9092
[11:12:21.840] [bmv2] [I] [thread 25570] Thrift server was started
[11:12:21.967] [bmv2] [D] [thread 25577] [0.0] [cxt 0] Processing packet received on port 3
[11:12:21.968] [bmv2] [D] [thread 25577] [0.0] [cxt 0] Parser 'parser': start
[11:12:21.969] [bmv2] [D] [thread 25577] [0.0] [cxt 0] Parser 'parser' entering state 'start'
[11:12:21.970] [bmv2] [D] [thread 25577] [0.0] [cxt 0] Extracting header 'ethernet'
[11:12:21.971] [bmv2] [D] [thread 25577] [0.0] [cxt 0] Parser state 'start': key is 86dd
[11:12:21.972] [bmv2] [T] [thread 25577] [0.0] [cxt 0] Bytes parsed: 14
[11:12:21.973] [bmv2] [D] [thread 25577] [0.0] [cxt 0] Parser 'parser': end
[11:12:21.973] [bmv2] [D] [thread 25577] [0.0] [cxt 0] Pipeline 'ingress': start
[11:12:21.973] [bmv2] [T] [thread 25577] [0.0] [cxt 0] routing.p4(114) Condition "hdr.ipv4.isValid()" (node_2) is false
[11:12:21.974] [bmv2] [D] [thread 25577] [0.0] [cxt 0] Pipeline 'ingress': end
[11:12:21.974] [bmv2] [D] [thread 25577] [0.0] [cxt 0] Egress port is 0
[11:12:21.976] [bmv2] [D] [thread 25578] [0.0] [cxt 0] Pipeline 'egress': start
[11:12:21.977] [bmv2] [D] [thread 25578] [0.0] [cxt 0] Pipeline 'egress': end
[11:12:21.977] [bmv2] [D] [thread 25578] [0.0] [cxt 0] Deparser 'deparser': start
[11:12:21.978] [bmv2] [T] [thread 25578] [0.0] [cxt 0] Skipping checksum 'cksum' update because condition not met
[11:12:21.979] [bmv2] [D] [thread 25578] [0.0] [cxt 0] Deparsing header 'ethernet'
[11:12:21.980] [bmv2] [D] [thread 25578] [0.0] [cxt 0] Deparser 'deparser': end
[11:12:21.980] [bmv2] [D] [thread 25582] [0.0] [cxt 0] Transmitting packet of size 90 out of port 0
[11:12:21.976] [bmv2] [D] [thread 25577] [1.0] [cxt 0] Processing packet received on port 3
[11:12:21.982] [bmv2] [D] [thread 25577] [1.0] [cxt 0] Parser 'parser': start
[11:12:21.984] [bmv2] [D] [thread 25577] [1.0] [cxt 0] Parser 'parser' entering state 'start'
[11:12:21.992] [bmv2] [D] [thread 25577] [1.0] [cxt 0] Extracting header 'ethernet'
[11:12:21.994] [bmv2] [D] [thread 25577] [1.0] [cxt 0] Parser state 'start': key is 86dd
[11:12:21.997] [bmv2] [T] [thread 25577] [1.0] [cxt 0] Bytes parsed: 14
[11:12:21.998] [bmv2] [D] [thread 25577] [1.0] [cxt 0] Parser 'parser': end
[11:12:22.000] [bmv2] [D] [thread 25577] [1.0] [cxt 0] Pipeline 'ingress': start
[11:12:22.001] [bmv2] [T] [thread 25577] [1.0] [cxt 0] routing.p4(114) Condition "hdr.ipv4.isValid()" (node_2) is false
[11:12:22.004] [bmv2] [D] [thread 25577] [1.0] [cxt 0] Pipeline 'ingress': end
[11:12:22.006] [bmv2] [D] [thread 25577] [1.0] [cxt 0] Egress port is 0
[11:12:22.008] [bmv2] [D] [thread 25578] [1.0] [cxt 0] Pipeline 'egress': start
[11:12:22.009] [bmv2] [D] [thread 25578] [1.0] [cxt 0] Pipeline 'egress': end
[11:12:22.009] [bmv2] [D] [thread 25578] [1.0] [cxt 0] Deparser 'deparser': start
[11:12:22.010] [bmv2] [T] [thread 25578] [1.0] [cxt 0] Skipping checksum 'cksum' update because condition not met
[11:12:22.010] [bmv2] [D] [thread 25578] [1.0] [cxt 0] Deparsing header 'ethernet'
[11:12:22.011] [bmv2] [D] [thread 25578] [1.0] [cxt 0] Deparser 'deparser': end
[11:12:22.012] [bmv2] [D] [thread 25582] [1.0] [cxt 0] Transmitting packet of size 70 out of port 0
[11:12:22.038] [bmv2] [D] [thread 25577] [2.0] [cxt 0] Processing packet received on port 1
[11:12:22.039] [bmv2] [D] [thread 25577] [2.0] [cxt 0] Parser 'parser': start
[11:12:22.039] [bmv2] [D] [thread 25577] [2.0] [cxt 0] Parser 'parser' entering state 'start'
[11:12:22.040] [bmv2] [D] [thread 25577] [2.0] [cxt 0] Extracting header 'ethernet'
[11:12:22.040] [bmv2] [D] [thread 25577] [2.0] [cxt 0] Parser state 'start': key is 86dd
[11:12:22.040] [bmv2] [T] [thread 25577] [2.0] [cxt 0] Bytes parsed: 14
[11:12:22.041] [bmv2] [D] [thread 25577] [2.0] [cxt 0] Parser 'parser': end
[11:12:22.041] [bmv2] [D] [thread 25577] [2.0] [cxt 0] Pipeline 'ingress': start
[11:12:22.041] [bmv2] [T] [thread 25577] [2.0] [cxt 0] routing.p4(114) Condition "hdr.ipv4.isValid()" (node_2) is false
[11:12:22.041] [bmv2] [D] [thread 25577] [2.0] [cxt 0] Pipeline 'ingress': end
[11:12:22.041] [bmv2] [D] [thread 25577] [2.0] [cxt 0] Egress port is 0
[11:12:22.042] [bmv2] [D] [thread 25578] [2.0] [cxt 0] Pipeline 'egress': start
[11:12:22.042] [bmv2] [D] [thread 25578] [2.0] [cxt 0] Pipeline 'egress': end
[11:12:22.042] [bmv2] [D] [thread 25578] [2.0] [cxt 0] Deparser 'deparser': start
[11:12:22.042] [bmv2] [T] [thread 25578] [2.0] [cxt 0] Skipping checksum 'cksum' update because condition not met
[11:12:22.042] [bmv2] [D] [thread 25578] [2.0] [cxt 0] Deparsing header 'ethernet'
[11:12:22.042] [bmv2] [D] [thread 25578] [2.0] [cxt 0] Deparser 'deparser': end
[11:12:22.042] [bmv2] [D] [thread 25582] [2.0] [cxt 0] Transmitting packet of size 90 out of port 0
[11:12:22.042] [bmv2] [D] [thread 25577] [3.0] [cxt 0] Processing packet received on port 1
[11:12:22.043] [bmv2] [D] [thread 25577] [3.0] [cxt 0] Parser 'parser': start
[11:12:22.043] [bmv2] [D] [thread 25577] [3.0] [cxt 0] Parser 'parser' entering state 'start'
[11:12:22.043] [bmv2] [D] [thread 25577] [3.0] [cxt 0] Extracting header 'ethernet'
[11:12:22.043] [bmv2] [D] [thread 25577] [3.0] [cxt 0] Parser state 'start': key is 86dd
[11:12:22.043] [bmv2] [T] [thread 25577] [3.0] [cxt 0] Bytes parsed: 14
[11:12:22.043] [bmv2] [D] [thread 25577] [3.0] [cxt 0] Parser 'parser': end
[11:12:22.043] [bmv2] [D] [thread 25577] [3.0] [cxt 0] Pipeline 'ingress': start
[11:12:22.043] [bmv2] [T] [thread 25577] [3.0] [cxt 0] routing.p4(114) Condition "hdr.ipv4.isValid()" (node_2) is false
[11:12:22.043] [bmv2] [D] [thread 25577] [3.0] [cxt 0] Pipeline 'ingress': end
[11:12:22.043] [bmv2] [D] [thread 25577] [3.0] [cxt 0] Egress port is 0
[11:12:22.044] [bmv2] [D] [thread 25578] [3.0] [cxt 0] Pipeline 'egress': start
[11:12:22.044] [bmv2] [D] [thread 25578] [3.0] [cxt 0] Pipeline 'egress': end
[11:12:22.044] [bmv2] [D] [thread 25578] [3.0] [cxt 0] Deparser 'deparser': start
[11:12:22.044] [bmv2] [T] [thread 25578] [3.0] [cxt 0] Skipping checksum 'cksum' update because condition not met
[11:12:22.044] [bmv2] [D] [thread 25578] [3.0] [cxt 0] Deparsing header 'ethernet'
[11:12:22.044] [bmv2] [D] [thread 25578] [3.0] [cxt 0] Deparser 'deparser': end
[11:12:22.044] [bmv2] [D] [thread 25582] [3.0] [cxt 0] Transmitting packet of size 70 out of port 0
[11:12:22.059] [bmv2] [D] [thread 25577] [4.0] [cxt 0] Processing packet received on port 2
[11:12:22.059] [bmv2] [D] [thread 25577] [4.0] [cxt 0] Parser 'parser': start
[11:12:22.060] [bmv2] [D] [thread 25577] [4.0] [cxt 0] Parser 'parser' entering state 'start'
[11:12:22.060] [bmv2] [D] [thread 25577] [4.0] [cxt 0] Extracting header 'ethernet'
[11:12:22.061] [bmv2] [D] [thread 25577] [4.0] [cxt 0] Parser state 'start': key is 86dd
[11:12:22.061] [bmv2] [T] [thread 25577] [4.0] [cxt 0] Bytes parsed: 14
[11:12:22.061] [bmv2] [D] [thread 25577] [4.0] [cxt 0] Parser 'parser': end
[11:12:22.062] [bmv2] [D] [thread 25577] [4.0] [cxt 0] Pipeline 'ingress': start
[11:12:22.062] [bmv2] [T] [thread 25577] [4.0] [cxt 0] routing.p4(114) Condition "hdr.ipv4.isValid()" (node_2) is false
[11:12:22.062] [bmv2] [D] [thread 25577] [4.0] [cxt 0] Pipeline 'ingress': end
[11:12:22.062] [bmv2] [D] [thread 25577] [4.0] [cxt 0] Egress port is 0
[11:12:22.062] [bmv2] [D] [thread 25578] [4.0] [cxt 0] Pipeline 'egress': start
[11:12:22.062] [bmv2] [D] [thread 25578] [4.0] [cxt 0] Pipeline 'egress': end
[11:12:22.063] [bmv2] [D] [thread 25578] [4.0] [cxt 0] Deparser 'deparser': start
[11:12:22.063] [bmv2] [T] [thread 25578] [4.0] [cxt 0] Skipping checksum 'cksum' update because condition not met
[11:12:22.063] [bmv2] [D] [thread 25578] [4.0] [cxt 0] Deparsing header 'ethernet'
[11:12:22.063] [bmv2] [D] [thread 25578] [4.0] [cxt 0] Deparser 'deparser': end
[11:12:22.063] [bmv2] [D] [thread 25582] [4.0] [cxt 0] Transmitting packet of size 90 out of port 0
[11:12:22.063] [bmv2] [D] [thread 25577] [5.0] [cxt 0] Processing packet received on port 2
[11:12:22.063] [bmv2] [D] [thread 25577] [5.0] [cxt 0] Parser 'parser': start
[11:12:22.064] [bmv2] [D] [thread 25577] [5.0] [cxt 0] Parser 'parser' entering state 'start'
[11:12:22.064] [bmv2] [D] [thread 25577] [5.0] [cxt 0] Extracting header 'ethernet'
[11:12:22.064] [bmv2] [D] [thread 25577] [5.0] [cxt 0] Parser state 'start': key is 86dd
[11:12:22.064] [bmv2] [T] [thread 25577] [5.0] [cxt 0] Bytes parsed: 14
[11:12:22.064] [bmv2] [D] [thread 25577] [5.0] [cxt 0] Parser 'parser': end
[11:12:22.064] [bmv2] [D] [thread 25577] [5.0] [cxt 0] Pipeline 'ingress': start
[11:12:22.064] [bmv2] [T] [thread 25577] [5.0] [cxt 0] routing.p4(114) Condition "hdr.ipv4.isValid()" (node_2) is false
[11:12:22.065] [bmv2] [D] [thread 25577] [5.0] [cxt 0] Pipeline 'ingress': end
[11:12:22.065] [bmv2] [D] [thread 25577] [5.0] [cxt 0] Egress port is 0
[11:12:22.065] [bmv2] [D] [thread 25578] [5.0] [cxt 0] Pipeline 'egress': start
[11:12:22.065] [bmv2] [D] [thread 25578] [5.0] [cxt 0] Pipeline 'egress': end
[11:12:22.065] [bmv2] [D] [thread 25578] [5.0] [cxt 0] Deparser 'deparser': start
[11:12:22.066] [bmv2] [T] [thread 25578] [5.0] [cxt 0] Skipping checksum 'cksum' update because condition not met
[11:12:22.066] [bmv2] [D] [thread 25578] [5.0] [cxt 0] Deparsing header 'ethernet'
[11:12:22.066] [bmv2] [D] [thread 25578] [5.0] [cxt 0] Deparser 'deparser': end
[11:12:22.066] [bmv2] [D] [thread 25582] [5.0] [cxt 0] Transmitting packet of size 70 out of port 0
[11:12:22.114] [bmv2] [D] [thread 25577] [6.0] [cxt 0] Processing packet received on port 2
[11:12:22.115] [bmv2] [D] [thread 25577] [6.0] [cxt 0] Parser 'parser': start
[11:12:22.116] [bmv2] [D] [thread 25577] [6.0] [cxt 0] Parser 'parser' entering state 'start'
[11:12:22.117] [bmv2] [D] [thread 25577] [6.0] [cxt 0] Extracting header 'ethernet'
[11:12:22.118] [bmv2] [D] [thread 25577] [6.0] [cxt 0] Parser state 'start': key is 86dd
[11:12:22.119] [bmv2] [T] [thread 25577] [6.0] [cxt 0] Bytes parsed: 14
[11:12:22.119] [bmv2] [D] [thread 25577] [6.0] [cxt 0] Parser 'parser': end
[11:12:22.120] [bmv2] [D] [thread 25577] [6.0] [cxt 0] Pipeline 'ingress': start
[11:12:22.120] [bmv2] [T] [thread 25577] [6.0] [cxt 0] routing.p4(114) Condition "hdr.ipv4.isValid()" (node_2) is false
[11:12:22.120] [bmv2] [D] [thread 25577] [6.0] [cxt 0] Pipeline 'ingress': end
[11:12:22.120] [bmv2] [D] [thread 25577] [6.0] [cxt 0] Egress port is 0
[11:12:22.120] [bmv2] [D] [thread 25578] [6.0] [cxt 0] Pipeline 'egress': start
[11:12:22.120] [bmv2] [D] [thread 25578] [6.0] [cxt 0] Pipeline 'egress': end
[11:12:22.120] [bmv2] [D] [thread 25578] [6.0] [cxt 0] Deparser 'deparser': start
[11:12:22.120] [bmv2] [T] [thread 25578] [6.0] [cxt 0] Skipping checksum 'cksum' update because condition not met
[11:12:22.120] [bmv2] [D] [thread 25578] [6.0] [cxt 0] Deparsing header 'ethernet'
[11:12:22.121] [bmv2] [D] [thread 25578] [6.0] [cxt 0] Deparser 'deparser': end
[11:12:22.121] [bmv2] [D] [thread 25582] [6.0] [cxt 0] Transmitting packet of size 90 out of port 0
[11:12:22.213] [bmv2] [D] [thread 25577] [7.0] [cxt 0] Processing packet received on port 3
[11:12:22.214] [bmv2] [D] [thread 25577] [7.0] [cxt 0] Parser 'parser': start
[11:12:22.214] [bmv2] [D] [thread 25577] [7.0] [cxt 0] Parser 'parser' entering state 'start'
[11:12:22.214] [bmv2] [D] [thread 25577] [7.0] [cxt 0] Extracting header 'ethernet'
[11:12:22.215] [bmv2] [D] [thread 25577] [7.0] [cxt 0] Parser state 'start': key is 86dd
[11:12:22.215] [bmv2] [T] [thread 25577] [7.0] [cxt 0] Bytes parsed: 14
[11:12:22.216] [bmv2] [D] [thread 25577] [7.0] [cxt 0] Parser 'parser': end
[11:12:22.216] [bmv2] [D] [thread 25577] [7.0] [cxt 0] Pipeline 'ingress': start
[11:12:22.217] [bmv2] [T] [thread 25577] [7.0] [cxt 0] routing.p4(114) Condition "hdr.ipv4.isValid()" (node_2) is false
[11:12:22.217] [bmv2] [D] [thread 25577] [7.0] [cxt 0] Pipeline 'ingress': end
[11:12:22.217] [bmv2] [D] [thread 25577] [7.0] [cxt 0] Egress port is 0
[11:12:22.218] [bmv2] [D] [thread 25577] [8.0] [cxt 0] Processing packet received on port 3
[11:12:22.218] [bmv2] [D] [thread 25577] [8.0] [cxt 0] Parser 'parser': start
[11:12:22.218] [bmv2] [D] [thread 25577] [8.0] [cxt 0] Parser 'parser' entering state 'start'
[11:12:22.219] [bmv2] [D] [thread 25577] [8.0] [cxt 0] Extracting header 'ethernet'
[11:12:22.219] [bmv2] [D] [thread 25577] [8.0] [cxt 0] Parser state 'start': key is 86dd
[11:12:22.219] [bmv2] [T] [thread 25577] [8.0] [cxt 0] Bytes parsed: 14
[11:12:22.220] [bmv2] [D] [thread 25577] [8.0] [cxt 0] Parser 'parser': end
[11:12:22.220] [bmv2] [D] [thread 25577] [8.0] [cxt 0] Pipeline 'ingress': start
[11:12:22.220] [bmv2] [T] [thread 25577] [8.0] [cxt 0] routing.p4(114) Condition "hdr.ipv4.isValid()" (node_2) is false
[11:12:22.221] [bmv2] [D] [thread 25577] [8.0] [cxt 0] Pipeline 'ingress': end
[11:12:22.221] [bmv2] [D] [thread 25578] [7.0] [cxt 0] Pipeline 'egress': start
[11:12:22.221] [bmv2] [D] [thread 25578] [7.0] [cxt 0] Pipeline 'egress': end
[11:12:22.222] [bmv2] [D] [thread 25578] [7.0] [cxt 0] Deparser 'deparser': start
[11:12:22.222] [bmv2] [T] [thread 25578] [7.0] [cxt 0] Skipping checksum 'cksum' update because condition not met
[11:12:22.222] [bmv2] [D] [thread 25578] [7.0] [cxt 0] Deparsing header 'ethernet'
[11:12:22.223] [bmv2] [D] [thread 25578] [7.0] [cxt 0] Deparser 'deparser': end
[11:12:22.221] [bmv2] [D] [thread 25577] [8.0] [cxt 0] Egress port is 0
[11:12:22.225] [bmv2] [D] [thread 25582] [7.0] [cxt 0] Transmitting packet of size 90 out of port 0
[11:12:22.225] [bmv2] [D] [thread 25578] [8.0] [cxt 0] Pipeline 'egress': start
[11:12:22.226] [bmv2] [D] [thread 25578] [8.0] [cxt 0] Pipeline 'egress': end
[11:12:22.226] [bmv2] [D] [thread 25578] [8.0] [cxt 0] Deparser 'deparser': start
[11:12:22.226] [bmv2] [T] [thread 25578] [8.0] [cxt 0] Skipping checksum 'cksum' update because condition not met
[11:12:22.226] [bmv2] [D] [thread 25578] [8.0] [cxt 0] Deparsing header 'ethernet'
[11:12:22.227] [bmv2] [D] [thread 25578] [8.0] [cxt 0] Deparser 'deparser': end
[11:12:22.227] [bmv2] [D] [thread 25582] [8.0] [cxt 0] Transmitting packet of size 70 out of port 0
[11:12:22.257] [bmv2] [D] [thread 25577] [9.0] [cxt 0] Processing packet received on port 3
[11:12:22.258] [bmv2] [D] [thread 25577] [9.0] [cxt 0] Parser 'parser': start
[11:12:22.258] [bmv2] [D] [thread 25577] [9.0] [cxt 0] Parser 'parser' entering state 'start'
[11:12:22.259] [bmv2] [D] [thread 25577] [9.0] [cxt 0] Extracting header 'ethernet'
[11:12:22.259] [bmv2] [D] [thread 25577] [9.0] [cxt 0] Parser state 'start': key is 86dd
[11:12:22.260] [bmv2] [T] [thread 25577] [9.0] [cxt 0] Bytes parsed: 14
[11:12:22.260] [bmv2] [D] [thread 25577] [9.0] [cxt 0] Parser 'parser': end
[11:12:22.260] [bmv2] [D] [thread 25577] [9.0] [cxt 0] Pipeline 'ingress': start
[11:12:22.261] [bmv2] [T] [thread 25577] [9.0] [cxt 0] routing.p4(114) Condition "hdr.ipv4.isValid()" (node_2) is false
[11:12:22.261] [bmv2] [D] [thread 25577] [9.0] [cxt 0] Pipeline 'ingress': end
[11:12:22.261] [bmv2] [D] [thread 25577] [9.0] [cxt 0] Egress port is 0
[11:12:22.261] [bmv2] [D] [thread 25578] [9.0] [cxt 0] Pipeline 'egress': start
[11:12:22.262] [bmv2] [D] [thread 25578] [9.0] [cxt 0] Pipeline 'egress': end
[11:12:22.262] [bmv2] [D] [thread 25578] [9.0] [cxt 0] Deparser 'deparser': start
[11:12:22.262] [bmv2] [T] [thread 25578] [9.0] [cxt 0] Skipping checksum 'cksum' update because condition not met
[11:12:22.263] [bmv2] [D] [thread 25578] [9.0] [cxt 0] Deparsing header 'ethernet'
[11:12:22.263] [bmv2] [D] [thread 25578] [9.0] [cxt 0] Deparser 'deparser': end
[11:12:22.263] [bmv2] [D] [thread 25582] [9.0] [cxt 0] Transmitting packet of size 90 out of port 0
[11:12:22.378] [bmv2] [D] [thread 25577] [10.0] [cxt 0] Processing packet received on port 2
[11:12:22.383] [bmv2] [D] [thread 25577] [10.0] [cxt 0] Parser 'parser': start
[11:12:22.385] [bmv2] [D] [thread 25577] [10.0] [cxt 0] Parser 'parser' entering state 'start'
[11:12:22.386] [bmv2] [D] [thread 25577] [10.0] [cxt 0] Extracting header 'ethernet'
[11:12:22.386] [bmv2] [D] [thread 25577] [10.0] [cxt 0] Parser state 'start': key is 86dd
[11:12:22.387] [bmv2] [T] [thread 25577] [10.0] [cxt 0] Bytes parsed: 14
[11:12:22.388] [bmv2] [D] [thread 25577] [10.0] [cxt 0] Parser 'parser': end
[11:12:22.388] [bmv2] [D] [thread 25577] [10.0] [cxt 0] Pipeline 'ingress': start
[11:12:22.388] [bmv2] [T] [thread 25577] [10.0] [cxt 0] routing.p4(114) Condition "hdr.ipv4.isValid()" (node_2) is false
[11:12:22.388] [bmv2] [D] [thread 25577] [10.0] [cxt 0] Pipeline 'ingress': end
[11:12:22.389] [bmv2] [D] [thread 25577] [10.0] [cxt 0] Egress port is 0
[11:12:22.391] [bmv2] [D] [thread 25578] [10.0] [cxt 0] Pipeline 'egress': start
[11:12:22.391] [bmv2] [D] [thread 25578] [10.0] [cxt 0] Pipeline 'egress': end
[11:12:22.392] [bmv2] [D] [thread 25578] [10.0] [cxt 0] Deparser 'deparser': start
[11:12:22.392] [bmv2] [T] [thread 25578] [10.0] [cxt 0] Skipping checksum 'cksum' update because condition not met
[11:12:22.392] [bmv2] [D] [thread 25578] [10.0] [cxt 0] Deparsing header 'ethernet'
[11:12:22.393] [bmv2] [D] [thread 25578] [10.0] [cxt 0] Deparser 'deparser': end
[11:12:22.394] [bmv2] [D] [thread 25582] [10.0] [cxt 0] Transmitting packet of size 90 out of port 0
[11:12:22.458] [bmv2] [D] [thread 25577] [11.0] [cxt 0] Processing packet received on port 1
[11:12:22.458] [bmv2] [D] [thread 25577] [11.0] [cxt 0] Parser 'parser': start
[11:12:22.459] [bmv2] [D] [thread 25577] [11.0] [cxt 0] Parser 'parser' entering state 'start'
[11:12:22.460] [bmv2] [D] [thread 25577] [11.0] [cxt 0] Extracting header 'ethernet'
[11:12:22.460] [bmv2] [D] [thread 25577] [11.0] [cxt 0] Parser state 'start': key is 86dd
[11:12:22.461] [bmv2] [T] [thread 25577] [11.0] [cxt 0] Bytes parsed: 14
[11:12:22.461] [bmv2] [D] [thread 25577] [11.0] [cxt 0] Parser 'parser': end
[11:12:22.462] [bmv2] [D] [thread 25577] [11.0] [cxt 0] Pipeline 'ingress': start
[11:12:22.462] [bmv2] [T] [thread 25577] [11.0] [cxt 0] routing.p4(114) Condition "hdr.ipv4.isValid()" (node_2) is false
[11:12:22.463] [bmv2] [D] [thread 25577] [11.0] [cxt 0] Pipeline 'ingress': end
[11:12:22.464] [bmv2] [D] [thread 25577] [11.0] [cxt 0] Egress port is 0
[11:12:22.465] [bmv2] [D] [thread 25578] [11.0] [cxt 0] Pipeline 'egress': start
[11:12:22.466] [bmv2] [D] [thread 25578] [11.0] [cxt 0] Pipeline 'egress': end
[11:12:22.466] [bmv2] [D] [thread 25578] [11.0] [cxt 0] Deparser 'deparser': start
[11:12:22.467] [bmv2] [T] [thread 25578] [11.0] [cxt 0] Skipping checksum 'cksum' update because condition not met
[11:12:22.468] [bmv2] [D] [thread 25578] [11.0] [cxt 0] Deparsing header 'ethernet'
[11:12:22.468] [bmv2] [D] [thread 25578] [11.0] [cxt 0] Deparser 'deparser': end
[11:12:22.469] [bmv2] [D] [thread 25582] [11.0] [cxt 0] Transmitting packet of size 90 out of port 0
[11:12:22.598] [bmv2] [D] [thread 25577] [12.0] [cxt 0] Processing packet received on port 3
[11:12:22.599] [bmv2] [D] [thread 25577] [12.0] [cxt 0] Parser 'parser': start
[11:12:22.599] [bmv2] [D] [thread 25577] [12.0] [cxt 0] Parser 'parser' entering state 'start'
[11:12:22.600] [bmv2] [D] [thread 25577] [12.0] [cxt 0] Extracting header 'ethernet'
[11:12:22.601] [bmv2] [D] [thread 25577] [12.0] [cxt 0] Parser state 'start': key is 86dd
[11:12:22.603] [bmv2] [T] [thread 25577] [12.0] [cxt 0] Bytes parsed: 14
[11:12:22.603] [bmv2] [D] [thread 25577] [12.0] [cxt 0] Parser 'parser': end
[11:12:22.604] [bmv2] [D] [thread 25577] [12.0] [cxt 0] Pipeline 'ingress': start
[11:12:22.606] [bmv2] [T] [thread 25577] [12.0] [cxt 0] routing.p4(114) Condition "hdr.ipv4.isValid()" (node_2) is false
[11:12:22.606] [bmv2] [D] [thread 25577] [12.0] [cxt 0] Pipeline 'ingress': end
[11:12:22.607] [bmv2] [D] [thread 25577] [12.0] [cxt 0] Egress port is 0
[11:12:22.608] [bmv2] [D] [thread 25578] [12.0] [cxt 0] Pipeline 'egress': start
[11:12:22.610] [bmv2] [D] [thread 25578] [12.0] [cxt 0] Pipeline 'egress': end
[11:12:22.610] [bmv2] [D] [thread 25578] [12.0] [cxt 0] Deparser 'deparser': start
[11:12:22.610] [bmv2] [T] [thread 25578] [12.0] [cxt 0] Skipping checksum 'cksum' update because condition not met
[11:12:22.610] [bmv2] [D] [thread 25578] [12.0] [cxt 0] Deparsing header 'ethernet'
[11:12:22.610] [bmv2] [D] [thread 25578] [12.0] [cxt 0] Deparser 'deparser': end
[11:12:22.611] [bmv2] [D] [thread 25582] [12.0] [cxt 0] Transmitting packet of size 90 out of port 0
New connection
P4Runtime SetForwardingPipelineConfig
[11:12:23.368] [bmv2] [W] [thread 25595] [P4Runtime] p4::tmp::P4DeviceConfig is deprecated
[11:12:23.372] [bmv2] [D] [thread 25595] Set default default entry for table 'MyIngress.ipv4_lpm': MyIngress.drop - 
P4Runtime Write
device_id: 2
election_id {
  low: 1
}
updates {
  type: MODIFY
  entity {
    table_entry {
      table_id: 33574068
      action {
        action {
          action_id: 16805608
        }
      }
      is_default_action: true
    }
  }
}
[11:12:23.395] [bmv2] [D] [thread 25595] Set default entry for table 'MyIngress.ipv4_lpm': MyIngress.drop - 
P4Runtime Write
device_id: 2
election_id {
  low: 1
}
updates {
  type: INSERT
  entity {
    table_entry {
      table_id: 33574068
      match {
        field_id: 1
        lpm {
          value: "\n\000\001\001"
          prefix_len: 32
        }
      }
      action {
        action {
          action_id: 16799317
          params {
            param_id: 1
            value: "\010\000\000\000\001\000"
          }
          params {
            param_id: 2
            value: "\000\002"
          }
        }
      }
    }
  }
}
[11:12:23.410] [bmv2] [D] [thread 25595] Entry 0 added to table 'MyIngress.ipv4_lpm'
[11:12:23.411] [bmv2] [D] [thread 25595] Dumping entry 0
Match key:
* hdr.ipv4.dstAddr    : LPM       0a000101/32
Action entry: MyIngress.ipv4_forward - 80000000100,2,

P4Runtime Write
device_id: 2
election_id {
  low: 1
}
updates {
  type: INSERT
  entity {
    table_entry {
      table_id: 33574068
      match {
        field_id: 1
        lpm {
          value: "\n\000\002\002"
          prefix_len: 32
        }
      }
      action {
        action {
          action_id: 16799317
          params {
            param_id: 1
            value: "\010\000\000\000\002\000"
          }
          params {
            param_id: 2
            value: "\000\003"
          }
        }
      }
    }
  }
}
[11:12:23.424] [bmv2] [D] [thread 25595] Entry 1 added to table 'MyIngress.ipv4_lpm'
[11:12:23.425] [bmv2] [D] [thread 25595] Dumping entry 1
Match key:
* hdr.ipv4.dstAddr    : LPM       0a000202/32
Action entry: MyIngress.ipv4_forward - 80000000200,3,

P4Runtime Write
device_id: 2
election_id {
  low: 1
}
updates {
  type: INSERT
  entity {
    table_entry {
      table_id: 33574068
      match {
        field_id: 1
        lpm {
          value: "\n\000\003\003"
          prefix_len: 32
        }
      }
      action {
        action {
          action_id: 16799317
          params {
            param_id: 1
            value: "\010\000\000\000\0033"
          }
          params {
            param_id: 2
            value: "\000\001"
          }
        }
      }
    }
  }
}
[11:12:23.438] [bmv2] [D] [thread 25595] Entry 2 added to table 'MyIngress.ipv4_lpm'
[11:12:23.438] [bmv2] [D] [thread 25595] Dumping entry 2
Match key:
* hdr.ipv4.dstAddr    : LPM       0a000303/32
Action entry: MyIngress.ipv4_forward - 80000000333,1,

Connection removed
[11:12:25.446] [bmv2] [D] [thread 25577] [13.0] [cxt 0] Processing packet received on port 2
[11:12:25.447] [bmv2] [D] [thread 25577] [13.0] [cxt 0] Parser 'parser': start
[11:12:25.447] [bmv2] [D] [thread 25577] [13.0] [cxt 0] Parser 'parser' entering state 'start'
[11:12:25.448] [bmv2] [D] [thread 25577] [13.0] [cxt 0] Extracting header 'ethernet'
[11:12:25.450] [bmv2] [D] [thread 25577] [13.0] [cxt 0] Parser state 'start': key is 86dd
[11:12:25.452] [bmv2] [T] [thread 25577] [13.0] [cxt 0] Bytes parsed: 14
[11:12:25.453] [bmv2] [D] [thread 25577] [13.0] [cxt 0] Parser 'parser': end
[11:12:25.454] [bmv2] [D] [thread 25577] [13.0] [cxt 0] Pipeline 'ingress': start
[11:12:25.456] [bmv2] [T] [thread 25577] [13.0] [cxt 0] routing.p4(114) Condition "hdr.ipv4.isValid()" (node_2) is false
[11:12:25.457] [bmv2] [D] [thread 25577] [13.0] [cxt 0] Pipeline 'ingress': end
[11:12:25.457] [bmv2] [D] [thread 25577] [13.0] [cxt 0] Egress port is 0
[11:12:25.458] [bmv2] [D] [thread 25578] [13.0] [cxt 0] Pipeline 'egress': start
[11:12:25.459] [bmv2] [D] [thread 25578] [13.0] [cxt 0] Pipeline 'egress': end
[11:12:25.459] [bmv2] [D] [thread 25578] [13.0] [cxt 0] Deparser 'deparser': start
[11:12:25.460] [bmv2] [T] [thread 25578] [13.0] [cxt 0] Skipping checksum 'cksum' update because condition not met
[11:12:25.460] [bmv2] [D] [thread 25578] [13.0] [cxt 0] Deparsing header 'ethernet'
[11:12:25.461] [bmv2] [D] [thread 25578] [13.0] [cxt 0] Deparser 'deparser': end
[11:12:25.461] [bmv2] [D] [thread 25582] [13.0] [cxt 0] Transmitting packet of size 70 out of port 0
[11:12:25.976] [bmv2] [D] [thread 25577] [14.0] [cxt 0] Processing packet received on port 3
[11:12:25.977] [bmv2] [D] [thread 25577] [14.0] [cxt 0] Parser 'parser': start
[11:12:25.978] [bmv2] [D] [thread 25577] [14.0] [cxt 0] Parser 'parser' entering state 'start'
[11:12:25.978] [bmv2] [D] [thread 25577] [14.0] [cxt 0] Extracting header 'ethernet'
[11:12:25.978] [bmv2] [D] [thread 25577] [14.0] [cxt 0] Parser state 'start': key is 86dd
[11:12:25.979] [bmv2] [T] [thread 25577] [14.0] [cxt 0] Bytes parsed: 14
[11:12:25.980] [bmv2] [D] [thread 25577] [14.0] [cxt 0] Parser 'parser': end
[11:12:25.980] [bmv2] [D] [thread 25577] [14.0] [cxt 0] Pipeline 'ingress': start
[11:12:25.981] [bmv2] [T] [thread 25577] [14.0] [cxt 0] routing.p4(114) Condition "hdr.ipv4.isValid()" (node_2) is false
[11:12:25.982] [bmv2] [D] [thread 25577] [14.0] [cxt 0] Pipeline 'ingress': end
[11:12:25.982] [bmv2] [D] [thread 25577] [14.0] [cxt 0] Egress port is 0
[11:12:25.984] [bmv2] [D] [thread 25578] [14.0] [cxt 0] Pipeline 'egress': start
[11:12:25.985] [bmv2] [D] [thread 25578] [14.0] [cxt 0] Pipeline 'egress': end
[11:12:25.988] [bmv2] [D] [thread 25578] [14.0] [cxt 0] Deparser 'deparser': start
[11:12:25.989] [bmv2] [T] [thread 25578] [14.0] [cxt 0] Skipping checksum 'cksum' update because condition not met
[11:12:25.990] [bmv2] [D] [thread 25578] [14.0] [cxt 0] Deparsing header 'ethernet'
[11:12:25.991] [bmv2] [D] [thread 25578] [14.0] [cxt 0] Deparser 'deparser': end
[11:12:25.991] [bmv2] [D] [thread 25582] [14.0] [cxt 0] Transmitting packet of size 70 out of port 0
[11:12:26.038] [bmv2] [D] [thread 25577] [15.0] [cxt 0] Processing packet received on port 1
[11:12:26.039] [bmv2] [D] [thread 25577] [15.0] [cxt 0] Parser 'parser': start
[11:12:26.039] [bmv2] [D] [thread 25577] [15.0] [cxt 0] Parser 'parser' entering state 'start'
[11:12:26.040] [bmv2] [D] [thread 25577] [15.0] [cxt 0] Extracting header 'ethernet'
[11:12:26.041] [bmv2] [D] [thread 25577] [15.0] [cxt 0] Parser state 'start': key is 86dd
[11:12:26.041] [bmv2] [T] [thread 25577] [15.0] [cxt 0] Bytes parsed: 14
[11:12:26.042] [bmv2] [D] [thread 25577] [15.0] [cxt 0] Parser 'parser': end
[11:12:26.042] [bmv2] [D] [thread 25577] [15.0] [cxt 0] Pipeline 'ingress': start
[11:12:26.043] [bmv2] [T] [thread 25577] [15.0] [cxt 0] routing.p4(114) Condition "hdr.ipv4.isValid()" (node_2) is false
[11:12:26.043] [bmv2] [D] [thread 25577] [15.0] [cxt 0] Pipeline 'ingress': end
[11:12:26.044] [bmv2] [D] [thread 25577] [15.0] [cxt 0] Egress port is 0
[11:12:26.044] [bmv2] [D] [thread 25578] [15.0] [cxt 0] Pipeline 'egress': start
[11:12:26.045] [bmv2] [D] [thread 25578] [15.0] [cxt 0] Pipeline 'egress': end
[11:12:26.045] [bmv2] [D] [thread 25578] [15.0] [cxt 0] Deparser 'deparser': start
[11:12:26.045] [bmv2] [T] [thread 25578] [15.0] [cxt 0] Skipping checksum 'cksum' update because condition not met
[11:12:26.046] [bmv2] [D] [thread 25578] [15.0] [cxt 0] Deparsing header 'ethernet'
[11:12:26.046] [bmv2] [D] [thread 25578] [15.0] [cxt 0] Deparser 'deparser': end
[11:12:26.046] [bmv2] [D] [thread 25582] [15.0] [cxt 0] Transmitting packet of size 70 out of port 0
[11:12:26.070] [bmv2] [D] [thread 25577] [16.0] [cxt 0] Processing packet received on port 2
[11:12:26.071] [bmv2] [D] [thread 25577] [16.0] [cxt 0] Parser 'parser': start
[11:12:26.072] [bmv2] [D] [thread 25577] [16.0] [cxt 0] Parser 'parser' entering state 'start'
[11:12:26.072] [bmv2] [D] [thread 25577] [16.0] [cxt 0] Extracting header 'ethernet'
[11:12:26.073] [bmv2] [D] [thread 25577] [16.0] [cxt 0] Parser state 'start': key is 86dd
[11:12:26.073] [bmv2] [T] [thread 25577] [16.0] [cxt 0] Bytes parsed: 14
[11:12:26.073] [bmv2] [D] [thread 25577] [16.0] [cxt 0] Parser 'parser': end
[11:12:26.074] [bmv2] [D] [thread 25577] [16.0] [cxt 0] Pipeline 'ingress': start
[11:12:26.074] [bmv2] [T] [thread 25577] [16.0] [cxt 0] routing.p4(114) Condition "hdr.ipv4.isValid()" (node_2) is false
[11:12:26.075] [bmv2] [D] [thread 25577] [16.0] [cxt 0] Pipeline 'ingress': end
[11:12:26.076] [bmv2] [D] [thread 25577] [16.0] [cxt 0] Egress port is 0
[11:12:26.078] [bmv2] [D] [thread 25578] [16.0] [cxt 0] Pipeline 'egress': start
[11:12:26.079] [bmv2] [D] [thread 25578] [16.0] [cxt 0] Pipeline 'egress': end
[11:12:26.079] [bmv2] [D] [thread 25578] [16.0] [cxt 0] Deparser 'deparser': start
[11:12:26.079] [bmv2] [T] [thread 25578] [16.0] [cxt 0] Skipping checksum 'cksum' update because condition not met
[11:12:26.080] [bmv2] [D] [thread 25578] [16.0] [cxt 0] Deparsing header 'ethernet'
[11:12:26.081] [bmv2] [D] [thread 25578] [16.0] [cxt 0] Deparser 'deparser': end
[11:12:26.082] [bmv2] [D] [thread 25582] [16.0] [cxt 0] Transmitting packet of size 70 out of port 0
[11:12:26.214] [bmv2] [D] [thread 25577] [17.0] [cxt 0] Processing packet received on port 3
[11:12:26.215] [bmv2] [D] [thread 25577] [17.0] [cxt 0] Parser 'parser': start
[11:12:26.215] [bmv2] [D] [thread 25577] [17.0] [cxt 0] Parser 'parser' entering state 'start'
[11:12:26.216] [bmv2] [D] [thread 25577] [17.0] [cxt 0] Extracting header 'ethernet'
[11:12:26.217] [bmv2] [D] [thread 25577] [17.0] [cxt 0] Parser state 'start': key is 86dd
[11:12:26.218] [bmv2] [T] [thread 25577] [17.0] [cxt 0] Bytes parsed: 14
[11:12:26.220] [bmv2] [D] [thread 25577] [17.0] [cxt 0] Parser 'parser': end
[11:12:26.221] [bmv2] [D] [thread 25577] [17.0] [cxt 0] Pipeline 'ingress': start
[11:12:26.221] [bmv2] [T] [thread 25577] [17.0] [cxt 0] routing.p4(114) Condition "hdr.ipv4.isValid()" (node_2) is false
[11:12:26.221] [bmv2] [D] [thread 25577] [17.0] [cxt 0] Pipeline 'ingress': end
[11:12:26.221] [bmv2] [D] [thread 25577] [17.0] [cxt 0] Egress port is 0
[11:12:26.222] [bmv2] [D] [thread 25578] [17.0] [cxt 0] Pipeline 'egress': start
[11:12:26.223] [bmv2] [D] [thread 25578] [17.0] [cxt 0] Pipeline 'egress': end
[11:12:26.226] [bmv2] [D] [thread 25578] [17.0] [cxt 0] Deparser 'deparser': start
[11:12:26.226] [bmv2] [T] [thread 25578] [17.0] [cxt 0] Skipping checksum 'cksum' update because condition not met
[11:12:26.227] [bmv2] [D] [thread 25578] [17.0] [cxt 0] Deparsing header 'ethernet'
[11:12:26.227] [bmv2] [D] [thread 25578] [17.0] [cxt 0] Deparser 'deparser': end
[11:12:26.227] [bmv2] [D] [thread 25582] [17.0] [cxt 0] Transmitting packet of size 70 out of port 0
[11:12:27.427] [bmv2] [D] [thread 25577] [18.0] [cxt 0] Processing packet received on port 2
[11:12:27.427] [bmv2] [D] [thread 25577] [18.0] [cxt 0] Parser 'parser': start
[11:12:27.428] [bmv2] [D] [thread 25577] [18.0] [cxt 0] Parser 'parser' entering state 'start'
[11:12:27.428] [bmv2] [D] [thread 25577] [18.0] [cxt 0] Extracting header 'ethernet'
[11:12:27.428] [bmv2] [D] [thread 25577] [18.0] [cxt 0] Parser state 'start': key is 0800
[11:12:27.428] [bmv2] [T] [thread 25577] [18.0] [cxt 0] Bytes parsed: 14
[11:12:27.428] [bmv2] [D] [thread 25577] [18.0] [cxt 0] Parser 'parser' entering state 'parse_ipv4'
[11:12:27.428] [bmv2] [D] [thread 25577] [18.0] [cxt 0] Extracting header 'ipv4'
[11:12:27.428] [bmv2] [D] [thread 25577] [18.0] [cxt 0] Parser state 'parse_ipv4' has no switch, going to default next state
[11:12:27.428] [bmv2] [T] [thread 25577] [18.0] [cxt 0] Bytes parsed: 34
[11:12:27.428] [bmv2] [D] [thread 25577] [18.0] [cxt 0] Parser 'parser': end
[11:12:27.428] [bmv2] [D] [thread 25577] [18.0] [cxt 0] Pipeline 'ingress': start
[11:12:27.428] [bmv2] [T] [thread 25577] [18.0] [cxt 0] routing.p4(114) Condition "hdr.ipv4.isValid()" (node_2) is true
[11:12:27.428] [bmv2] [T] [thread 25577] [18.0] [cxt 0] Applying table 'MyIngress.ipv4_lpm'
[11:12:27.428] [bmv2] [D] [thread 25577] [18.0] [cxt 0] Looking up key:
* hdr.ipv4.dstAddr    : 0a000303

[11:12:27.428] [bmv2] [D] [thread 25577] [18.0] [cxt 0] Table 'MyIngress.ipv4_lpm': hit with handle 2
[11:12:27.428] [bmv2] [D] [thread 25577] [18.0] [cxt 0] Dumping entry 2
Match key:
* hdr.ipv4.dstAddr    : LPM       0a000303/32
Action entry: MyIngress.ipv4_forward - 80000000333,1,

[11:12:27.429] [bmv2] [D] [thread 25577] [18.0] [cxt 0] Action entry is MyIngress.ipv4_forward - 80000000333,1,
[11:12:27.429] [bmv2] [T] [thread 25577] [18.0] [cxt 0] Action MyIngress.ipv4_forward
[11:12:27.429] [bmv2] [T] [thread 25577] [18.0] [cxt 0] routing.p4(94) Primitive standard_metadata.egress_spec = port
[11:12:27.429] [bmv2] [T] [thread 25577] [18.0] [cxt 0] routing.p4(95) Primitive hdr.ethernet.srcAddr = hdr.ethernet.dstAddr
[11:12:27.429] [bmv2] [T] [thread 25577] [18.0] [cxt 0] routing.p4(96) Primitive hdr.ethernet.dstAddr = dstAddr
[11:12:27.429] [bmv2] [T] [thread 25577] [18.0] [cxt 0] routing.p4(97) Primitive hdr.ipv4.ttl = hdr.ipv4.ttl - 1
[11:12:27.429] [bmv2] [D] [thread 25577] [18.0] [cxt 0] Pipeline 'ingress': end
[11:12:27.429] [bmv2] [D] [thread 25577] [18.0] [cxt 0] Egress port is 1
[11:12:27.429] [bmv2] [D] [thread 25579] [18.0] [cxt 0] Pipeline 'egress': start
[11:12:27.429] [bmv2] [D] [thread 25579] [18.0] [cxt 0] Pipeline 'egress': end
[11:12:27.429] [bmv2] [D] [thread 25579] [18.0] [cxt 0] Deparser 'deparser': start
[11:12:27.429] [bmv2] [D] [thread 25579] [18.0] [cxt 0] Updating checksum 'cksum'
[11:12:27.429] [bmv2] [D] [thread 25579] [18.0] [cxt 0] Deparsing header 'ethernet'
[11:12:27.430] [bmv2] [D] [thread 25579] [18.0] [cxt 0] Deparsing header 'ipv4'
[11:12:27.430] [bmv2] [D] [thread 25579] [18.0] [cxt 0] Deparser 'deparser': end
[11:12:27.430] [bmv2] [D] [thread 25582] [18.0] [cxt 0] Transmitting packet of size 98 out of port 1
[11:12:27.430] [bmv2] [D] [thread 25577] [19.0] [cxt 0] Processing packet received on port 1
[11:12:27.430] [bmv2] [D] [thread 25577] [19.0] [cxt 0] Parser 'parser': start
[11:12:27.430] [bmv2] [D] [thread 25577] [19.0] [cxt 0] Parser 'parser' entering state 'start'
[11:12:27.430] [bmv2] [D] [thread 25577] [19.0] [cxt 0] Extracting header 'ethernet'
[11:12:27.431] [bmv2] [D] [thread 25577] [19.0] [cxt 0] Parser state 'start': key is 0800
[11:12:27.431] [bmv2] [T] [thread 25577] [19.0] [cxt 0] Bytes parsed: 14
[11:12:27.431] [bmv2] [D] [thread 25577] [19.0] [cxt 0] Parser 'parser' entering state 'parse_ipv4'
[11:12:27.431] [bmv2] [D] [thread 25577] [19.0] [cxt 0] Extracting header 'ipv4'
[11:12:27.431] [bmv2] [D] [thread 25577] [19.0] [cxt 0] Parser state 'parse_ipv4' has no switch, going to default next state
[11:12:27.431] [bmv2] [T] [thread 25577] [19.0] [cxt 0] Bytes parsed: 34
[11:12:27.432] [bmv2] [D] [thread 25577] [19.0] [cxt 0] Parser 'parser': end
[11:12:27.432] [bmv2] [D] [thread 25577] [19.0] [cxt 0] Pipeline 'ingress': start
[11:12:27.432] [bmv2] [T] [thread 25577] [19.0] [cxt 0] routing.p4(114) Condition "hdr.ipv4.isValid()" (node_2) is true
[11:12:27.433] [bmv2] [T] [thread 25577] [19.0] [cxt 0] Applying table 'MyIngress.ipv4_lpm'
[11:12:27.433] [bmv2] [D] [thread 25577] [19.0] [cxt 0] Looking up key:
* hdr.ipv4.dstAddr    : 0a000101

[11:12:27.434] [bmv2] [D] [thread 25577] [19.0] [cxt 0] Table 'MyIngress.ipv4_lpm': hit with handle 0
[11:12:27.434] [bmv2] [D] [thread 25577] [19.0] [cxt 0] Dumping entry 0
Match key:
* hdr.ipv4.dstAddr    : LPM       0a000101/32
Action entry: MyIngress.ipv4_forward - 80000000100,2,

[11:12:27.435] [bmv2] [D] [thread 25577] [19.0] [cxt 0] Action entry is MyIngress.ipv4_forward - 80000000100,2,
[11:12:27.435] [bmv2] [T] [thread 25577] [19.0] [cxt 0] Action MyIngress.ipv4_forward
[11:12:27.436] [bmv2] [T] [thread 25577] [19.0] [cxt 0] routing.p4(94) Primitive standard_metadata.egress_spec = port
[11:12:27.436] [bmv2] [T] [thread 25577] [19.0] [cxt 0] routing.p4(95) Primitive hdr.ethernet.srcAddr = hdr.ethernet.dstAddr
[11:12:27.436] [bmv2] [T] [thread 25577] [19.0] [cxt 0] routing.p4(96) Primitive hdr.ethernet.dstAddr = dstAddr
[11:12:27.436] [bmv2] [T] [thread 25577] [19.0] [cxt 0] routing.p4(97) Primitive hdr.ipv4.ttl = hdr.ipv4.ttl - 1
[11:12:27.436] [bmv2] [D] [thread 25577] [19.0] [cxt 0] Pipeline 'ingress': end
[11:12:27.436] [bmv2] [D] [thread 25577] [19.0] [cxt 0] Egress port is 2
[11:12:27.437] [bmv2] [D] [thread 25580] [19.0] [cxt 0] Pipeline 'egress': start
[11:12:27.437] [bmv2] [D] [thread 25580] [19.0] [cxt 0] Pipeline 'egress': end
[11:12:27.437] [bmv2] [D] [thread 25580] [19.0] [cxt 0] Deparser 'deparser': start
[11:12:27.437] [bmv2] [D] [thread 25580] [19.0] [cxt 0] Updating checksum 'cksum'
[11:12:27.437] [bmv2] [D] [thread 25580] [19.0] [cxt 0] Deparsing header 'ethernet'
[11:12:27.437] [bmv2] [D] [thread 25580] [19.0] [cxt 0] Deparsing header 'ipv4'
[11:12:27.437] [bmv2] [D] [thread 25580] [19.0] [cxt 0] Deparser 'deparser': end
[11:12:27.437] [bmv2] [D] [thread 25582] [19.0] [cxt 0] Transmitting packet of size 98 out of port 2
[11:12:27.498] [bmv2] [D] [thread 25577] [20.0] [cxt 0] Processing packet received on port 3
[11:12:27.498] [bmv2] [D] [thread 25577] [20.0] [cxt 0] Parser 'parser': start
[11:12:27.498] [bmv2] [D] [thread 25577] [20.0] [cxt 0] Parser 'parser' entering state 'start'
[11:12:27.498] [bmv2] [D] [thread 25577] [20.0] [cxt 0] Extracting header 'ethernet'
[11:12:27.498] [bmv2] [D] [thread 25577] [20.0] [cxt 0] Parser state 'start': key is 0800
[11:12:27.500] [bmv2] [T] [thread 25577] [20.0] [cxt 0] Bytes parsed: 14
[11:12:27.501] [bmv2] [D] [thread 25577] [20.0] [cxt 0] Parser 'parser' entering state 'parse_ipv4'
[11:12:27.502] [bmv2] [D] [thread 25577] [20.0] [cxt 0] Extracting header 'ipv4'
[11:12:27.502] [bmv2] [D] [thread 25577] [20.0] [cxt 0] Parser state 'parse_ipv4' has no switch, going to default next state
[11:12:27.503] [bmv2] [T] [thread 25577] [20.0] [cxt 0] Bytes parsed: 34
[11:12:27.504] [bmv2] [D] [thread 25577] [20.0] [cxt 0] Parser 'parser': end
[11:12:27.505] [bmv2] [D] [thread 25577] [20.0] [cxt 0] Pipeline 'ingress': start
[11:12:27.505] [bmv2] [T] [thread 25577] [20.0] [cxt 0] routing.p4(114) Condition "hdr.ipv4.isValid()" (node_2) is true
[11:12:27.505] [bmv2] [T] [thread 25577] [20.0] [cxt 0] Applying table 'MyIngress.ipv4_lpm'
[11:12:27.505] [bmv2] [D] [thread 25577] [20.0] [cxt 0] Looking up key:
* hdr.ipv4.dstAddr    : 0a000303

[11:12:27.505] [bmv2] [D] [thread 25577] [20.0] [cxt 0] Table 'MyIngress.ipv4_lpm': hit with handle 2
[11:12:27.505] [bmv2] [D] [thread 25577] [20.0] [cxt 0] Dumping entry 2
Match key:
* hdr.ipv4.dstAddr    : LPM       0a000303/32
Action entry: MyIngress.ipv4_forward - 80000000333,1,

[11:12:27.505] [bmv2] [D] [thread 25577] [20.0] [cxt 0] Action entry is MyIngress.ipv4_forward - 80000000333,1,
[11:12:27.505] [bmv2] [T] [thread 25577] [20.0] [cxt 0] Action MyIngress.ipv4_forward
[11:12:27.505] [bmv2] [T] [thread 25577] [20.0] [cxt 0] routing.p4(94) Primitive standard_metadata.egress_spec = port
[11:12:27.505] [bmv2] [T] [thread 25577] [20.0] [cxt 0] routing.p4(95) Primitive hdr.ethernet.srcAddr = hdr.ethernet.dstAddr
[11:12:27.505] [bmv2] [T] [thread 25577] [20.0] [cxt 0] routing.p4(96) Primitive hdr.ethernet.dstAddr = dstAddr
[11:12:27.505] [bmv2] [T] [thread 25577] [20.0] [cxt 0] routing.p4(97) Primitive hdr.ipv4.ttl = hdr.ipv4.ttl - 1
[11:12:27.506] [bmv2] [D] [thread 25577] [20.0] [cxt 0] Pipeline 'ingress': end
[11:12:27.506] [bmv2] [D] [thread 25577] [20.0] [cxt 0] Egress port is 1
[11:12:27.506] [bmv2] [D] [thread 25579] [20.0] [cxt 0] Pipeline 'egress': start
[11:12:27.506] [bmv2] [D] [thread 25579] [20.0] [cxt 0] Pipeline 'egress': end
[11:12:27.506] [bmv2] [D] [thread 25579] [20.0] [cxt 0] Deparser 'deparser': start
[11:12:27.506] [bmv2] [D] [thread 25579] [20.0] [cxt 0] Updating checksum 'cksum'
[11:12:27.507] [bmv2] [D] [thread 25579] [20.0] [cxt 0] Deparsing header 'ethernet'
[11:12:27.508] [bmv2] [D] [thread 25579] [20.0] [cxt 0] Deparsing header 'ipv4'
[11:12:27.508] [bmv2] [D] [thread 25579] [20.0] [cxt 0] Deparser 'deparser': end
[11:12:27.509] [bmv2] [D] [thread 25582] [20.0] [cxt 0] Transmitting packet of size 98 out of port 1
[11:12:27.509] [bmv2] [D] [thread 25577] [21.0] [cxt 0] Processing packet received on port 1
[11:12:27.510] [bmv2] [D] [thread 25577] [21.0] [cxt 0] Parser 'parser': start
[11:12:27.510] [bmv2] [D] [thread 25577] [21.0] [cxt 0] Parser 'parser' entering state 'start'
[11:12:27.510] [bmv2] [D] [thread 25577] [21.0] [cxt 0] Extracting header 'ethernet'
[11:12:27.510] [bmv2] [D] [thread 25577] [21.0] [cxt 0] Parser state 'start': key is 0800
[11:12:27.510] [bmv2] [T] [thread 25577] [21.0] [cxt 0] Bytes parsed: 14
[11:12:27.510] [bmv2] [D] [thread 25577] [21.0] [cxt 0] Parser 'parser' entering state 'parse_ipv4'
[11:12:27.510] [bmv2] [D] [thread 25577] [21.0] [cxt 0] Extracting header 'ipv4'
[11:12:27.510] [bmv2] [D] [thread 25577] [21.0] [cxt 0] Parser state 'parse_ipv4' has no switch, going to default next state
[11:12:27.510] [bmv2] [T] [thread 25577] [21.0] [cxt 0] Bytes parsed: 34
[11:12:27.510] [bmv2] [D] [thread 25577] [21.0] [cxt 0] Parser 'parser': end
[11:12:27.510] [bmv2] [D] [thread 25577] [21.0] [cxt 0] Pipeline 'ingress': start
[11:12:27.510] [bmv2] [T] [thread 25577] [21.0] [cxt 0] routing.p4(114) Condition "hdr.ipv4.isValid()" (node_2) is true
[11:12:27.510] [bmv2] [T] [thread 25577] [21.0] [cxt 0] Applying table 'MyIngress.ipv4_lpm'
[11:12:27.511] [bmv2] [D] [thread 25577] [21.0] [cxt 0] Looking up key:
* hdr.ipv4.dstAddr    : 0a000202

[11:12:27.511] [bmv2] [D] [thread 25577] [21.0] [cxt 0] Table 'MyIngress.ipv4_lpm': hit with handle 1
[11:12:27.511] [bmv2] [D] [thread 25577] [21.0] [cxt 0] Dumping entry 1
Match key:
* hdr.ipv4.dstAddr    : LPM       0a000202/32
Action entry: MyIngress.ipv4_forward - 80000000200,3,

[11:12:27.511] [bmv2] [D] [thread 25577] [21.0] [cxt 0] Action entry is MyIngress.ipv4_forward - 80000000200,3,
[11:12:27.511] [bmv2] [T] [thread 25577] [21.0] [cxt 0] Action MyIngress.ipv4_forward
[11:12:27.511] [bmv2] [T] [thread 25577] [21.0] [cxt 0] routing.p4(94) Primitive standard_metadata.egress_spec = port
[11:12:27.511] [bmv2] [T] [thread 25577] [21.0] [cxt 0] routing.p4(95) Primitive hdr.ethernet.srcAddr = hdr.ethernet.dstAddr
[11:12:27.511] [bmv2] [T] [thread 25577] [21.0] [cxt 0] routing.p4(96) Primitive hdr.ethernet.dstAddr = dstAddr
[11:12:27.511] [bmv2] [T] [thread 25577] [21.0] [cxt 0] routing.p4(97) Primitive hdr.ipv4.ttl = hdr.ipv4.ttl - 1
[11:12:27.511] [bmv2] [D] [thread 25577] [21.0] [cxt 0] Pipeline 'ingress': end
[11:12:27.511] [bmv2] [D] [thread 25577] [21.0] [cxt 0] Egress port is 3
[11:12:27.511] [bmv2] [D] [thread 25581] [21.0] [cxt 0] Pipeline 'egress': start
[11:12:27.511] [bmv2] [D] [thread 25581] [21.0] [cxt 0] Pipeline 'egress': end
[11:12:27.511] [bmv2] [D] [thread 25581] [21.0] [cxt 0] Deparser 'deparser': start
[11:12:27.511] [bmv2] [D] [thread 25581] [21.0] [cxt 0] Updating checksum 'cksum'
[11:12:27.511] [bmv2] [D] [thread 25581] [21.0] [cxt 0] Deparsing header 'ethernet'
[11:12:27.511] [bmv2] [D] [thread 25581] [21.0] [cxt 0] Deparsing header 'ipv4'
[11:12:27.511] [bmv2] [D] [thread 25581] [21.0] [cxt 0] Deparser 'deparser': end
[11:12:27.511] [bmv2] [D] [thread 25582] [21.0] [cxt 0] Transmitting packet of size 98 out of port 3
[11:12:27.524] [bmv2] [D] [thread 25577] [22.0] [cxt 0] Processing packet received on port 1
[11:12:27.524] [bmv2] [D] [thread 25577] [22.0] [cxt 0] Parser 'parser': start
[11:12:27.524] [bmv2] [D] [thread 25577] [22.0] [cxt 0] Parser 'parser' entering state 'start'
[11:12:27.524] [bmv2] [D] [thread 25577] [22.0] [cxt 0] Extracting header 'ethernet'
[11:12:27.524] [bmv2] [D] [thread 25577] [22.0] [cxt 0] Parser state 'start': key is 0800
[11:12:27.524] [bmv2] [T] [thread 25577] [22.0] [cxt 0] Bytes parsed: 14
[11:12:27.524] [bmv2] [D] [thread 25577] [22.0] [cxt 0] Parser 'parser' entering state 'parse_ipv4'
[11:12:27.524] [bmv2] [D] [thread 25577] [22.0] [cxt 0] Extracting header 'ipv4'
[11:12:27.524] [bmv2] [D] [thread 25577] [22.0] [cxt 0] Parser state 'parse_ipv4' has no switch, going to default next state
[11:12:27.524] [bmv2] [T] [thread 25577] [22.0] [cxt 0] Bytes parsed: 34
[11:12:27.524] [bmv2] [D] [thread 25577] [22.0] [cxt 0] Parser 'parser': end
[11:12:27.524] [bmv2] [D] [thread 25577] [22.0] [cxt 0] Pipeline 'ingress': start
[11:12:27.524] [bmv2] [T] [thread 25577] [22.0] [cxt 0] routing.p4(114) Condition "hdr.ipv4.isValid()" (node_2) is true
[11:12:27.524] [bmv2] [T] [thread 25577] [22.0] [cxt 0] Applying table 'MyIngress.ipv4_lpm'
[11:12:27.524] [bmv2] [D] [thread 25577] [22.0] [cxt 0] Looking up key:
* hdr.ipv4.dstAddr    : 0a000101

[11:12:27.524] [bmv2] [D] [thread 25577] [22.0] [cxt 0] Table 'MyIngress.ipv4_lpm': hit with handle 0
[11:12:27.524] [bmv2] [D] [thread 25577] [22.0] [cxt 0] Dumping entry 0
Match key:
* hdr.ipv4.dstAddr    : LPM       0a000101/32
Action entry: MyIngress.ipv4_forward - 80000000100,2,

[11:12:27.524] [bmv2] [D] [thread 25577] [22.0] [cxt 0] Action entry is MyIngress.ipv4_forward - 80000000100,2,
[11:12:27.524] [bmv2] [T] [thread 25577] [22.0] [cxt 0] Action MyIngress.ipv4_forward
[11:12:27.524] [bmv2] [T] [thread 25577] [22.0] [cxt 0] routing.p4(94) Primitive standard_metadata.egress_spec = port
[11:12:27.524] [bmv2] [T] [thread 25577] [22.0] [cxt 0] routing.p4(95) Primitive hdr.ethernet.srcAddr = hdr.ethernet.dstAddr
[11:12:27.525] [bmv2] [T] [thread 25577] [22.0] [cxt 0] routing.p4(96) Primitive hdr.ethernet.dstAddr = dstAddr
[11:12:27.525] [bmv2] [T] [thread 25577] [22.0] [cxt 0] routing.p4(97) Primitive hdr.ipv4.ttl = hdr.ipv4.ttl - 1
[11:12:27.525] [bmv2] [D] [thread 25577] [22.0] [cxt 0] Pipeline 'ingress': end
[11:12:27.525] [bmv2] [D] [thread 25577] [22.0] [cxt 0] Egress port is 2
[11:12:27.525] [bmv2] [D] [thread 25580] [22.0] [cxt 0] Pipeline 'egress': start
[11:12:27.525] [bmv2] [D] [thread 25580] [22.0] [cxt 0] Pipeline 'egress': end
[11:12:27.525] [bmv2] [D] [thread 25580] [22.0] [cxt 0] Deparser 'deparser': start
[11:12:27.525] [bmv2] [D] [thread 25580] [22.0] [cxt 0] Updating checksum 'cksum'
[11:12:27.525] [bmv2] [D] [thread 25580] [22.0] [cxt 0] Deparsing header 'ethernet'
[11:12:27.525] [bmv2] [D] [thread 25580] [22.0] [cxt 0] Deparsing header 'ipv4'
[11:12:27.525] [bmv2] [D] [thread 25580] [22.0] [cxt 0] Deparser 'deparser': end
[11:12:27.525] [bmv2] [D] [thread 25582] [22.0] [cxt 0] Transmitting packet of size 98 out of port 2
[11:12:27.528] [bmv2] [D] [thread 25577] [23.0] [cxt 0] Processing packet received on port 2
[11:12:27.528] [bmv2] [D] [thread 25577] [23.0] [cxt 0] Parser 'parser': start
[11:12:27.528] [bmv2] [D] [thread 25577] [23.0] [cxt 0] Parser 'parser' entering state 'start'
[11:12:27.528] [bmv2] [D] [thread 25577] [23.0] [cxt 0] Extracting header 'ethernet'
[11:12:27.529] [bmv2] [D] [thread 25577] [23.0] [cxt 0] Parser state 'start': key is 0800
[11:12:27.529] [bmv2] [T] [thread 25577] [23.0] [cxt 0] Bytes parsed: 14
[11:12:27.529] [bmv2] [D] [thread 25577] [23.0] [cxt 0] Parser 'parser' entering state 'parse_ipv4'
[11:12:27.529] [bmv2] [D] [thread 25577] [23.0] [cxt 0] Extracting header 'ipv4'
[11:12:27.529] [bmv2] [D] [thread 25577] [23.0] [cxt 0] Parser state 'parse_ipv4' has no switch, going to default next state
[11:12:27.529] [bmv2] [T] [thread 25577] [23.0] [cxt 0] Bytes parsed: 34
[11:12:27.529] [bmv2] [D] [thread 25577] [23.0] [cxt 0] Parser 'parser': end
[11:12:27.529] [bmv2] [D] [thread 25577] [23.0] [cxt 0] Pipeline 'ingress': start
[11:12:27.529] [bmv2] [T] [thread 25577] [23.0] [cxt 0] routing.p4(114) Condition "hdr.ipv4.isValid()" (node_2) is true
[11:12:27.529] [bmv2] [T] [thread 25577] [23.0] [cxt 0] Applying table 'MyIngress.ipv4_lpm'
[11:12:27.529] [bmv2] [D] [thread 25577] [23.0] [cxt 0] Looking up key:
* hdr.ipv4.dstAddr    : 0a000303

[11:12:27.529] [bmv2] [D] [thread 25577] [23.0] [cxt 0] Table 'MyIngress.ipv4_lpm': hit with handle 2
[11:12:27.529] [bmv2] [D] [thread 25577] [23.0] [cxt 0] Dumping entry 2
Match key:
* hdr.ipv4.dstAddr    : LPM       0a000303/32
Action entry: MyIngress.ipv4_forward - 80000000333,1,

[11:12:27.529] [bmv2] [D] [thread 25577] [23.0] [cxt 0] Action entry is MyIngress.ipv4_forward - 80000000333,1,
[11:12:27.529] [bmv2] [T] [thread 25577] [23.0] [cxt 0] Action MyIngress.ipv4_forward
[11:12:27.529] [bmv2] [T] [thread 25577] [23.0] [cxt 0] routing.p4(94) Primitive standard_metadata.egress_spec = port
[11:12:27.529] [bmv2] [T] [thread 25577] [23.0] [cxt 0] routing.p4(95) Primitive hdr.ethernet.srcAddr = hdr.ethernet.dstAddr
[11:12:27.529] [bmv2] [T] [thread 25577] [23.0] [cxt 0] routing.p4(96) Primitive hdr.ethernet.dstAddr = dstAddr
[11:12:27.529] [bmv2] [T] [thread 25577] [23.0] [cxt 0] routing.p4(97) Primitive hdr.ipv4.ttl = hdr.ipv4.ttl - 1
[11:12:27.529] [bmv2] [D] [thread 25577] [23.0] [cxt 0] Pipeline 'ingress': end
[11:12:27.529] [bmv2] [D] [thread 25577] [23.0] [cxt 0] Egress port is 1
[11:12:27.529] [bmv2] [D] [thread 25579] [23.0] [cxt 0] Pipeline 'egress': start
[11:12:27.529] [bmv2] [D] [thread 25579] [23.0] [cxt 0] Pipeline 'egress': end
[11:12:27.529] [bmv2] [D] [thread 25579] [23.0] [cxt 0] Deparser 'deparser': start
[11:12:27.529] [bmv2] [D] [thread 25579] [23.0] [cxt 0] Updating checksum 'cksum'
[11:12:27.530] [bmv2] [D] [thread 25579] [23.0] [cxt 0] Deparsing header 'ethernet'
[11:12:27.530] [bmv2] [D] [thread 25579] [23.0] [cxt 0] Deparsing header 'ipv4'
[11:12:27.530] [bmv2] [D] [thread 25579] [23.0] [cxt 0] Deparser 'deparser': end
[11:12:27.530] [bmv2] [D] [thread 25582] [23.0] [cxt 0] Transmitting packet of size 98 out of port 1
[11:12:27.535] [bmv2] [D] [thread 25577] [24.0] [cxt 0] Processing packet received on port 1
[11:12:27.536] [bmv2] [D] [thread 25577] [24.0] [cxt 0] Parser 'parser': start
[11:12:27.536] [bmv2] [D] [thread 25577] [24.0] [cxt 0] Parser 'parser' entering state 'start'
[11:12:27.537] [bmv2] [D] [thread 25577] [24.0] [cxt 0] Extracting header 'ethernet'
[11:12:27.537] [bmv2] [D] [thread 25577] [24.0] [cxt 0] Parser state 'start': key is 0800
[11:12:27.537] [bmv2] [T] [thread 25577] [24.0] [cxt 0] Bytes parsed: 14
[11:12:27.537] [bmv2] [D] [thread 25577] [24.0] [cxt 0] Parser 'parser' entering state 'parse_ipv4'
[11:12:27.537] [bmv2] [D] [thread 25577] [24.0] [cxt 0] Extracting header 'ipv4'
[11:12:27.537] [bmv2] [D] [thread 25577] [24.0] [cxt 0] Parser state 'parse_ipv4' has no switch, going to default next state
[11:12:27.541] [bmv2] [T] [thread 25577] [24.0] [cxt 0] Bytes parsed: 34
[11:12:27.542] [bmv2] [D] [thread 25577] [24.0] [cxt 0] Parser 'parser': end
[11:12:27.542] [bmv2] [D] [thread 25577] [24.0] [cxt 0] Pipeline 'ingress': start
[11:12:27.542] [bmv2] [T] [thread 25577] [24.0] [cxt 0] routing.p4(114) Condition "hdr.ipv4.isValid()" (node_2) is true
[11:12:27.542] [bmv2] [T] [thread 25577] [24.0] [cxt 0] Applying table 'MyIngress.ipv4_lpm'
[11:12:27.542] [bmv2] [D] [thread 25577] [24.0] [cxt 0] Looking up key:
* hdr.ipv4.dstAddr    : 0a000202

[11:12:27.542] [bmv2] [D] [thread 25577] [24.0] [cxt 0] Table 'MyIngress.ipv4_lpm': hit with handle 1
[11:12:27.542] [bmv2] [D] [thread 25577] [24.0] [cxt 0] Dumping entry 1
Match key:
* hdr.ipv4.dstAddr    : LPM       0a000202/32
Action entry: MyIngress.ipv4_forward - 80000000200,3,

[11:12:27.542] [bmv2] [D] [thread 25577] [24.0] [cxt 0] Action entry is MyIngress.ipv4_forward - 80000000200,3,
[11:12:27.542] [bmv2] [T] [thread 25577] [24.0] [cxt 0] Action MyIngress.ipv4_forward
[11:12:27.542] [bmv2] [T] [thread 25577] [24.0] [cxt 0] routing.p4(94) Primitive standard_metadata.egress_spec = port
[11:12:27.542] [bmv2] [T] [thread 25577] [24.0] [cxt 0] routing.p4(95) Primitive hdr.ethernet.srcAddr = hdr.ethernet.dstAddr
[11:12:27.542] [bmv2] [T] [thread 25577] [24.0] [cxt 0] routing.p4(96) Primitive hdr.ethernet.dstAddr = dstAddr
[11:12:27.542] [bmv2] [T] [thread 25577] [24.0] [cxt 0] routing.p4(97) Primitive hdr.ipv4.ttl = hdr.ipv4.ttl - 1
[11:12:27.542] [bmv2] [D] [thread 25577] [24.0] [cxt 0] Pipeline 'ingress': end
[11:12:27.542] [bmv2] [D] [thread 25577] [24.0] [cxt 0] Egress port is 3
[11:12:27.542] [bmv2] [D] [thread 25581] [24.0] [cxt 0] Pipeline 'egress': start
[11:12:27.542] [bmv2] [D] [thread 25581] [24.0] [cxt 0] Pipeline 'egress': end
[11:12:27.542] [bmv2] [D] [thread 25581] [24.0] [cxt 0] Deparser 'deparser': start
[11:12:27.542] [bmv2] [D] [thread 25581] [24.0] [cxt 0] Updating checksum 'cksum'
[11:12:27.542] [bmv2] [D] [thread 25581] [24.0] [cxt 0] Deparsing header 'ethernet'
[11:12:27.542] [bmv2] [D] [thread 25581] [24.0] [cxt 0] Deparsing header 'ipv4'
[11:12:27.542] [bmv2] [D] [thread 25581] [24.0] [cxt 0] Deparser 'deparser': end
[11:12:27.543] [bmv2] [D] [thread 25582] [24.0] [cxt 0] Transmitting packet of size 98 out of port 3
[11:12:27.573] [bmv2] [D] [thread 25577] [25.0] [cxt 0] Processing packet received on port 3
[11:12:27.574] [bmv2] [D] [thread 25577] [25.0] [cxt 0] Parser 'parser': start
[11:12:27.575] [bmv2] [D] [thread 25577] [25.0] [cxt 0] Parser 'parser' entering state 'start'
[11:12:27.576] [bmv2] [D] [thread 25577] [25.0] [cxt 0] Extracting header 'ethernet'
[11:12:27.576] [bmv2] [D] [thread 25577] [25.0] [cxt 0] Parser state 'start': key is 0800
[11:12:27.576] [bmv2] [T] [thread 25577] [25.0] [cxt 0] Bytes parsed: 14
[11:12:27.576] [bmv2] [D] [thread 25577] [25.0] [cxt 0] Parser 'parser' entering state 'parse_ipv4'
[11:12:27.576] [bmv2] [D] [thread 25577] [25.0] [cxt 0] Extracting header 'ipv4'
[11:12:27.576] [bmv2] [D] [thread 25577] [25.0] [cxt 0] Parser state 'parse_ipv4' has no switch, going to default next state
[11:12:27.577] [bmv2] [T] [thread 25577] [25.0] [cxt 0] Bytes parsed: 34
[11:12:27.577] [bmv2] [D] [thread 25577] [25.0] [cxt 0] Parser 'parser': end
[11:12:27.577] [bmv2] [D] [thread 25577] [25.0] [cxt 0] Pipeline 'ingress': start
[11:12:27.577] [bmv2] [T] [thread 25577] [25.0] [cxt 0] routing.p4(114) Condition "hdr.ipv4.isValid()" (node_2) is true
[11:12:27.577] [bmv2] [T] [thread 25577] [25.0] [cxt 0] Applying table 'MyIngress.ipv4_lpm'
[11:12:27.577] [bmv2] [D] [thread 25577] [25.0] [cxt 0] Looking up key:
* hdr.ipv4.dstAddr    : 0a000303

[11:12:27.577] [bmv2] [D] [thread 25577] [25.0] [cxt 0] Table 'MyIngress.ipv4_lpm': hit with handle 2
[11:12:27.577] [bmv2] [D] [thread 25577] [25.0] [cxt 0] Dumping entry 2
Match key:
* hdr.ipv4.dstAddr    : LPM       0a000303/32
Action entry: MyIngress.ipv4_forward - 80000000333,1,

[11:12:27.577] [bmv2] [D] [thread 25577] [25.0] [cxt 0] Action entry is MyIngress.ipv4_forward - 80000000333,1,
[11:12:27.577] [bmv2] [T] [thread 25577] [25.0] [cxt 0] Action MyIngress.ipv4_forward
[11:12:27.577] [bmv2] [T] [thread 25577] [25.0] [cxt 0] routing.p4(94) Primitive standard_metadata.egress_spec = port
[11:12:27.577] [bmv2] [T] [thread 25577] [25.0] [cxt 0] routing.p4(95) Primitive hdr.ethernet.srcAddr = hdr.ethernet.dstAddr
[11:12:27.577] [bmv2] [T] [thread 25577] [25.0] [cxt 0] routing.p4(96) Primitive hdr.ethernet.dstAddr = dstAddr
[11:12:27.577] [bmv2] [T] [thread 25577] [25.0] [cxt 0] routing.p4(97) Primitive hdr.ipv4.ttl = hdr.ipv4.ttl - 1
[11:12:27.577] [bmv2] [D] [thread 25577] [25.0] [cxt 0] Pipeline 'ingress': end
[11:12:27.578] [bmv2] [D] [thread 25577] [25.0] [cxt 0] Egress port is 1
[11:12:27.578] [bmv2] [D] [thread 25579] [25.0] [cxt 0] Pipeline 'egress': start
[11:12:27.578] [bmv2] [D] [thread 25579] [25.0] [cxt 0] Pipeline 'egress': end
[11:12:27.578] [bmv2] [D] [thread 25579] [25.0] [cxt 0] Deparser 'deparser': start
[11:12:27.578] [bmv2] [D] [thread 25579] [25.0] [cxt 0] Updating checksum 'cksum'
[11:12:27.578] [bmv2] [D] [thread 25579] [25.0] [cxt 0] Deparsing header 'ethernet'
[11:12:27.578] [bmv2] [D] [thread 25579] [25.0] [cxt 0] Deparsing header 'ipv4'
[11:12:27.578] [bmv2] [D] [thread 25579] [25.0] [cxt 0] Deparser 'deparser': end
[11:12:27.578] [bmv2] [D] [thread 25582] [25.0] [cxt 0] Transmitting packet of size 98 out of port 1
[11:12:29.454] [bmv2] [D] [thread 25577] [26.0] [cxt 0] Processing packet received on port 2
[11:12:29.455] [bmv2] [D] [thread 25577] [26.0] [cxt 0] Parser 'parser': start
[11:12:29.455] [bmv2] [D] [thread 25577] [26.0] [cxt 0] Parser 'parser' entering state 'start'
[11:12:29.456] [bmv2] [D] [thread 25577] [26.0] [cxt 0] Extracting header 'ethernet'
[11:12:29.456] [bmv2] [D] [thread 25577] [26.0] [cxt 0] Parser state 'start': key is 86dd
[11:12:29.457] [bmv2] [T] [thread 25577] [26.0] [cxt 0] Bytes parsed: 14
[11:12:29.457] [bmv2] [D] [thread 25577] [26.0] [cxt 0] Parser 'parser': end
[11:12:29.458] [bmv2] [D] [thread 25577] [26.0] [cxt 0] Pipeline 'ingress': start
[11:12:29.458] [bmv2] [T] [thread 25577] [26.0] [cxt 0] routing.p4(114) Condition "hdr.ipv4.isValid()" (node_2) is false
[11:12:29.459] [bmv2] [D] [thread 25577] [26.0] [cxt 0] Pipeline 'ingress': end
[11:12:29.459] [bmv2] [D] [thread 25577] [26.0] [cxt 0] Egress port is 0
[11:12:29.462] [bmv2] [D] [thread 25578] [26.0] [cxt 0] Pipeline 'egress': start
[11:12:29.462] [bmv2] [D] [thread 25578] [26.0] [cxt 0] Pipeline 'egress': end
[11:12:29.463] [bmv2] [D] [thread 25578] [26.0] [cxt 0] Deparser 'deparser': start
[11:12:29.463] [bmv2] [T] [thread 25578] [26.0] [cxt 0] Skipping checksum 'cksum' update because condition not met
[11:12:29.463] [bmv2] [D] [thread 25578] [26.0] [cxt 0] Deparsing header 'ethernet'
[11:12:29.464] [bmv2] [D] [thread 25578] [26.0] [cxt 0] Deparser 'deparser': end
[11:12:29.464] [bmv2] [D] [thread 25582] [26.0] [cxt 0] Transmitting packet of size 70 out of port 0
[11:12:29.987] [bmv2] [D] [thread 25577] [27.0] [cxt 0] Processing packet received on port 3
[11:12:29.988] [bmv2] [D] [thread 25577] [27.0] [cxt 0] Parser 'parser': start
[11:12:29.988] [bmv2] [D] [thread 25577] [27.0] [cxt 0] Parser 'parser' entering state 'start'
[11:12:29.988] [bmv2] [D] [thread 25577] [27.0] [cxt 0] Extracting header 'ethernet'
[11:12:29.988] [bmv2] [D] [thread 25577] [27.0] [cxt 0] Parser state 'start': key is 86dd
[11:12:29.989] [bmv2] [T] [thread 25577] [27.0] [cxt 0] Bytes parsed: 14
[11:12:29.989] [bmv2] [D] [thread 25577] [27.0] [cxt 0] Parser 'parser': end
[11:12:29.989] [bmv2] [D] [thread 25577] [27.0] [cxt 0] Pipeline 'ingress': start
[11:12:29.989] [bmv2] [T] [thread 25577] [27.0] [cxt 0] routing.p4(114) Condition "hdr.ipv4.isValid()" (node_2) is false
[11:12:29.989] [bmv2] [D] [thread 25577] [27.0] [cxt 0] Pipeline 'ingress': end
[11:12:29.989] [bmv2] [D] [thread 25577] [27.0] [cxt 0] Egress port is 0
[11:12:29.990] [bmv2] [D] [thread 25578] [27.0] [cxt 0] Pipeline 'egress': start
[11:12:29.990] [bmv2] [D] [thread 25578] [27.0] [cxt 0] Pipeline 'egress': end
[11:12:29.991] [bmv2] [D] [thread 25578] [27.0] [cxt 0] Deparser 'deparser': start
[11:12:29.991] [bmv2] [T] [thread 25578] [27.0] [cxt 0] Skipping checksum 'cksum' update because condition not met
[11:12:29.991] [bmv2] [D] [thread 25578] [27.0] [cxt 0] Deparsing header 'ethernet'
[11:12:29.991] [bmv2] [D] [thread 25578] [27.0] [cxt 0] Deparser 'deparser': end
[11:12:29.991] [bmv2] [D] [thread 25582] [27.0] [cxt 0] Transmitting packet of size 70 out of port 0
[11:12:30.046] [bmv2] [D] [thread 25577] [28.0] [cxt 0] Processing packet received on port 1
[11:12:30.047] [bmv2] [D] [thread 25577] [28.0] [cxt 0] Parser 'parser': start
[11:12:30.047] [bmv2] [D] [thread 25577] [28.0] [cxt 0] Parser 'parser' entering state 'start'
[11:12:30.048] [bmv2] [D] [thread 25577] [28.0] [cxt 0] Extracting header 'ethernet'
[11:12:30.050] [bmv2] [D] [thread 25577] [28.0] [cxt 0] Parser state 'start': key is 86dd
[11:12:30.051] [bmv2] [T] [thread 25577] [28.0] [cxt 0] Bytes parsed: 14
[11:12:30.051] [bmv2] [D] [thread 25577] [28.0] [cxt 0] Parser 'parser': end
[11:12:30.051] [bmv2] [D] [thread 25577] [28.0] [cxt 0] Pipeline 'ingress': start
[11:12:30.052] [bmv2] [T] [thread 25577] [28.0] [cxt 0] routing.p4(114) Condition "hdr.ipv4.isValid()" (node_2) is false
[11:12:30.053] [bmv2] [D] [thread 25577] [28.0] [cxt 0] Pipeline 'ingress': end
[11:12:30.054] [bmv2] [D] [thread 25577] [28.0] [cxt 0] Egress port is 0
[11:12:30.054] [bmv2] [D] [thread 25578] [28.0] [cxt 0] Pipeline 'egress': start
[11:12:30.055] [bmv2] [D] [thread 25578] [28.0] [cxt 0] Pipeline 'egress': end
[11:12:30.055] [bmv2] [D] [thread 25578] [28.0] [cxt 0] Deparser 'deparser': start
[11:12:30.056] [bmv2] [T] [thread 25578] [28.0] [cxt 0] Skipping checksum 'cksum' update because condition not met
[11:12:30.057] [bmv2] [D] [thread 25578] [28.0] [cxt 0] Deparsing header 'ethernet'
[11:12:30.058] [bmv2] [D] [thread 25578] [28.0] [cxt 0] Deparser 'deparser': end
[11:12:30.059] [bmv2] [D] [thread 25582] [28.0] [cxt 0] Transmitting packet of size 70 out of port 0
[11:12:30.078] [bmv2] [D] [thread 25577] [29.0] [cxt 0] Processing packet received on port 2
[11:12:30.079] [bmv2] [D] [thread 25577] [29.0] [cxt 0] Parser 'parser': start
[11:12:30.080] [bmv2] [D] [thread 25577] [29.0] [cxt 0] Parser 'parser' entering state 'start'
[11:12:30.081] [bmv2] [D] [thread 25577] [29.0] [cxt 0] Extracting header 'ethernet'
[11:12:30.084] [bmv2] [D] [thread 25577] [29.0] [cxt 0] Parser state 'start': key is 86dd
[11:12:30.085] [bmv2] [T] [thread 25577] [29.0] [cxt 0] Bytes parsed: 14
[11:12:30.087] [bmv2] [D] [thread 25577] [29.0] [cxt 0] Parser 'parser': end
[11:12:30.090] [bmv2] [D] [thread 25577] [29.0] [cxt 0] Pipeline 'ingress': start
[11:12:30.091] [bmv2] [T] [thread 25577] [29.0] [cxt 0] routing.p4(114) Condition "hdr.ipv4.isValid()" (node_2) is false
[11:12:30.092] [bmv2] [D] [thread 25577] [29.0] [cxt 0] Pipeline 'ingress': end
[11:12:30.092] [bmv2] [D] [thread 25577] [29.0] [cxt 0] Egress port is 0
[11:12:30.093] [bmv2] [D] [thread 25578] [29.0] [cxt 0] Pipeline 'egress': start
[11:12:30.094] [bmv2] [D] [thread 25578] [29.0] [cxt 0] Pipeline 'egress': end
[11:12:30.095] [bmv2] [D] [thread 25578] [29.0] [cxt 0] Deparser 'deparser': start
[11:12:30.096] [bmv2] [T] [thread 25578] [29.0] [cxt 0] Skipping checksum 'cksum' update because condition not met
[11:12:30.096] [bmv2] [D] [thread 25578] [29.0] [cxt 0] Deparsing header 'ethernet'
[11:12:30.097] [bmv2] [D] [thread 25578] [29.0] [cxt 0] Deparser 'deparser': end
[11:12:30.097] [bmv2] [D] [thread 25582] [29.0] [cxt 0] Transmitting packet of size 70 out of port 0
[11:12:30.222] [bmv2] [D] [thread 25577] [30.0] [cxt 0] Processing packet received on port 3
[11:12:30.223] [bmv2] [D] [thread 25577] [30.0] [cxt 0] Parser 'parser': start
[11:12:30.223] [bmv2] [D] [thread 25577] [30.0] [cxt 0] Parser 'parser' entering state 'start'
[11:12:30.223] [bmv2] [D] [thread 25577] [30.0] [cxt 0] Extracting header 'ethernet'
[11:12:30.224] [bmv2] [D] [thread 25577] [30.0] [cxt 0] Parser state 'start': key is 86dd
[11:12:30.224] [bmv2] [T] [thread 25577] [30.0] [cxt 0] Bytes parsed: 14
[11:12:30.225] [bmv2] [D] [thread 25577] [30.0] [cxt 0] Parser 'parser': end
[11:12:30.226] [bmv2] [D] [thread 25577] [30.0] [cxt 0] Pipeline 'ingress': start
[11:12:30.226] [bmv2] [T] [thread 25577] [30.0] [cxt 0] routing.p4(114) Condition "hdr.ipv4.isValid()" (node_2) is false
[11:12:30.227] [bmv2] [D] [thread 25577] [30.0] [cxt 0] Pipeline 'ingress': end
[11:12:30.227] [bmv2] [D] [thread 25577] [30.0] [cxt 0] Egress port is 0
[11:12:30.228] [bmv2] [D] [thread 25578] [30.0] [cxt 0] Pipeline 'egress': start
[11:12:30.229] [bmv2] [D] [thread 25578] [30.0] [cxt 0] Pipeline 'egress': end
[11:12:30.230] [bmv2] [D] [thread 25578] [30.0] [cxt 0] Deparser 'deparser': start
[11:12:30.231] [bmv2] [T] [thread 25578] [30.0] [cxt 0] Skipping checksum 'cksum' update because condition not met
[11:12:30.232] [bmv2] [D] [thread 25578] [30.0] [cxt 0] Deparsing header 'ethernet'
[11:12:30.232] [bmv2] [D] [thread 25578] [30.0] [cxt 0] Deparser 'deparser': end
[11:12:30.232] [bmv2] [D] [thread 25582] [30.0] [cxt 0] Transmitting packet of size 70 out of port 0
open: No such file or directory
open: No such file or directory
open: No such file or directory
open: No such file or directory
open: No such file or directory
